Using pre-set license
Built from '2021.3/staging' branch; Version is '2021.3.21f1 (1b156197d683) revision 1774945'; Using compiler version '192829333'; Build Type 'Release'
OS: 'Windows 11  (10.0.22621) 64bit Core' Language: 'en' Physical Memory: 16310 MB
BatchMode: 1, IsHumanControllingUs: 0, StartBugReporterOnCrash: 0, Is64bit: 1, IsPro: 1

COMMAND LINE ARGUMENTS:
C:\Program Files\Unity\Hub\Editor\2021.3.21f1\Editor\Unity.exe
-adb2
-batchMode
-noUpm
-name
AssetImportWorker0
-projectPath
D:/Underground_Hole_Clone/Underground_Hole
-logFile
Logs/AssetImportWorker0.log
-srvPort
63156
Successfully changed project path to: D:/Underground_Hole_Clone/Underground_Hole
D:/Underground_Hole_Clone/Underground_Hole
[UnityMemory] Configuration Parameters - Can be set up in boot.config
    "memorysetup-bucket-allocator-granularity=16"
    "memorysetup-bucket-allocator-bucket-count=8"
    "memorysetup-bucket-allocator-block-size=33554432"
    "memorysetup-bucket-allocator-block-count=8"
    "memorysetup-main-allocator-block-size=16777216"
    "memorysetup-thread-allocator-block-size=16777216"
    "memorysetup-gfx-main-allocator-block-size=16777216"
    "memorysetup-gfx-thread-allocator-block-size=16777216"
    "memorysetup-cache-allocator-block-size=4194304"
    "memorysetup-typetree-allocator-block-size=2097152"
    "memorysetup-profiler-bucket-allocator-granularity=16"
    "memorysetup-profiler-bucket-allocator-bucket-count=8"
    "memorysetup-profiler-bucket-allocator-block-size=33554432"
    "memorysetup-profiler-bucket-allocator-block-count=8"
    "memorysetup-profiler-allocator-block-size=16777216"
    "memorysetup-profiler-editor-allocator-block-size=1048576"
    "memorysetup-temp-allocator-size-main=16777216"
    "memorysetup-job-temp-allocator-block-size=2097152"
    "memorysetup-job-temp-allocator-block-size-background=1048576"
    "memorysetup-job-temp-allocator-reduction-small-platforms=262144"
    "memorysetup-temp-allocator-size-background-worker=32768"
    "memorysetup-temp-allocator-size-job-worker=262144"
    "memorysetup-temp-allocator-size-preload-manager=33554432"
    "memorysetup-temp-allocator-size-nav-mesh-worker=65536"
    "memorysetup-temp-allocator-size-audio-worker=65536"
    "memorysetup-temp-allocator-size-cloud-worker=32768"
    "memorysetup-temp-allocator-size-gi-baking-worker=262144"
    "memorysetup-temp-allocator-size-gfx=262144"
Player connection [3856] Host "[IP] 192.168.1.33 [Port] 0 [Flags] 2 [Guid] 117836980 [EditorId] 117836980 [Version] 1048832 [Id] WindowsEditor(7,DESKTOP-4CUQ9NB) [Debug] 1 [PackageName] WindowsEditor [ProjectName] Editor" joined multi-casting on [225.0.0.222:54997]...

Player connection [3856] Host "[IP] 192.168.1.33 [Port] 0 [Flags] 2 [Guid] 117836980 [EditorId] 117836980 [Version] 1048832 [Id] WindowsEditor(7,DESKTOP-4CUQ9NB) [Debug] 1 [PackageName] WindowsEditor [ProjectName] Editor" joined alternative multi-casting on [225.0.0.222:34997]...

Refreshing native plugins compatible for Editor in 61.84 ms, found 3 plugins.
Preloading 0 native plugins for Editor in 0.00 ms.
Initialize engine version: 2021.3.21f1 (1b156197d683)
[Subsystems] Discovering subsystems at path C:/Program Files/Unity/Hub/Editor/2021.3.21f1/Editor/Data/Resources/UnitySubsystems
[Subsystems] Discovering subsystems at path D:/Underground_Hole_Clone/Underground_Hole/Assets
GfxDevice: creating device client; threaded=0; jobified=0
Direct3D:
    Version:  Direct3D 11.0 [level 11.1]
    Renderer: NVIDIA GeForce RTX 3060 (ID=0x2504)
    Vendor:   NVIDIA
    VRAM:     12129 MB
    Driver:   31.0.15.4617
Initialize mono
Mono path[0] = 'C:/Program Files/Unity/Hub/Editor/2021.3.21f1/Editor/Data/Managed'
Mono path[1] = 'C:/Program Files/Unity/Hub/Editor/2021.3.21f1/Editor/Data/MonoBleedingEdge/lib/mono/unityjit-win32'
Mono config path = 'C:/Program Files/Unity/Hub/Editor/2021.3.21f1/Editor/Data/MonoBleedingEdge/etc'
Using monoOptions --debugger-agent=transport=dt_socket,embedding=1,server=y,suspend=n,address=127.0.0.1:56180
Begin MonoManager ReloadAssembly
Registering precompiled unity dll's ...
Register platform support module: C:/Program Files/Unity/Hub/Editor/2021.3.21f1/Editor/Data/PlaybackEngines/AndroidPlayer/UnityEditor.Android.Extensions.dll
Register platform support module: C:/Program Files/Unity/Hub/Editor/2021.3.21f1/Editor/Data/PlaybackEngines/iOSSupport/UnityEditor.iOS.Extensions.dll
Register platform support module: C:/Program Files/Unity/Hub/Editor/2021.3.21f1/Editor/Data/PlaybackEngines/WindowsStandaloneSupport/UnityEditor.WindowsStandalone.Extensions.dll
Register platform support module: C:/Program Files/Unity/Hub/Editor/2021.3.21f1/Editor/Data/PlaybackEngines/MetroSupport/UnityEditor.UWP.Extensions.dll
Registered in 0.008245 seconds.
Native extension for UWP target not found
Native extension for WindowsStandalone target not found
[usbmuxd] Start listen thread
[usbmuxd] Listen thread started
Native extension for iOS target not found
Native extension for Android target not found
Android Extension - Scanning For ADB Devices 224 ms
Refreshing native plugins compatible for Editor in 53.33 ms, found 3 plugins.
Preloading 0 native plugins for Editor in 0.00 ms.
Mono: successfully reloaded assembly
- Completed reload, in  0.766 seconds
Domain Reload Profiling:
	ReloadAssembly (766ms)
		BeginReloadAssembly (82ms)
			ExecutionOrderSort (0ms)
			DisableScriptedObjects (0ms)
			BackupInstance (0ms)
			ReleaseScriptingObjects (0ms)
			CreateAndSetChildDomain (1ms)
		EndReloadAssembly (596ms)
			LoadAssemblies (81ms)
			RebuildTransferFunctionScriptingTraits (0ms)
			SetupTypeCache (89ms)
			ReleaseScriptCaches (0ms)
			RebuildScriptCaches (23ms)
			SetupLoadedEditorAssemblies (441ms)
				LogAssemblyErrors (0ms)
				InitializePlatformSupportModulesInManaged (285ms)
				SetLoadedEditorAssemblies (0ms)
				RefreshPlugins (53ms)
				BeforeProcessingInitializeOnLoad (1ms)
				ProcessInitializeOnLoadAttributes (69ms)
				ProcessInitializeOnLoadMethodAttributes (33ms)
				AfterProcessingInitializeOnLoad (0ms)
				EditorAssembliesLoaded (0ms)
			ExecutionOrderSort2 (0ms)
			AwakeInstancesAfterBackupRestoration (0ms)
Platform modules already initialized, skipping
Registering precompiled user dll's ...
Registered in 0.004175 seconds.
Begin MonoManager ReloadAssembly
Symbol file LoadedFromMemory doesn't match image D:\Underground_Hole_Clone\Underground_Hole\Library\PackageCache\com.unity.visualscripting@1.8.0\Editor\VisualScripting.Core\Dependencies\YamlDotNet\Unity.VisualScripting.YamlDotNet.dll
Symbol file LoadedFromMemory doesn't match image D:\Underground_Hole_Clone\Underground_Hole\Library\PackageCache\com.unity.visualscripting@1.8.0\Editor\VisualScripting.Core\Dependencies\DotNetZip\Unity.VisualScripting.IonicZip.dll
Native extension for UWP target not found
Native extension for WindowsStandalone target not found
Native extension for iOS target not found
Native extension for Android target not found
Refreshing native plugins compatible for Editor in 0.44 ms, found 3 plugins.
Preloading 0 native plugins for Editor in 0.00 ms.
Mono: successfully reloaded assembly
- Completed reload, in  0.825 seconds
Domain Reload Profiling:
	ReloadAssembly (826ms)
		BeginReloadAssembly (97ms)
			ExecutionOrderSort (0ms)
			DisableScriptedObjects (5ms)
			BackupInstance (0ms)
			ReleaseScriptingObjects (0ms)
			CreateAndSetChildDomain (21ms)
		EndReloadAssembly (653ms)
			LoadAssemblies (70ms)
			RebuildTransferFunctionScriptingTraits (0ms)
			SetupTypeCache (226ms)
			ReleaseScriptCaches (0ms)
			RebuildScriptCaches (40ms)
			SetupLoadedEditorAssemblies (289ms)
				LogAssemblyErrors (0ms)
				InitializePlatformSupportModulesInManaged (24ms)
				SetLoadedEditorAssemblies (0ms)
				RefreshPlugins (0ms)
				BeforeProcessingInitializeOnLoad (62ms)
				ProcessInitializeOnLoadAttributes (176ms)
				ProcessInitializeOnLoadMethodAttributes (17ms)
				AfterProcessingInitializeOnLoad (9ms)
				EditorAssembliesLoaded (0ms)
			ExecutionOrderSort2 (0ms)
			AwakeInstancesAfterBackupRestoration (4ms)
Platform modules already initialized, skipping
========================================================================
Worker process is ready to serve import requests
Launched and connected shader compiler UnityShaderCompiler.exe after 0.05 seconds
Refreshing native plugins compatible for Editor in 0.40 ms, found 3 plugins.
Preloading 0 native plugins for Editor in 0.00 ms.
Unloading 3047 Unused Serialized files (Serialized files now loaded: 0)
Unloading 22 unused Assets / (56.1 KB). Loaded Objects now: 3511.
Memory consumption went from 107.4 MB to 107.3 MB.
Total: 2.583700 ms (FindLiveObjects: 0.225900 ms CreateObjectMapping: 0.132100 ms MarkObjects: 2.175400 ms  DeleteObjects: 0.049700 ms)

AssetImportParameters requested are different than current active one (requested -> active):
  custom:video-decoder-ogg-theora: a1e56fd34408186e4bbccfd4996cb3dc -> 
  custom:container-muxer-webm: aa71ff27fc2769a1b78a27578f13a17b -> 
  custom:container-demuxer-webm: 4f35f7cbe854078d1ac9338744f61a02 -> 
  custom:video-encoder-webm-vp8: eb34c28f22e8b96e1ab97ce403110664 -> 
  custom:audio-encoder-webm-vorbis: bf7c407c2cedff20999df2af8eb42d56 -> 
  custom:framework-win-MediaFoundation: 216162199b28c13a410421893ffa2e32 -> 
  custom:container-demuxer-ogg: 62fdf1f143b41e24485cea50d1cbac27 -> 
  custom:video-decoder-webm-vp8: 9c59270c3fd7afecdb556c50c9e8de78 -> 
  custom:audio-decoder-ogg-vorbis: bf7c407c2cedff20999df2af8eb42d56 -> 
========================================================================
Received Import Request.
  Time since last request: 37641.697777 seconds.
  path: Assets/Art
  artifactKey: Guid(e60a2b781d94c0a46922c5654c6106e9) Importer(815301076,1909f56bfc062723c751e8b465ee728b)
Start importing Assets/Art using Guid(e60a2b781d94c0a46922c5654c6106e9) Importer(815301076,1909f56bfc062723c751e8b465ee728b)  -> (artifact id: '395f7bc9fc5bbc10fc4ffbf52a387399') in 0.007236 seconds 
========================================================================
Received Import Request.
  Time since last request: 111.989925 seconds.
  path: Assets/Art/Models
  artifactKey: Guid(a301ccc8a12fcaa4fa0b097230195c77) Importer(815301076,1909f56bfc062723c751e8b465ee728b)
Start importing Assets/Art/Models using Guid(a301ccc8a12fcaa4fa0b097230195c77) Importer(815301076,1909f56bfc062723c751e8b465ee728b)  -> (artifact id: 'f6691343a79f43cca8752d6549ee52b0') in 0.002193 seconds 
========================================================================
Received Import Request.
  Time since last request: 86.003440 seconds.
  path: Assets/Art/Images
  artifactKey: Guid(afb6f9e84803d904fa3f0e62538a7358) Importer(815301076,1909f56bfc062723c751e8b465ee728b)
Start importing Assets/Art/Images using Guid(afb6f9e84803d904fa3f0e62538a7358) Importer(815301076,1909f56bfc062723c751e8b465ee728b)  -> (artifact id: '9b31e838152461660ac06092a74a9ba5') in 0.002439 seconds 
========================================================================
Received Import Request.
  Time since last request: 38.952037 seconds.
  path: Assets/Art/Models/Creative_Model
  artifactKey: Guid(620101eb683893b41992c257e9a9ca62) Importer(815301076,1909f56bfc062723c751e8b465ee728b)
Start importing Assets/Art/Models/Creative_Model using Guid(620101eb683893b41992c257e9a9ca62) Importer(815301076,1909f56bfc062723c751e8b465ee728b)  -> (artifact id: '334163520c874e7a0ee05792eadaa60c') in 0.002014 seconds 
========================================================================
Received Import Request.
  Time since last request: 11.016136 seconds.
  path: Assets/Art/Models/Creative_Model/donut.fbx
  artifactKey: Guid(5f337d93f13165541bb6013ac1be1bea) Importer(815301076,1909f56bfc062723c751e8b465ee728b)
Start importing Assets/Art/Models/Creative_Model/donut.fbx using Guid(5f337d93f13165541bb6013ac1be1bea) Importer(815301076,1909f56bfc062723c751e8b465ee728b)  -> (artifact id: 'f20e72f070053c91a7ab594e4aebcaa9') in 0.300236 seconds 
========================================================================
Received Import Request.
  Time since last request: 7.530763 seconds.
  path: Assets/Art/Models/Creative_Model/sekerler
  artifactKey: Guid(e2d37c6fb7d7ca6488b87c121dc7034b) Importer(815301076,1909f56bfc062723c751e8b465ee728b)
Start importing Assets/Art/Models/Creative_Model/sekerler using Guid(e2d37c6fb7d7ca6488b87c121dc7034b) Importer(815301076,1909f56bfc062723c751e8b465ee728b)  -> (artifact id: '620ca9849296b5255f8b09fc4b1a1008') in 0.002261 seconds 
========================================================================
Received Import Request.
  Time since last request: 0.054325 seconds.
  path: Assets/Art/Models/Creative_Model/sekerler/cikolata.fbx
  artifactKey: Guid(245f775e1b37101428fc615d4d7f4933) Importer(815301076,1909f56bfc062723c751e8b465ee728b)
Start importing Assets/Art/Models/Creative_Model/sekerler/cikolata.fbx using Guid(245f775e1b37101428fc615d4d7f4933) Importer(815301076,1909f56bfc062723c751e8b465ee728b)  -> (artifact id: 'b593d7da59c712492bf0a6ac2c283d43') in 0.037548 seconds 
========================================================================
Received Import Request.
  Time since last request: 0.000017 seconds.
  path: Assets/Art/Models/Creative_Model/sekerler/morseker.fbx
  artifactKey: Guid(4e1642b96ba9f4143b2cd15f87ebbd9e) Importer(815301076,1909f56bfc062723c751e8b465ee728b)
Start importing Assets/Art/Models/Creative_Model/sekerler/morseker.fbx using Guid(4e1642b96ba9f4143b2cd15f87ebbd9e) Importer(815301076,1909f56bfc062723c751e8b465ee728b)  -> (artifact id: '55c331795ce77ea52d1e2c584d88cc4a') in 0.018194 seconds 
========================================================================
Received Import Request.
  Time since last request: 0.000015 seconds.
  path: Assets/Art/Models/Creative_Model/sekerler/kirmiziseker1.fbx
  artifactKey: Guid(b64634886ade5484d9b2c511d354274d) Importer(815301076,1909f56bfc062723c751e8b465ee728b)
Start importing Assets/Art/Models/Creative_Model/sekerler/kirmiziseker1.fbx using Guid(b64634886ade5484d9b2c511d354274d) Importer(815301076,1909f56bfc062723c751e8b465ee728b)  -> (artifact id: 'b62ddcdac8f5cc55071b4b4db8522178') in 0.015658 seconds 
========================================================================
Received Import Request.
  Time since last request: 0.000016 seconds.
  path: Assets/Art/Models/Creative_Model/sekerler/sariseker.fbx
  artifactKey: Guid(d0fdb9a4126f9da4d800cf39accabcf4) Importer(815301076,1909f56bfc062723c751e8b465ee728b)
Start importing Assets/Art/Models/Creative_Model/sekerler/sariseker.fbx using Guid(d0fdb9a4126f9da4d800cf39accabcf4) Importer(815301076,1909f56bfc062723c751e8b465ee728b)  -> (artifact id: '8f4e8bf95915cb8197fbdf596bbfb107') in 0.013456 seconds 
========================================================================
Received Import Request.
  Time since last request: 0.000015 seconds.
  path: Assets/Art/Models/Creative_Model/sekerler/maviseker2.fbx
  artifactKey: Guid(9105edf0ac2e5444ab871f0ab2b26b51) Importer(815301076,1909f56bfc062723c751e8b465ee728b)
Start importing Assets/Art/Models/Creative_Model/sekerler/maviseker2.fbx using Guid(9105edf0ac2e5444ab871f0ab2b26b51) Importer(815301076,1909f56bfc062723c751e8b465ee728b)  -> (artifact id: 'fff66605f178c8c2411ea91d41a2e3e3') in 0.014668 seconds 
========================================================================
Received Import Request.
  Time since last request: 0.000019 seconds.
  path: Assets/Art/Models/Creative_Model/sekerler/maviseker.fbx
  artifactKey: Guid(ab4d11c3a4c941d48b32d2f2cc302630) Importer(815301076,1909f56bfc062723c751e8b465ee728b)
Start importing Assets/Art/Models/Creative_Model/sekerler/maviseker.fbx using Guid(ab4d11c3a4c941d48b32d2f2cc302630) Importer(815301076,1909f56bfc062723c751e8b465ee728b)  -> (artifact id: 'cb8f556d9d9fc222f5c0254efb733006') in 0.022031 seconds 
========================================================================
Received Import Request.
  Time since last request: 0.000020 seconds.
  path: Assets/Art/Models/Creative_Model/sekerler/turuncuseker.fbx
  artifactKey: Guid(b5d6628f08700d348845aa6610492741) Importer(815301076,1909f56bfc062723c751e8b465ee728b)
Start importing Assets/Art/Models/Creative_Model/sekerler/turuncuseker.fbx using Guid(b5d6628f08700d348845aa6610492741) Importer(815301076,1909f56bfc062723c751e8b465ee728b)  -> (artifact id: 'f4c3037f2892ec83b1e8ddcb2b33e224') in 0.017343 seconds 
========================================================================
Received Import Request.
  Time since last request: 0.000023 seconds.
  path: Assets/Art/Models/Creative_Model/sekerler/morbalik.fbx
  artifactKey: Guid(791a0d468b76983498b13fe5de81309d) Importer(815301076,1909f56bfc062723c751e8b465ee728b)
Start importing Assets/Art/Models/Creative_Model/sekerler/morbalik.fbx using Guid(791a0d468b76983498b13fe5de81309d) Importer(815301076,1909f56bfc062723c751e8b465ee728b)  -> (artifact id: 'bc2b947ec38e95cc0109daa6ba7ace0b') in 0.217615 seconds 
========================================================================
Received Import Request.
  Time since last request: 47.455091 seconds.
  path: Assets/Art/Models/Hole_Model/holeZemin2.fbx
  artifactKey: Guid(dc7f945123a18e74ca73af99acb12c70) Importer(815301076,1909f56bfc062723c751e8b465ee728b)
Start importing Assets/Art/Models/Hole_Model/holeZemin2.fbx using Guid(dc7f945123a18e74ca73af99acb12c70) Importer(815301076,1909f56bfc062723c751e8b465ee728b)  -> (artifact id: 'f0bb7f503a35f27ebfdcc355944baf52') in 0.038122 seconds 
Editor requested this worker to shutdown with reason: Scaling down because of idle timeout
AssetImportWorker is now disconnected from the server
Process exiting
Exiting without the bug reporter. Application will terminate with return code 0