Using pre-set license
Built from '2021.3/staging' branch; Version is '2021.3.21f1 (1b156197d683) revision 1774945'; Using compiler version '192829333'; Build Type 'Release'
OS: 'Windows 11  (10.0.22621) 64bit Core' Language: 'en' Physical Memory: 16310 MB
BatchMode: 1, IsHumanControllingUs: 0, StartBugReporterOnCrash: 0, Is64bit: 1, IsPro: 1

COMMAND LINE ARGUMENTS:
C:\Program Files\Unity\Hub\Editor\2021.3.21f1\Editor\Unity.exe
-adb2
-batchMode
-noUpm
-name
AssetImportWorker5
-projectPath
D:/Underground_Hole_Clone/Underground_Hole
-logFile
Logs/AssetImportWorker5.log
-srvPort
63156
Successfully changed project path to: D:/Underground_Hole_Clone/Underground_Hole
D:/Underground_Hole_Clone/Underground_Hole
[UnityMemory] Configuration Parameters - Can be set up in boot.config
    "memorysetup-bucket-allocator-granularity=16"
    "memorysetup-bucket-allocator-bucket-count=8"
    "memorysetup-bucket-allocator-block-size=33554432"
    "memorysetup-bucket-allocator-block-count=8"
    "memorysetup-main-allocator-block-size=16777216"
    "memorysetup-thread-allocator-block-size=16777216"
    "memorysetup-gfx-main-allocator-block-size=16777216"
    "memorysetup-gfx-thread-allocator-block-size=16777216"
    "memorysetup-cache-allocator-block-size=4194304"
    "memorysetup-typetree-allocator-block-size=2097152"
    "memorysetup-profiler-bucket-allocator-granularity=16"
    "memorysetup-profiler-bucket-allocator-bucket-count=8"
    "memorysetup-profiler-bucket-allocator-block-size=33554432"
    "memorysetup-profiler-bucket-allocator-block-count=8"
    "memorysetup-profiler-allocator-block-size=16777216"
    "memorysetup-profiler-editor-allocator-block-size=1048576"
    "memorysetup-temp-allocator-size-main=16777216"
    "memorysetup-job-temp-allocator-block-size=2097152"
    "memorysetup-job-temp-allocator-block-size-background=1048576"
    "memorysetup-job-temp-allocator-reduction-small-platforms=262144"
    "memorysetup-temp-allocator-size-background-worker=32768"
    "memorysetup-temp-allocator-size-job-worker=262144"
    "memorysetup-temp-allocator-size-preload-manager=33554432"
    "memorysetup-temp-allocator-size-nav-mesh-worker=65536"
    "memorysetup-temp-allocator-size-audio-worker=65536"
    "memorysetup-temp-allocator-size-cloud-worker=32768"
    "memorysetup-temp-allocator-size-gi-baking-worker=262144"
    "memorysetup-temp-allocator-size-gfx=262144"
Player connection [29128] Host "[IP] 192.168.1.33 [Port] 0 [Flags] 2 [Guid] 1896252808 [EditorId] 1896252808 [Version] 1048832 [Id] WindowsEditor(7,DESKTOP-4CUQ9NB) [Debug] 1 [PackageName] WindowsEditor [ProjectName] Editor" joined multi-casting on [225.0.0.222:54997]...

Player connection [29128] Host "[IP] 192.168.1.33 [Port] 0 [Flags] 2 [Guid] 1896252808 [EditorId] 1896252808 [Version] 1048832 [Id] WindowsEditor(7,DESKTOP-4CUQ9NB) [Debug] 1 [PackageName] WindowsEditor [ProjectName] Editor" joined alternative multi-casting on [225.0.0.222:34997]...

Refreshing native plugins compatible for Editor in 93.08 ms, found 3 plugins.
Preloading 0 native plugins for Editor in 0.00 ms.
Initialize engine version: 2021.3.21f1 (1b156197d683)
[Subsystems] Discovering subsystems at path C:/Program Files/Unity/Hub/Editor/2021.3.21f1/Editor/Data/Resources/UnitySubsystems
[Subsystems] Discovering subsystems at path D:/Underground_Hole_Clone/Underground_Hole/Assets
GfxDevice: creating device client; threaded=0; jobified=0
Direct3D:
    Version:  Direct3D 11.0 [level 11.1]
    Renderer: NVIDIA GeForce RTX 3060 (ID=0x2504)
    Vendor:   NVIDIA
    VRAM:     12129 MB
    Driver:   31.0.15.4617
Initialize mono
Mono path[0] = 'C:/Program Files/Unity/Hub/Editor/2021.3.21f1/Editor/Data/Managed'
Mono path[1] = 'C:/Program Files/Unity/Hub/Editor/2021.3.21f1/Editor/Data/MonoBleedingEdge/lib/mono/unityjit-win32'
Mono config path = 'C:/Program Files/Unity/Hub/Editor/2021.3.21f1/Editor/Data/MonoBleedingEdge/etc'
Using monoOptions --debugger-agent=transport=dt_socket,embedding=1,server=y,suspend=n,address=127.0.0.1:56228
Begin MonoManager ReloadAssembly
Registering precompiled unity dll's ...
Register platform support module: C:/Program Files/Unity/Hub/Editor/2021.3.21f1/Editor/Data/PlaybackEngines/AndroidPlayer/UnityEditor.Android.Extensions.dll
Register platform support module: C:/Program Files/Unity/Hub/Editor/2021.3.21f1/Editor/Data/PlaybackEngines/iOSSupport/UnityEditor.iOS.Extensions.dll
Register platform support module: C:/Program Files/Unity/Hub/Editor/2021.3.21f1/Editor/Data/PlaybackEngines/WindowsStandaloneSupport/UnityEditor.WindowsStandalone.Extensions.dll
Register platform support module: C:/Program Files/Unity/Hub/Editor/2021.3.21f1/Editor/Data/PlaybackEngines/MetroSupport/UnityEditor.UWP.Extensions.dll
Registered in 0.007741 seconds.
Native extension for UWP target not found
Native extension for WindowsStandalone target not found
[usbmuxd] Start listen thread
[usbmuxd] Listen thread started
Native extension for iOS target not found
Native extension for Android target not found
Android Extension - Scanning For ADB Devices 217 ms
Refreshing native plugins compatible for Editor in 95.14 ms, found 3 plugins.
Preloading 0 native plugins for Editor in 0.00 ms.
Mono: successfully reloaded assembly
- Completed reload, in  0.740 seconds
Domain Reload Profiling:
	ReloadAssembly (741ms)
		BeginReloadAssembly (64ms)
			ExecutionOrderSort (0ms)
			DisableScriptedObjects (0ms)
			BackupInstance (0ms)
			ReleaseScriptingObjects (0ms)
			CreateAndSetChildDomain (1ms)
		EndReloadAssembly (601ms)
			LoadAssemblies (62ms)
			RebuildTransferFunctionScriptingTraits (0ms)
			SetupTypeCache (73ms)
			ReleaseScriptCaches (0ms)
			RebuildScriptCaches (21ms)
			SetupLoadedEditorAssemblies (468ms)
				LogAssemblyErrors (0ms)
				InitializePlatformSupportModulesInManaged (270ms)
				SetLoadedEditorAssemblies (0ms)
				RefreshPlugins (95ms)
				BeforeProcessingInitializeOnLoad (1ms)
				ProcessInitializeOnLoadAttributes (68ms)
				ProcessInitializeOnLoadMethodAttributes (33ms)
				AfterProcessingInitializeOnLoad (0ms)
				EditorAssembliesLoaded (0ms)
			ExecutionOrderSort2 (0ms)
			AwakeInstancesAfterBackupRestoration (0ms)
Platform modules already initialized, skipping
Registering precompiled user dll's ...
Registered in 0.005910 seconds.
Begin MonoManager ReloadAssembly
Symbol file LoadedFromMemory doesn't match image D:\Underground_Hole_Clone\Underground_Hole\Library\PackageCache\com.unity.visualscripting@1.8.0\Editor\VisualScripting.Core\Dependencies\YamlDotNet\Unity.VisualScripting.YamlDotNet.dll
Symbol file LoadedFromMemory doesn't match image D:\Underground_Hole_Clone\Underground_Hole\Library\PackageCache\com.unity.visualscripting@1.8.0\Editor\VisualScripting.Core\Dependencies\DotNetZip\Unity.VisualScripting.IonicZip.dll
Native extension for UWP target not found
Native extension for WindowsStandalone target not found
Native extension for iOS target not found
Native extension for Android target not found
Refreshing native plugins compatible for Editor in 1.40 ms, found 3 plugins.
Preloading 0 native plugins for Editor in 0.00 ms.
Mono: successfully reloaded assembly
- Completed reload, in  0.856 seconds
Domain Reload Profiling:
	ReloadAssembly (857ms)
		BeginReloadAssembly (92ms)
			ExecutionOrderSort (0ms)
			DisableScriptedObjects (5ms)
			BackupInstance (0ms)
			ReleaseScriptingObjects (0ms)
			CreateAndSetChildDomain (16ms)
		EndReloadAssembly (687ms)
			LoadAssemblies (77ms)
			RebuildTransferFunctionScriptingTraits (0ms)
			SetupTypeCache (220ms)
			ReleaseScriptCaches (1ms)
			RebuildScriptCaches (45ms)
			SetupLoadedEditorAssemblies (318ms)
				LogAssemblyErrors (0ms)
				InitializePlatformSupportModulesInManaged (22ms)
				SetLoadedEditorAssemblies (0ms)
				RefreshPlugins (1ms)
				BeforeProcessingInitializeOnLoad (62ms)
				ProcessInitializeOnLoadAttributes (210ms)
				ProcessInitializeOnLoadMethodAttributes (14ms)
				AfterProcessingInitializeOnLoad (8ms)
				EditorAssembliesLoaded (0ms)
			ExecutionOrderSort2 (0ms)
			AwakeInstancesAfterBackupRestoration (4ms)
Platform modules already initialized, skipping
========================================================================
Worker process is ready to serve import requests
Launched and connected shader compiler UnityShaderCompiler.exe after 0.04 seconds
Refreshing native plugins compatible for Editor in 1.43 ms, found 3 plugins.
Preloading 0 native plugins for Editor in 0.00 ms.
Unloading 3231 Unused Serialized files (Serialized files now loaded: 0)
Unloading 47 unused Assets / (3.7 MB). Loaded Objects now: 3683.
Memory consumption went from 154.5 MB to 150.8 MB.
Total: 3.833300 ms (FindLiveObjects: 0.244600 ms CreateObjectMapping: 0.124300 ms MarkObjects: 2.187000 ms  DeleteObjects: 1.276600 ms)

AssetImportParameters requested are different than current active one (requested -> active):
  custom:video-decoder-ogg-theora: a1e56fd34408186e4bbccfd4996cb3dc -> 
  custom:container-muxer-webm: aa71ff27fc2769a1b78a27578f13a17b -> 
  custom:container-demuxer-webm: 4f35f7cbe854078d1ac9338744f61a02 -> 
  custom:video-encoder-webm-vp8: eb34c28f22e8b96e1ab97ce403110664 -> 
  custom:audio-encoder-webm-vorbis: bf7c407c2cedff20999df2af8eb42d56 -> 
  custom:framework-win-MediaFoundation: 216162199b28c13a410421893ffa2e32 -> 
  custom:container-demuxer-ogg: 62fdf1f143b41e24485cea50d1cbac27 -> 
  custom:video-decoder-webm-vp8: 9c59270c3fd7afecdb556c50c9e8de78 -> 
  custom:audio-decoder-ogg-vorbis: bf7c407c2cedff20999df2af8eb42d56 -> 
========================================================================
Received Import Request.
  Time since last request: 41416.392869 seconds.
  path: Assets/Art/Images/Collectable_png/collectable_png4/7.png
  artifactKey: Guid(a5995c01804923948bf33dee21146ad3) Importer(815301076,1909f56bfc062723c751e8b465ee728b)
Start importing Assets/Art/Images/Collectable_png/collectable_png4/7.png using Guid(a5995c01804923948bf33dee21146ad3) Importer(815301076,1909f56bfc062723c751e8b465ee728b)  -> (artifact id: '4c8a7f5121c1cbcf4a7d877df3792505') in 0.080456 seconds 
========================================================================
Received Import Request.
  Time since last request: 2.333268 seconds.
  path: Assets/Art/Images/Collectable_png/collectable_png5/donut/donut3.png
  artifactKey: Guid(6948e9fc703202c448bac8f074852595) Importer(815301076,1909f56bfc062723c751e8b465ee728b)
Start importing Assets/Art/Images/Collectable_png/collectable_png5/donut/donut3.png using Guid(6948e9fc703202c448bac8f074852595) Importer(815301076,1909f56bfc062723c751e8b465ee728b)  -> (artifact id: 'c3398e5a3848efdd842d6ed363e6f74f') in 0.021220 seconds 
========================================================================
Received Import Request.
  Time since last request: 6.987115 seconds.
  path: Assets/Art/Images/Collectable_png/collectable_png6/elmaslar/yesil.png
  artifactKey: Guid(1403157ef9212e04badce88c458c8ef4) Importer(815301076,1909f56bfc062723c751e8b465ee728b)
Start importing Assets/Art/Images/Collectable_png/collectable_png6/elmaslar/yesil.png using Guid(1403157ef9212e04badce88c458c8ef4) Importer(815301076,1909f56bfc062723c751e8b465ee728b)  -> (artifact id: '92851aa86616b832ec9769bd08cb2975') in 0.021495 seconds 
========================================================================
Received Import Request.
  Time since last request: 4.563877 seconds.
  path: Assets/Art/Images/Collectable_png/collectable_png6/elmaslar/yesil.png
  artifactKey: Guid(1403157ef9212e04badce88c458c8ef4) Importer(815301076,1909f56bfc062723c751e8b465ee728b)
Start importing Assets/Art/Images/Collectable_png/collectable_png6/elmaslar/yesil.png using Guid(1403157ef9212e04badce88c458c8ef4) Importer(815301076,1909f56bfc062723c751e8b465ee728b)  -> (artifact id: '2eba6594b2e32445e0b0afe04b19abbd') in 0.171416 seconds 
========================================================================
Received Import Request.
  Time since last request: 4.284303 seconds.
  path: Assets/Art/Material/M_Coffe/Material.063.mat
  artifactKey: Guid(d900102d3677d184e96c9e5f7ba77453) Importer(815301076,1909f56bfc062723c751e8b465ee728b)
Start importing Assets/Art/Material/M_Coffe/Material.063.mat using Guid(d900102d3677d184e96c9e5f7ba77453) Importer(815301076,1909f56bfc062723c751e8b465ee728b)  -> (artifact id: '43808a570af360a9167a77edef552139') in 0.066840 seconds 
========================================================================
Received Import Request.
  Time since last request: 0.000015 seconds.
  path: Assets/Art/Material/M_Coffe/Material.071.mat
  artifactKey: Guid(766091d04d893a343ae82830f8494084) Importer(815301076,1909f56bfc062723c751e8b465ee728b)
Start importing Assets/Art/Material/M_Coffe/Material.071.mat using Guid(766091d04d893a343ae82830f8494084) Importer(815301076,1909f56bfc062723c751e8b465ee728b)  -> (artifact id: '257c333f4e6298a24b7e8822ef73e60f') in 0.010184 seconds 
========================================================================
Received Import Request.
  Time since last request: 0.000022 seconds.
  path: Assets/Art/Material/M_Coffe/Material.073.mat
  artifactKey: Guid(f6429806e8befd746affccea64274b6b) Importer(815301076,1909f56bfc062723c751e8b465ee728b)
Start importing Assets/Art/Material/M_Coffe/Material.073.mat using Guid(f6429806e8befd746affccea64274b6b) Importer(815301076,1909f56bfc062723c751e8b465ee728b)  -> (artifact id: '9ee391cfbdeaaf22677bed43a018281e') in 0.007142 seconds 
========================================================================
Received Import Request.
  Time since last request: 0.000013 seconds.
  path: Assets/Art/Material/M_Coffe/Material.066.mat
  artifactKey: Guid(2df99e70f46e6174faa7a43746f296d4) Importer(815301076,1909f56bfc062723c751e8b465ee728b)
Start importing Assets/Art/Material/M_Coffe/Material.066.mat using Guid(2df99e70f46e6174faa7a43746f296d4) Importer(815301076,1909f56bfc062723c751e8b465ee728b)  -> (artifact id: 'ccced466fd07fe68c55aa6fbc45fc4d9') in 0.009263 seconds 
========================================================================
Received Import Request.
  Time since last request: 0.685308 seconds.
  path: Assets/Art/Material/M_dondurma/Material.003.mat
  artifactKey: Guid(7dcec32e4ef25b340bed2717dac5b059) Importer(815301076,1909f56bfc062723c751e8b465ee728b)
Start importing Assets/Art/Material/M_dondurma/Material.003.mat using Guid(7dcec32e4ef25b340bed2717dac5b059) Importer(815301076,1909f56bfc062723c751e8b465ee728b)  -> (artifact id: 'a4b4a363da17833b9620100c0dd48e63') in 0.010838 seconds 
========================================================================
Received Import Request.
  Time since last request: 0.000015 seconds.
  path: Assets/Art/Material/M_dondurma/Material.007.mat
  artifactKey: Guid(af49509e44e951c42a314e9b09e4dcef) Importer(815301076,1909f56bfc062723c751e8b465ee728b)
Start importing Assets/Art/Material/M_dondurma/Material.007.mat using Guid(af49509e44e951c42a314e9b09e4dcef) Importer(815301076,1909f56bfc062723c751e8b465ee728b)  -> (artifact id: '98e4ee5c98377321997949f04b4e2485') in 0.008888 seconds 
========================================================================
Received Import Request.
  Time since last request: 0.000014 seconds.
  path: Assets/Art/Material/M_dondurma/Material.012.mat
  artifactKey: Guid(e3eb1bbc9449e8744b99bde5f9c77da8) Importer(815301076,1909f56bfc062723c751e8b465ee728b)
Start importing Assets/Art/Material/M_dondurma/Material.012.mat using Guid(e3eb1bbc9449e8744b99bde5f9c77da8) Importer(815301076,1909f56bfc062723c751e8b465ee728b)  -> (artifact id: 'dbc22e7b85410af69d6c00b263b2805d') in 0.015259 seconds 
========================================================================
Received Import Request.
  Time since last request: 0.000013 seconds.
  path: Assets/Art/Material/M_dondurma/Material.005.mat
  artifactKey: Guid(a662f335698cf0f4a9750caf3a7f4422) Importer(815301076,1909f56bfc062723c751e8b465ee728b)
Start importing Assets/Art/Material/M_dondurma/Material.005.mat using Guid(a662f335698cf0f4a9750caf3a7f4422) Importer(815301076,1909f56bfc062723c751e8b465ee728b)  -> (artifact id: '29dd92b6271b93beea9106e806ae3014') in 0.019638 seconds 
========================================================================
Received Import Request.
  Time since last request: 0.646467 seconds.
  path: Assets/Art/Material/M_RollerCoaster/Material.106.mat
  artifactKey: Guid(c12524904b00340459aa22acdf70f657) Importer(815301076,1909f56bfc062723c751e8b465ee728b)
Start importing Assets/Art/Material/M_RollerCoaster/Material.106.mat using Guid(c12524904b00340459aa22acdf70f657) Importer(815301076,1909f56bfc062723c751e8b465ee728b)  -> (artifact id: 'be6dfff693141c4a9a4d97080d6e55a1') in 0.021082 seconds 
========================================================================
Received Import Request.
  Time since last request: 0.000018 seconds.
  path: Assets/Art/Material/M_RollerCoaster/Material.109.mat
  artifactKey: Guid(0ba72c78774d79a469408503bb384dc8) Importer(815301076,1909f56bfc062723c751e8b465ee728b)
Start importing Assets/Art/Material/M_RollerCoaster/Material.109.mat using Guid(0ba72c78774d79a469408503bb384dc8) Importer(815301076,1909f56bfc062723c751e8b465ee728b)  -> (artifact id: '62a463bd2fe57613b726a932990d3fb4') in 0.010278 seconds 
========================================================================
Received Import Request.
  Time since last request: 14.171075 seconds.
  path: Assets/Art/Material/M_WcDonalds/Material.084.mat
  artifactKey: Guid(dae850f8a59e6fe4cb38356a80ed9d5a) Importer(815301076,1909f56bfc062723c751e8b465ee728b)
Start importing Assets/Art/Material/M_WcDonalds/Material.084.mat using Guid(dae850f8a59e6fe4cb38356a80ed9d5a) Importer(815301076,1909f56bfc062723c751e8b465ee728b)  -> (artifact id: '3d3c54a3426ec03bd52f7f16db738f1b') in 0.026153 seconds 
========================================================================
Received Import Request.
  Time since last request: 0.000016 seconds.
  path: Assets/Art/Material/M_WcDonalds/Material.088.mat
  artifactKey: Guid(a246bec6434168842beeca3175363122) Importer(815301076,1909f56bfc062723c751e8b465ee728b)
Start importing Assets/Art/Material/M_WcDonalds/Material.088.mat using Guid(a246bec6434168842beeca3175363122) Importer(815301076,1909f56bfc062723c751e8b465ee728b)  -> (artifact id: '0b7fac21ac601fef4aa6b35249e9af2d') in 0.009130 seconds 
========================================================================
Received Import Request.
  Time since last request: 0.000018 seconds.
  path: Assets/Art/Material/M_WcDonalds/Material.091.mat
  artifactKey: Guid(1dcb812ee9f38d24680aec2d93deb10e) Importer(815301076,1909f56bfc062723c751e8b465ee728b)
Start importing Assets/Art/Material/M_WcDonalds/Material.091.mat using Guid(1dcb812ee9f38d24680aec2d93deb10e) Importer(815301076,1909f56bfc062723c751e8b465ee728b)  -> (artifact id: '2c7acdb92df20c0b2b30c2afd7e545ff') in 0.015795 seconds 
========================================================================
Received Import Request.
  Time since last request: 11.868087 seconds.
  path: Assets/Art/Models/Creative_Model/fastFood/burger/sosisli.fbx
  artifactKey: Guid(1f48a2c02d445894ab0927ba68231d0a) Importer(815301076,1909f56bfc062723c751e8b465ee728b)
Start importing Assets/Art/Models/Creative_Model/fastFood/burger/sosisli.fbx using Guid(1f48a2c02d445894ab0927ba68231d0a) Importer(815301076,1909f56bfc062723c751e8b465ee728b)  -> (artifact id: '05e56fbe6caa637f158701aed6256d91') in 0.075873 seconds 
