Using pre-set license
Built from '2021.3/staging' branch; Version is '2021.3.21f1 (1b156197d683) revision 1774945'; Using compiler version '192829333'; Build Type 'Release'
OS: 'Windows 11  (10.0.22621) 64bit Core' Language: 'en' Physical Memory: 16310 MB
BatchMode: 1, IsHumanControllingUs: 0, StartBugReporterOnCrash: 0, Is64bit: 1, IsPro: 1

COMMAND LINE ARGUMENTS:
C:\Program Files\Unity\Hub\Editor\2021.3.21f1\Editor\Unity.exe
-adb2
-batchMode
-noUpm
-name
AssetImportWorker4
-projectPath
D:/Underground_Hole_Clone/Underground_Hole
-logFile
Logs/AssetImportWorker4.log
-srvPort
63156
Successfully changed project path to: D:/Underground_Hole_Clone/Underground_Hole
D:/Underground_Hole_Clone/Underground_Hole
[UnityMemory] Configuration Parameters - Can be set up in boot.config
    "memorysetup-bucket-allocator-granularity=16"
    "memorysetup-bucket-allocator-bucket-count=8"
    "memorysetup-bucket-allocator-block-size=33554432"
    "memorysetup-bucket-allocator-block-count=8"
    "memorysetup-main-allocator-block-size=16777216"
    "memorysetup-thread-allocator-block-size=16777216"
    "memorysetup-gfx-main-allocator-block-size=16777216"
    "memorysetup-gfx-thread-allocator-block-size=16777216"
    "memorysetup-cache-allocator-block-size=4194304"
    "memorysetup-typetree-allocator-block-size=2097152"
    "memorysetup-profiler-bucket-allocator-granularity=16"
    "memorysetup-profiler-bucket-allocator-bucket-count=8"
    "memorysetup-profiler-bucket-allocator-block-size=33554432"
    "memorysetup-profiler-bucket-allocator-block-count=8"
    "memorysetup-profiler-allocator-block-size=16777216"
    "memorysetup-profiler-editor-allocator-block-size=1048576"
    "memorysetup-temp-allocator-size-main=16777216"
    "memorysetup-job-temp-allocator-block-size=2097152"
    "memorysetup-job-temp-allocator-block-size-background=1048576"
    "memorysetup-job-temp-allocator-reduction-small-platforms=262144"
    "memorysetup-temp-allocator-size-background-worker=32768"
    "memorysetup-temp-allocator-size-job-worker=262144"
    "memorysetup-temp-allocator-size-preload-manager=33554432"
    "memorysetup-temp-allocator-size-nav-mesh-worker=65536"
    "memorysetup-temp-allocator-size-audio-worker=65536"
    "memorysetup-temp-allocator-size-cloud-worker=32768"
    "memorysetup-temp-allocator-size-gi-baking-worker=262144"
    "memorysetup-temp-allocator-size-gfx=262144"
Player connection [4540] Host "[IP] 192.168.1.33 [Port] 0 [Flags] 2 [Guid] 1881277477 [EditorId] 1881277477 [Version] 1048832 [Id] WindowsEditor(7,DESKTOP-4CUQ9NB) [Debug] 1 [PackageName] WindowsEditor [ProjectName] Editor" joined multi-casting on [225.0.0.222:54997]...

Player connection [4540] Host "[IP] 192.168.1.33 [Port] 0 [Flags] 2 [Guid] 1881277477 [EditorId] 1881277477 [Version] 1048832 [Id] WindowsEditor(7,DESKTOP-4CUQ9NB) [Debug] 1 [PackageName] WindowsEditor [ProjectName] Editor" joined alternative multi-casting on [225.0.0.222:34997]...

Refreshing native plugins compatible for Editor in 91.54 ms, found 3 plugins.
Preloading 0 native plugins for Editor in 0.00 ms.
Initialize engine version: 2021.3.21f1 (1b156197d683)
[Subsystems] Discovering subsystems at path C:/Program Files/Unity/Hub/Editor/2021.3.21f1/Editor/Data/Resources/UnitySubsystems
[Subsystems] Discovering subsystems at path D:/Underground_Hole_Clone/Underground_Hole/Assets
GfxDevice: creating device client; threaded=0; jobified=0
Direct3D:
    Version:  Direct3D 11.0 [level 11.1]
    Renderer: NVIDIA GeForce RTX 3060 (ID=0x2504)
    Vendor:   NVIDIA
    VRAM:     12129 MB
    Driver:   31.0.15.4617
Initialize mono
Mono path[0] = 'C:/Program Files/Unity/Hub/Editor/2021.3.21f1/Editor/Data/Managed'
Mono path[1] = 'C:/Program Files/Unity/Hub/Editor/2021.3.21f1/Editor/Data/MonoBleedingEdge/lib/mono/unityjit-win32'
Mono config path = 'C:/Program Files/Unity/Hub/Editor/2021.3.21f1/Editor/Data/MonoBleedingEdge/etc'
Using monoOptions --debugger-agent=transport=dt_socket,embedding=1,server=y,suspend=n,address=127.0.0.1:56532
Begin MonoManager ReloadAssembly
Registering precompiled unity dll's ...
Register platform support module: C:/Program Files/Unity/Hub/Editor/2021.3.21f1/Editor/Data/PlaybackEngines/AndroidPlayer/UnityEditor.Android.Extensions.dll
Register platform support module: C:/Program Files/Unity/Hub/Editor/2021.3.21f1/Editor/Data/PlaybackEngines/iOSSupport/UnityEditor.iOS.Extensions.dll
Register platform support module: C:/Program Files/Unity/Hub/Editor/2021.3.21f1/Editor/Data/PlaybackEngines/WindowsStandaloneSupport/UnityEditor.WindowsStandalone.Extensions.dll
Register platform support module: C:/Program Files/Unity/Hub/Editor/2021.3.21f1/Editor/Data/PlaybackEngines/MetroSupport/UnityEditor.UWP.Extensions.dll
Registered in 0.008032 seconds.
Native extension for UWP target not found
Native extension for WindowsStandalone target not found
[usbmuxd] Start listen thread
[usbmuxd] Listen thread started
Native extension for iOS target not found
Native extension for Android target not found
Android Extension - Scanning For ADB Devices 224 ms
Refreshing native plugins compatible for Editor in 95.08 ms, found 3 plugins.
Preloading 0 native plugins for Editor in 0.00 ms.
Mono: successfully reloaded assembly
- Completed reload, in  0.754 seconds
Domain Reload Profiling:
	ReloadAssembly (754ms)
		BeginReloadAssembly (66ms)
			ExecutionOrderSort (0ms)
			DisableScriptedObjects (0ms)
			BackupInstance (0ms)
			ReleaseScriptingObjects (0ms)
			CreateAndSetChildDomain (1ms)
		EndReloadAssembly (610ms)
			LoadAssemblies (64ms)
			RebuildTransferFunctionScriptingTraits (0ms)
			SetupTypeCache (76ms)
			ReleaseScriptCaches (0ms)
			RebuildScriptCaches (21ms)
			SetupLoadedEditorAssemblies (473ms)
				LogAssemblyErrors (0ms)
				InitializePlatformSupportModulesInManaged (279ms)
				SetLoadedEditorAssemblies (0ms)
				RefreshPlugins (95ms)
				BeforeProcessingInitializeOnLoad (1ms)
				ProcessInitializeOnLoadAttributes (67ms)
				ProcessInitializeOnLoadMethodAttributes (31ms)
				AfterProcessingInitializeOnLoad (0ms)
				EditorAssembliesLoaded (0ms)
			ExecutionOrderSort2 (0ms)
			AwakeInstancesAfterBackupRestoration (0ms)
Platform modules already initialized, skipping
Registering precompiled user dll's ...
Registered in 0.005623 seconds.
Begin MonoManager ReloadAssembly
Symbol file LoadedFromMemory doesn't match image D:\Underground_Hole_Clone\Underground_Hole\Library\PackageCache\com.unity.visualscripting@1.8.0\Editor\VisualScripting.Core\Dependencies\YamlDotNet\Unity.VisualScripting.YamlDotNet.dll
Symbol file LoadedFromMemory doesn't match image D:\Underground_Hole_Clone\Underground_Hole\Library\PackageCache\com.unity.visualscripting@1.8.0\Editor\VisualScripting.Core\Dependencies\DotNetZip\Unity.VisualScripting.IonicZip.dll
Native extension for UWP target not found
Native extension for WindowsStandalone target not found
Native extension for iOS target not found
Native extension for Android target not found
Refreshing native plugins compatible for Editor in 1.40 ms, found 3 plugins.
Preloading 0 native plugins for Editor in 0.00 ms.
Mono: successfully reloaded assembly
- Completed reload, in  0.848 seconds
Domain Reload Profiling:
	ReloadAssembly (849ms)
		BeginReloadAssembly (93ms)
			ExecutionOrderSort (0ms)
			DisableScriptedObjects (4ms)
			BackupInstance (0ms)
			ReleaseScriptingObjects (0ms)
			CreateAndSetChildDomain (17ms)
		EndReloadAssembly (665ms)
			LoadAssemblies (77ms)
			RebuildTransferFunctionScriptingTraits (0ms)
			SetupTypeCache (182ms)
			ReleaseScriptCaches (0ms)
			RebuildScriptCaches (39ms)
			SetupLoadedEditorAssemblies (348ms)
				LogAssemblyErrors (0ms)
				InitializePlatformSupportModulesInManaged (22ms)
				SetLoadedEditorAssemblies (0ms)
				RefreshPlugins (1ms)
				BeforeProcessingInitializeOnLoad (68ms)
				ProcessInitializeOnLoadAttributes (233ms)
				ProcessInitializeOnLoadMethodAttributes (15ms)
				AfterProcessingInitializeOnLoad (8ms)
				EditorAssembliesLoaded (0ms)
			ExecutionOrderSort2 (0ms)
			AwakeInstancesAfterBackupRestoration (4ms)
Platform modules already initialized, skipping
========================================================================
Worker process is ready to serve import requests
Launched and connected shader compiler UnityShaderCompiler.exe after 0.04 seconds
Refreshing native plugins compatible for Editor in 1.60 ms, found 3 plugins.
Preloading 0 native plugins for Editor in 0.00 ms.
Unloading 3231 Unused Serialized files (Serialized files now loaded: 0)
Unloading 47 unused Assets / (3.7 MB). Loaded Objects now: 3683.
Memory consumption went from 154.5 MB to 150.8 MB.
Total: 4.876000 ms (FindLiveObjects: 0.235800 ms CreateObjectMapping: 0.125000 ms MarkObjects: 2.579000 ms  DeleteObjects: 1.935000 ms)

AssetImportParameters requested are different than current active one (requested -> active):
  custom:video-decoder-ogg-theora: a1e56fd34408186e4bbccfd4996cb3dc -> 
  custom:container-muxer-webm: aa71ff27fc2769a1b78a27578f13a17b -> 
  custom:container-demuxer-webm: 4f35f7cbe854078d1ac9338744f61a02 -> 
  custom:video-encoder-webm-vp8: eb34c28f22e8b96e1ab97ce403110664 -> 
  custom:audio-encoder-webm-vorbis: bf7c407c2cedff20999df2af8eb42d56 -> 
  custom:framework-win-MediaFoundation: 216162199b28c13a410421893ffa2e32 -> 
  custom:container-demuxer-ogg: 62fdf1f143b41e24485cea50d1cbac27 -> 
  custom:video-decoder-webm-vp8: 9c59270c3fd7afecdb556c50c9e8de78 -> 
  custom:audio-decoder-ogg-vorbis: bf7c407c2cedff20999df2af8eb42d56 -> 
========================================================================
Received Import Request.
  Time since last request: 41283.235755 seconds.
  path: Assets/Art/Models/Level_Model/Model/elektrikMotor 1.prefab
  artifactKey: Guid(798c3804eb8ddec45a840aa3e460c07b) Importer(815301076,1909f56bfc062723c751e8b465ee728b)
Start importing Assets/Art/Models/Level_Model/Model/elektrikMotor 1.prefab using Guid(798c3804eb8ddec45a840aa3e460c07b) Importer(815301076,1909f56bfc062723c751e8b465ee728b)  -> (artifact id: '01384381d565e8831d9946772418d881') in 0.152875 seconds 
========================================================================
Received Import Request.
  Time since last request: 6.904840 seconds.
  path: Assets/Art/Models/Level_Model/Model/main_Model/cimen.fbx
  artifactKey: Guid(673715f9f762d3f43a6decda2e78148d) Importer(815301076,1909f56bfc062723c751e8b465ee728b)
Start importing Assets/Art/Models/Level_Model/Model/main_Model/cimen.fbx using Guid(673715f9f762d3f43a6decda2e78148d) Importer(815301076,1909f56bfc062723c751e8b465ee728b)  -> (artifact id: 'b08693aef805ff2ff228373739a9632a') in 0.075716 seconds 
========================================================================
Received Import Request.
  Time since last request: 0.000024 seconds.
  path: Assets/Art/Models/Level_Model/Model/main_Model/Material.032.mat
  artifactKey: Guid(c51c722f68f17c541ae061a8ec8b4596) Importer(815301076,1909f56bfc062723c751e8b465ee728b)
Start importing Assets/Art/Models/Level_Model/Model/main_Model/Material.032.mat using Guid(c51c722f68f17c541ae061a8ec8b4596) Importer(815301076,1909f56bfc062723c751e8b465ee728b)  -> (artifact id: '212b52a9a9a816b5a9a2912031c246e9') in 0.036173 seconds 
========================================================================
Received Import Request.
  Time since last request: 0.000022 seconds.
  path: Assets/Art/Models/Level_Model/Model/main_Model/Material.037.mat
  artifactKey: Guid(a13dd070621c67748aa09507a64c8cda) Importer(815301076,1909f56bfc062723c751e8b465ee728b)
Start importing Assets/Art/Models/Level_Model/Model/main_Model/Material.037.mat using Guid(a13dd070621c67748aa09507a64c8cda) Importer(815301076,1909f56bfc062723c751e8b465ee728b)  -> (artifact id: 'f87f327f0f99af68a16fb6d8804f1777') in 0.008394 seconds 
========================================================================
Received Import Request.
  Time since last request: 0.000018 seconds.
  path: Assets/Art/Models/Level_Model/Model/main_Model/ev.fbx
  artifactKey: Guid(23b17cb3b9550324da9f10b2d402af35) Importer(815301076,1909f56bfc062723c751e8b465ee728b)
Start importing Assets/Art/Models/Level_Model/Model/main_Model/ev.fbx using Guid(23b17cb3b9550324da9f10b2d402af35) Importer(815301076,1909f56bfc062723c751e8b465ee728b)  -> (artifact id: '41551bfeeb66734a19a81c0b913ca4b7') in 0.098822 seconds 
========================================================================
Received Import Request.
  Time since last request: 5.674089 seconds.
  path: Assets/NewCreativeModels/meyve 1/armut.fbx
  artifactKey: Guid(82581e9199fbbe042875e7e40beee6d8) Importer(815301076,1909f56bfc062723c751e8b465ee728b)
Start importing Assets/NewCreativeModels/meyve 1/armut.fbx using Guid(82581e9199fbbe042875e7e40beee6d8) Importer(815301076,1909f56bfc062723c751e8b465ee728b)  -> (artifact id: '85a646a56e344b7ed58848ecb7b6f5d1') in 0.020285 seconds 
========================================================================
Received Import Request.
  Time since last request: 0.000014 seconds.
  path: Assets/NewCreativeModels/meyve 1/elma.fbx
  artifactKey: Guid(f6f41a8fd88695b498ff5cb17dff8380) Importer(815301076,1909f56bfc062723c751e8b465ee728b)
Start importing Assets/NewCreativeModels/meyve 1/elma.fbx using Guid(f6f41a8fd88695b498ff5cb17dff8380) Importer(815301076,1909f56bfc062723c751e8b465ee728b)  -> (artifact id: 'a6908450b8f55ffe976334cfa9c7d6da') in 0.029261 seconds 
========================================================================
Received Import Request.
  Time since last request: 0.801286 seconds.
  path: Assets/NewCreativeModels/prefab_sekerler/cikolata.prefab
  artifactKey: Guid(7c9db2e4c295b554689a7e5d7ce8c577) Importer(815301076,1909f56bfc062723c751e8b465ee728b)
Start importing Assets/NewCreativeModels/prefab_sekerler/cikolata.prefab using Guid(7c9db2e4c295b554689a7e5d7ce8c577) Importer(815301076,1909f56bfc062723c751e8b465ee728b)  -> (artifact id: 'a54faec53bbf2bd17a0f064f92ca34e1') in 0.009150 seconds 
========================================================================
Received Import Request.
  Time since last request: 0.000016 seconds.
  path: Assets/NewCreativeModels/prefab_sekerler/morbalik.prefab
  artifactKey: Guid(35273b6f1cd28774c8bd27ae7543d971) Importer(815301076,1909f56bfc062723c751e8b465ee728b)
Start importing Assets/NewCreativeModels/prefab_sekerler/morbalik.prefab using Guid(35273b6f1cd28774c8bd27ae7543d971) Importer(815301076,1909f56bfc062723c751e8b465ee728b)  -> (artifact id: '507ca0db02f24ab995f76dda4e690c6b') in 0.011463 seconds 
========================================================================
Received Import Request.
  Time since last request: 0.000016 seconds.
  path: Assets/NewCreativeModels/prefab_sekerler/saribalik.prefab
  artifactKey: Guid(14c4291cf88dec54e8c9e2bd48b06901) Importer(815301076,1909f56bfc062723c751e8b465ee728b)
Start importing Assets/NewCreativeModels/prefab_sekerler/saribalik.prefab using Guid(14c4291cf88dec54e8c9e2bd48b06901) Importer(815301076,1909f56bfc062723c751e8b465ee728b)  -> (artifact id: 'a9f7f802ba43a33c407366c1f78c3d2a') in 0.007566 seconds 
========================================================================
Received Import Request.
  Time since last request: 11.751036 seconds.
  path: Assets/mighty_handful/Hyper-Casual Characters (28 BodyTypes)
  artifactKey: Guid(a41d21202547f8240b005bf9f33a31ea) Importer(815301076,1909f56bfc062723c751e8b465ee728b)
Start importing Assets/mighty_handful/Hyper-Casual Characters (28 BodyTypes) using Guid(a41d21202547f8240b005bf9f33a31ea) Importer(815301076,1909f56bfc062723c751e8b465ee728b)  -> (artifact id: '47d3554ed89e1d2c86f68ed42a61cc3f') in 0.002242 seconds 
========================================================================
Received Import Request.
  Time since last request: 1.897521 seconds.
  path: Assets/mighty_handful/Hyper-Casual Characters (28 BodyTypes)/Prefabs
  artifactKey: Guid(72423c0f1a93b483faf93b0f119ca07c) Importer(815301076,1909f56bfc062723c751e8b465ee728b)
Start importing Assets/mighty_handful/Hyper-Casual Characters (28 BodyTypes)/Prefabs using Guid(72423c0f1a93b483faf93b0f119ca07c) Importer(815301076,1909f56bfc062723c751e8b465ee728b)  -> (artifact id: '785399509ecdfe426457727fe72be173') in 0.002051 seconds 
========================================================================
Received Import Request.
  Time since last request: 0.082067 seconds.
  path: Assets/mighty_handful/Hyper-Casual Characters (28 BodyTypes)/Prefabs/Body Type 1.prefab
  artifactKey: Guid(e320d8397ff7e47079372e53f3f72b72) Importer(815301076,1909f56bfc062723c751e8b465ee728b)
Start importing Assets/mighty_handful/Hyper-Casual Characters (28 BodyTypes)/Prefabs/Body Type 1.prefab using Guid(e320d8397ff7e47079372e53f3f72b72) Importer(815301076,1909f56bfc062723c751e8b465ee728b)  -> (artifact id: 'cb76bd96d280c81d2a3d23ba10a48406') in 0.034014 seconds 
========================================================================
Received Import Request.
  Time since last request: 0.000014 seconds.
  path: Assets/mighty_handful/Hyper-Casual Characters (28 BodyTypes)/Prefabs/Body Type 3.prefab
  artifactKey: Guid(b527f8899ba57461fbb0f1bd903ac65e) Importer(815301076,1909f56bfc062723c751e8b465ee728b)
Start importing Assets/mighty_handful/Hyper-Casual Characters (28 BodyTypes)/Prefabs/Body Type 3.prefab using Guid(b527f8899ba57461fbb0f1bd903ac65e) Importer(815301076,1909f56bfc062723c751e8b465ee728b)  -> (artifact id: '487b82eec94bd567332105df97146c83') in 0.011298 seconds 
========================================================================
Received Import Request.
  Time since last request: 0.000018 seconds.
  path: Assets/mighty_handful/Hyper-Casual Characters (28 BodyTypes)/Prefabs/Body Type 5.prefab
  artifactKey: Guid(21d8985c126224173a94eacb12bcddb2) Importer(815301076,1909f56bfc062723c751e8b465ee728b)
Start importing Assets/mighty_handful/Hyper-Casual Characters (28 BodyTypes)/Prefabs/Body Type 5.prefab using Guid(21d8985c126224173a94eacb12bcddb2) Importer(815301076,1909f56bfc062723c751e8b465ee728b)  -> (artifact id: 'a9cb332605b62286cb72884c27b609cc') in 0.011563 seconds 
========================================================================
Received Import Request.
  Time since last request: 0.000018 seconds.
  path: Assets/mighty_handful/Hyper-Casual Characters (28 BodyTypes)/Prefabs/Body Type 8.prefab
  artifactKey: Guid(2831cddb255a640deac89127aa84f181) Importer(815301076,1909f56bfc062723c751e8b465ee728b)
Start importing Assets/mighty_handful/Hyper-Casual Characters (28 BodyTypes)/Prefabs/Body Type 8.prefab using Guid(2831cddb255a640deac89127aa84f181) Importer(815301076,1909f56bfc062723c751e8b465ee728b)  -> (artifact id: '9d98800a405b474610213ed7519fbbb9') in 0.009632 seconds 
========================================================================
Received Import Request.
  Time since last request: 9.502053 seconds.
  path: Assets/ThirtPartyAssets/mighty_handful/Hyper-Casual Characters (28 BodyTypes)/Prefabs/Body Type 10.prefab
  artifactKey: Guid(38ae002c860814d229e782b96d6a4a8b) Importer(815301076,1909f56bfc062723c751e8b465ee728b)
Start importing Assets/ThirtPartyAssets/mighty_handful/Hyper-Casual Characters (28 BodyTypes)/Prefabs/Body Type 10.prefab using Guid(38ae002c860814d229e782b96d6a4a8b) Importer(815301076,1909f56bfc062723c751e8b465ee728b)  -> (artifact id: '6ecbfaddb1f8b51aa5d35d58d94a5e4a') in 0.010517 seconds 
========================================================================
Received Import Request.
  Time since last request: 0.754014 seconds.
  path: Assets/ThirtPartyAssets/mighty_handful/Hyper-Casual Characters (28 BodyTypes)/Prefabs/Body Type 11.prefab
  artifactKey: Guid(9d40c94786f3c4c5383afae2c7b8eadf) Importer(815301076,1909f56bfc062723c751e8b465ee728b)
Start importing Assets/ThirtPartyAssets/mighty_handful/Hyper-Casual Characters (28 BodyTypes)/Prefabs/Body Type 11.prefab using Guid(9d40c94786f3c4c5383afae2c7b8eadf) Importer(815301076,1909f56bfc062723c751e8b465ee728b)  -> (artifact id: '1d5e09a57dfb0186173c15ddf0673c50') in 0.010286 seconds 
========================================================================
Received Import Request.
  Time since last request: 1.611800 seconds.
  path: Assets/ThirtPartyAssets/mighty_handful/Hyper-Casual Characters (28 BodyTypes)/Prefabs/Body Type 13.prefab
  artifactKey: Guid(9f7bd4babfcc74a4a8e915af7ec75856) Importer(815301076,1909f56bfc062723c751e8b465ee728b)
Start importing Assets/ThirtPartyAssets/mighty_handful/Hyper-Casual Characters (28 BodyTypes)/Prefabs/Body Type 13.prefab using Guid(9f7bd4babfcc74a4a8e915af7ec75856) Importer(815301076,1909f56bfc062723c751e8b465ee728b)  -> (artifact id: '05d9147f30f64373efa4184ae8b35b13') in 0.011655 seconds 
========================================================================
Received Import Request.
  Time since last request: 0.041365 seconds.
  path: Assets/ThirtPartyAssets/mighty_handful/Hyper-Casual Characters (28 BodyTypes)/Prefabs/Body Type 15.prefab
  artifactKey: Guid(60e71007d98d64866b8ca535bc4c935b) Importer(815301076,1909f56bfc062723c751e8b465ee728b)
Start importing Assets/ThirtPartyAssets/mighty_handful/Hyper-Casual Characters (28 BodyTypes)/Prefabs/Body Type 15.prefab using Guid(60e71007d98d64866b8ca535bc4c935b) Importer(815301076,1909f56bfc062723c751e8b465ee728b)  -> (artifact id: '93f80df2127a70463bc982634422fcd7') in 0.010910 seconds 
========================================================================
Received Import Request.
  Time since last request: 0.014908 seconds.
  path: Assets/ThirtPartyAssets/mighty_handful/Hyper-Casual Characters (28 BodyTypes)/Prefabs/Body Type 16_1.prefab
  artifactKey: Guid(ce9a94b9a88b9464ea2a82243c98c216) Importer(815301076,1909f56bfc062723c751e8b465ee728b)
Start importing Assets/ThirtPartyAssets/mighty_handful/Hyper-Casual Characters (28 BodyTypes)/Prefabs/Body Type 16_1.prefab using Guid(ce9a94b9a88b9464ea2a82243c98c216) Importer(815301076,1909f56bfc062723c751e8b465ee728b)  -> (artifact id: 'dbe9803d41427e99daee8bb909bb3003') in 0.009591 seconds 
========================================================================
Received Import Request.
  Time since last request: 0.930457 seconds.
  path: Assets/ThirtPartyAssets/mighty_handful/Hyper-Casual Characters (28 BodyTypes)/Prefabs/Body Type 18.prefab
  artifactKey: Guid(b8c85d29ade854f17b1ddd8eeca81854) Importer(815301076,1909f56bfc062723c751e8b465ee728b)
Start importing Assets/ThirtPartyAssets/mighty_handful/Hyper-Casual Characters (28 BodyTypes)/Prefabs/Body Type 18.prefab using Guid(b8c85d29ade854f17b1ddd8eeca81854) Importer(815301076,1909f56bfc062723c751e8b465ee728b)  -> (artifact id: '8eb75188663c218ada3397b586551a7a') in 0.011612 seconds 
========================================================================
Received Import Request.
  Time since last request: 0.026015 seconds.
  path: Assets/ThirtPartyAssets/mighty_handful/Hyper-Casual Characters (28 BodyTypes)/Prefabs/Body Type 20.prefab
  artifactKey: Guid(6f7bc31dc84624e07b539d01cbe45064) Importer(815301076,1909f56bfc062723c751e8b465ee728b)
Start importing Assets/ThirtPartyAssets/mighty_handful/Hyper-Casual Characters (28 BodyTypes)/Prefabs/Body Type 20.prefab using Guid(6f7bc31dc84624e07b539d01cbe45064) Importer(815301076,1909f56bfc062723c751e8b465ee728b)  -> (artifact id: '93a1e1163a0031c67eb134c467a5fcd2') in 0.008909 seconds 
========================================================================
Received Import Request.
  Time since last request: 0.958976 seconds.
  path: Assets/ThirtPartyAssets/mighty_handful/Hyper-Casual Characters (28 BodyTypes)/Prefabs/Body Type 22.prefab
  artifactKey: Guid(7ea711ad233834df8b2344e60f2b9636) Importer(815301076,1909f56bfc062723c751e8b465ee728b)
Start importing Assets/ThirtPartyAssets/mighty_handful/Hyper-Casual Characters (28 BodyTypes)/Prefabs/Body Type 22.prefab using Guid(7ea711ad233834df8b2344e60f2b9636) Importer(815301076,1909f56bfc062723c751e8b465ee728b)  -> (artifact id: 'f0996764eab3e1ae08c609c2efea1969') in 0.010836 seconds 
========================================================================
Received Import Request.
  Time since last request: 0.461626 seconds.
  path: Assets/ThirtPartyAssets/mighty_handful/Hyper-Casual Characters (28 BodyTypes)/Prefabs/Body Type 24.prefab
  artifactKey: Guid(fb828eb44be2340759201f328b1ba957) Importer(815301076,1909f56bfc062723c751e8b465ee728b)
Start importing Assets/ThirtPartyAssets/mighty_handful/Hyper-Casual Characters (28 BodyTypes)/Prefabs/Body Type 24.prefab using Guid(fb828eb44be2340759201f328b1ba957) Importer(815301076,1909f56bfc062723c751e8b465ee728b)  -> (artifact id: 'bb6b235c52934f1de4ab33a05393b855') in 0.009553 seconds 
========================================================================
Received Prepare
Registering precompiled user dll's ...
Registered in 0.005492 seconds.
Begin MonoManager ReloadAssembly
Symbol file LoadedFromMemory doesn't match image D:\Underground_Hole_Clone\Underground_Hole\Library\PackageCache\com.unity.visualscripting@1.8.0\Editor\VisualScripting.Core\Dependencies\YamlDotNet\Unity.VisualScripting.YamlDotNet.dll
Symbol file LoadedFromMemory doesn't match image D:\Underground_Hole_Clone\Underground_Hole\Library\PackageCache\com.unity.visualscripting@1.8.0\Editor\VisualScripting.Core\Dependencies\DotNetZip\Unity.VisualScripting.IonicZip.dll
Native extension for UWP target not found
Native extension for WindowsStandalone target not found
Native extension for iOS target not found
Native extension for Android target not found
Refreshing native plugins compatible for Editor in 1.47 ms, found 3 plugins.
Preloading 0 native plugins for Editor in 0.00 ms.
Mono: successfully reloaded assembly
- Completed reload, in  0.831 seconds
Domain Reload Profiling:
	ReloadAssembly (831ms)
		BeginReloadAssembly (139ms)
			ExecutionOrderSort (0ms)
			DisableScriptedObjects (5ms)
			BackupInstance (0ms)
			ReleaseScriptingObjects (0ms)
			CreateAndSetChildDomain (39ms)
		EndReloadAssembly (621ms)
			LoadAssemblies (89ms)
			RebuildTransferFunctionScriptingTraits (0ms)
			SetupTypeCache (219ms)
			ReleaseScriptCaches (2ms)
			RebuildScriptCaches (41ms)
			SetupLoadedEditorAssemblies (249ms)
				LogAssemblyErrors (0ms)
				InitializePlatformSupportModulesInManaged (26ms)
				SetLoadedEditorAssemblies (0ms)
				RefreshPlugins (2ms)
				BeforeProcessingInitializeOnLoad (58ms)
				ProcessInitializeOnLoadAttributes (140ms)
				ProcessInitializeOnLoadMethodAttributes (15ms)
				AfterProcessingInitializeOnLoad (8ms)
				EditorAssembliesLoaded (0ms)
			ExecutionOrderSort2 (0ms)
			AwakeInstancesAfterBackupRestoration (4ms)
Platform modules already initialized, skipping
Refreshing native plugins compatible for Editor in 3.80 ms, found 3 plugins.
Preloading 0 native plugins for Editor in 0.00 ms.
Unloading 3153 Unused Serialized files (Serialized files now loaded: 0)
Unloading 40 unused Assets / (3.7 MB). Loaded Objects now: 3733.
Memory consumption went from 163.1 MB to 159.4 MB.
Total: 3.704100 ms (FindLiveObjects: 0.223400 ms CreateObjectMapping: 0.064500 ms MarkObjects: 2.044300 ms  DeleteObjects: 1.371000 ms)

AssetImportParameters requested are different than current active one (requested -> active):
  custom:video-decoder-ogg-theora: a1e56fd34408186e4bbccfd4996cb3dc -> 
  custom:container-muxer-webm: aa71ff27fc2769a1b78a27578f13a17b -> 
  custom:container-demuxer-webm: 4f35f7cbe854078d1ac9338744f61a02 -> 
  custom:video-encoder-webm-vp8: eb34c28f22e8b96e1ab97ce403110664 -> 
  custom:audio-encoder-webm-vorbis: bf7c407c2cedff20999df2af8eb42d56 -> 
  custom:framework-win-MediaFoundation: 216162199b28c13a410421893ffa2e32 -> 
  custom:container-demuxer-ogg: 62fdf1f143b41e24485cea50d1cbac27 -> 
  custom:video-decoder-webm-vp8: 9c59270c3fd7afecdb556c50c9e8de78 -> 
  custom:audio-decoder-ogg-vorbis: bf7c407c2cedff20999df2af8eb42d56 -> 
========================================================================
Received Import Request.
  Time since last request: 47.209091 seconds.
  path: Assets/Animation/generator.anim
  artifactKey: Guid(abcfdf5e641afe24fbd972aad35d4087) Importer(815301076,1909f56bfc062723c751e8b465ee728b)
Start importing Assets/Animation/generator.anim using Guid(abcfdf5e641afe24fbd972aad35d4087) Importer(815301076,1909f56bfc062723c751e8b465ee728b)  -> (artifact id: 'b7aafb73a2aa07ff2bb58796948aff85') in 0.020765 seconds 
========================================================================
Received Import Request.
  Time since last request: 2.538706 seconds.
  path: Assets/Animation/generatorBody.anim
  artifactKey: Guid(839fe50b758f363498ed5298bd7b77ff) Importer(815301076,1909f56bfc062723c751e8b465ee728b)
Start importing Assets/Animation/generatorBody.anim using Guid(839fe50b758f363498ed5298bd7b77ff) Importer(815301076,1909f56bfc062723c751e8b465ee728b)  -> (artifact id: '3dbebbf6a41f003ad31dae701d2e5e47') in 0.002600 seconds 
========================================================================
Received Import Request.
  Time since last request: 1.236765 seconds.
  path: Assets/Animation/kasa.controller
  artifactKey: Guid(ccb327e16cd99d148be12a14ab30028a) Importer(815301076,1909f56bfc062723c751e8b465ee728b)
Start importing Assets/Animation/kasa.controller using Guid(ccb327e16cd99d148be12a14ab30028a) Importer(815301076,1909f56bfc062723c751e8b465ee728b)  -> (artifact id: 'dca926381c2c5f9046b7b83ace9fc7b0') in 0.004633 seconds 
========================================================================
Received Import Request.
  Time since last request: 0.569914 seconds.
  path: Assets/Animation/ruzgarTrbn_Anim.anim
  artifactKey: Guid(598fd84d38a318949bfb752b47f77a3a) Importer(815301076,1909f56bfc062723c751e8b465ee728b)
Start importing Assets/Animation/ruzgarTrbn_Anim.anim using Guid(598fd84d38a318949bfb752b47f77a3a) Importer(815301076,1909f56bfc062723c751e8b465ee728b)  -> (artifact id: '8afb44d41e628faffda0351eee976d04') in 0.002536 seconds 
========================================================================
Received Import Request.
  Time since last request: 1.099328 seconds.
  path: Assets/Animation/pervane_003.controller
  artifactKey: Guid(454cc013ab17cb04d87d19de7b1bb98a) Importer(815301076,1909f56bfc062723c751e8b465ee728b)
Start importing Assets/Animation/pervane_003.controller using Guid(454cc013ab17cb04d87d19de7b1bb98a) Importer(815301076,1909f56bfc062723c751e8b465ee728b)  -> (artifact id: 'f978112ce5a1a76e8d04a4eae3d54da5') in 0.002759 seconds 
========================================================================
Received Import Request.
  Time since last request: 11.080582 seconds.
  path: Assets/Art/Images/Collectable_png/collectable_png1
  artifactKey: Guid(31c14518202fd7c488db2be339b25e56) Importer(815301076,1909f56bfc062723c751e8b465ee728b)
Start importing Assets/Art/Images/Collectable_png/collectable_png1 using Guid(31c14518202fd7c488db2be339b25e56) Importer(815301076,1909f56bfc062723c751e8b465ee728b)  -> (artifact id: '50fef8c267495e85ac48c9294955dc26') in 0.002124 seconds 
========================================================================
Received Import Request.
  Time since last request: 1.310714 seconds.
  path: Assets/Art/Images/Collectable_png/collectable_png1/demir.png
  artifactKey: Guid(6692de9411c18a04ea7fa035034ebf8f) Importer(815301076,1909f56bfc062723c751e8b465ee728b)
Start importing Assets/Art/Images/Collectable_png/collectable_png1/demir.png using Guid(6692de9411c18a04ea7fa035034ebf8f) Importer(815301076,1909f56bfc062723c751e8b465ee728b)  -> (artifact id: '56b33ca87ddc46fb79c337a0779998a8') in 0.069404 seconds 
========================================================================
Received Import Request.
  Time since last request: 6.622051 seconds.
  path: Assets/Art/Images/Collectable_png/collectable_png1/plastik.png
  artifactKey: Guid(d5d260633ee6797428f97880592431ac) Importer(815301076,1909f56bfc062723c751e8b465ee728b)
Start importing Assets/Art/Images/Collectable_png/collectable_png1/plastik.png using Guid(d5d260633ee6797428f97880592431ac) Importer(815301076,1909f56bfc062723c751e8b465ee728b)  -> (artifact id: 'c991e677c536da6fd3f6cf0c844b916e') in 0.183667 seconds 
========================================================================
Received Import Request.
  Time since last request: 0.000023 seconds.
  path: Assets/Art/Images/Collectable_png/collectable_png1/tahta.png
  artifactKey: Guid(7de54538178bd9b46a27653afd971049) Importer(815301076,1909f56bfc062723c751e8b465ee728b)
Start importing Assets/Art/Images/Collectable_png/collectable_png1/tahta.png using Guid(7de54538178bd9b46a27653afd971049) Importer(815301076,1909f56bfc062723c751e8b465ee728b)  -> (artifact id: '6d300ea1b3819ea702a297a383222c7e') in 0.156769 seconds 
========================================================================
Received Import Request.
  Time since last request: 1.068008 seconds.
  path: Assets/Art/Images/Collectable_png/collectable_png2/altin.png
  artifactKey: Guid(0dd89afeadebf75458e2a58779dbac62) Importer(815301076,1909f56bfc062723c751e8b465ee728b)
Start importing Assets/Art/Images/Collectable_png/collectable_png2/altin.png using Guid(0dd89afeadebf75458e2a58779dbac62) Importer(815301076,1909f56bfc062723c751e8b465ee728b)  -> (artifact id: 'c266bc5df19c29c47b2e2d37a25940e0') in 0.032169 seconds 
========================================================================
Received Import Request.
  Time since last request: 4.331251 seconds.
  path: Assets/Art/Images/Collectable_png/collectable_png2/gumus.png
  artifactKey: Guid(91f02cff22290704290d413e540a58ad) Importer(815301076,1909f56bfc062723c751e8b465ee728b)
Start importing Assets/Art/Images/Collectable_png/collectable_png2/gumus.png using Guid(91f02cff22290704290d413e540a58ad) Importer(815301076,1909f56bfc062723c751e8b465ee728b)  -> (artifact id: '91282143b422189bb2a0c4709e40ef22') in 0.263221 seconds 
========================================================================
Received Import Request.
  Time since last request: 1.690718 seconds.
  path: Assets/Art/Images/Collectable_png/collectable_png3/demir.png
  artifactKey: Guid(6bfb7422a8aeff249baaa445072c038d) Importer(815301076,1909f56bfc062723c751e8b465ee728b)
Start importing Assets/Art/Images/Collectable_png/collectable_png3/demir.png using Guid(6bfb7422a8aeff249baaa445072c038d) Importer(815301076,1909f56bfc062723c751e8b465ee728b)  -> (artifact id: '83bb06eaa4f1e03808a732492419eb94') in 0.019307 seconds 
========================================================================
Received Import Request.
  Time since last request: 0.000015 seconds.
  path: Assets/Art/Images/Collectable_png/collectable_png3/tugla.png
  artifactKey: Guid(9c35b685238eebb41a4c3dc73c8c102a) Importer(815301076,1909f56bfc062723c751e8b465ee728b)
Start importing Assets/Art/Images/Collectable_png/collectable_png3/tugla.png using Guid(9c35b685238eebb41a4c3dc73c8c102a) Importer(815301076,1909f56bfc062723c751e8b465ee728b)  -> (artifact id: '8da08ae02734d2adaf8b55c3bf2744d8') in 0.006583 seconds 
========================================================================
Received Import Request.
  Time since last request: 4.509115 seconds.
  path: Assets/Art/Images/Collectable_png/collectable_png3/tugla.png
  artifactKey: Guid(9c35b685238eebb41a4c3dc73c8c102a) Importer(815301076,1909f56bfc062723c751e8b465ee728b)
Start importing Assets/Art/Images/Collectable_png/collectable_png3/tugla.png using Guid(9c35b685238eebb41a4c3dc73c8c102a) Importer(815301076,1909f56bfc062723c751e8b465ee728b)  -> (artifact id: 'a4b528478c84c7f0ed986a49805575fc') in 0.018008 seconds 
========================================================================
Received Import Request.
  Time since last request: 0.009721 seconds.
  path: Assets/Art/Images/Collectable_png/collectable_png3/demir.png
  artifactKey: Guid(6bfb7422a8aeff249baaa445072c038d) Importer(815301076,1909f56bfc062723c751e8b465ee728b)
Start importing Assets/Art/Images/Collectable_png/collectable_png3/demir.png using Guid(6bfb7422a8aeff249baaa445072c038d) Importer(815301076,1909f56bfc062723c751e8b465ee728b)  -> (artifact id: 'c5a524c7261f8ebe8f2648d0b4d0620d') in 0.017360 seconds 
========================================================================
Received Import Request.
  Time since last request: 1.430054 seconds.
  path: Assets/Art/Images/Collectable_png/collectable_png4/1.png
  artifactKey: Guid(3297006fa4de99b41b044cb16d460fd4) Importer(815301076,1909f56bfc062723c751e8b465ee728b)
Start importing Assets/Art/Images/Collectable_png/collectable_png4/1.png using Guid(3297006fa4de99b41b044cb16d460fd4) Importer(815301076,1909f56bfc062723c751e8b465ee728b)  -> (artifact id: 'c63855d45eac0099c887be60d06e6f87') in 0.019633 seconds 
========================================================================
Received Import Request.
  Time since last request: 0.000019 seconds.
  path: Assets/Art/Images/Collectable_png/collectable_png4/8.png
  artifactKey: Guid(2b27ca35326ead64b8e60236b1e31ed1) Importer(815301076,1909f56bfc062723c751e8b465ee728b)
Start importing Assets/Art/Images/Collectable_png/collectable_png4/8.png using Guid(2b27ca35326ead64b8e60236b1e31ed1) Importer(815301076,1909f56bfc062723c751e8b465ee728b)  -> (artifact id: 'd63d0289f785c4fc6ad35ce255435c8a') in 0.007325 seconds 
========================================================================
Received Import Request.
  Time since last request: 0.000028 seconds.
  path: Assets/Art/Images/Collectable_png/collectable_png4/6.png
  artifactKey: Guid(a808d4ec2ea1d6f419378e3ead2bea21) Importer(815301076,1909f56bfc062723c751e8b465ee728b)
Start importing Assets/Art/Images/Collectable_png/collectable_png4/6.png using Guid(a808d4ec2ea1d6f419378e3ead2bea21) Importer(815301076,1909f56bfc062723c751e8b465ee728b)  -> (artifact id: '176df1bc9020b5d2cdd7b883c142a397') in 0.008596 seconds 
========================================================================
Received Import Request.
  Time since last request: 0.000015 seconds.
  path: Assets/Art/Images/Collectable_png/collectable_png4/tugla.png
  artifactKey: Guid(a8d21e22fb1fd6d44a0940ef788a05c8) Importer(815301076,1909f56bfc062723c751e8b465ee728b)
Start importing Assets/Art/Images/Collectable_png/collectable_png4/tugla.png using Guid(a8d21e22fb1fd6d44a0940ef788a05c8) Importer(815301076,1909f56bfc062723c751e8b465ee728b)  -> (artifact id: 'e8dd37ce2c546697a0cdb331d4ee230a') in 0.007828 seconds 
========================================================================
Received Import Request.
  Time since last request: 0.000016 seconds.
  path: Assets/Art/Images/Collectable_png/collectable_png4/4.png
  artifactKey: Guid(21844821a5b87ce40b472f8015cdf581) Importer(815301076,1909f56bfc062723c751e8b465ee728b)
Start importing Assets/Art/Images/Collectable_png/collectable_png4/4.png using Guid(21844821a5b87ce40b472f8015cdf581) Importer(815301076,1909f56bfc062723c751e8b465ee728b)  -> (artifact id: 'b4db6aec3f4bb8fda15a91ee41e58ba3') in 0.006843 seconds 
========================================================================
Received Import Request.
  Time since last request: 0.000015 seconds.
  path: Assets/Art/Images/Collectable_png/collectable_png4/7.png
  artifactKey: Guid(a5995c01804923948bf33dee21146ad3) Importer(815301076,1909f56bfc062723c751e8b465ee728b)
Start importing Assets/Art/Images/Collectable_png/collectable_png4/7.png using Guid(a5995c01804923948bf33dee21146ad3) Importer(815301076,1909f56bfc062723c751e8b465ee728b)  -> (artifact id: '01a14f095af9069c543e5ecc67bb22d0') in 0.013694 seconds 
========================================================================
Received Import Request.
  Time since last request: 5.347370 seconds.
  path: Assets/Art/Images/Collectable_png/collectable_png4/1.png
  artifactKey: Guid(3297006fa4de99b41b044cb16d460fd4) Importer(815301076,1909f56bfc062723c751e8b465ee728b)
Start importing Assets/Art/Images/Collectable_png/collectable_png4/1.png using Guid(3297006fa4de99b41b044cb16d460fd4) Importer(815301076,1909f56bfc062723c751e8b465ee728b)  -> (artifact id: '4c10f8d0db93ed3987febffc0f4bb7e0') in 0.015725 seconds 
========================================================================
Received Import Request.
  Time since last request: 0.015887 seconds.
  path: Assets/Art/Images/Collectable_png/collectable_png4/5.png
  artifactKey: Guid(978a38f16a57fb54894abe4041cadeaf) Importer(815301076,1909f56bfc062723c751e8b465ee728b)
Start importing Assets/Art/Images/Collectable_png/collectable_png4/5.png using Guid(978a38f16a57fb54894abe4041cadeaf) Importer(815301076,1909f56bfc062723c751e8b465ee728b)  -> (artifact id: '18b32e7744d22974bec00d90fbee9758') in 0.014718 seconds 
========================================================================
Received Import Request.
  Time since last request: 0.000019 seconds.
  path: Assets/Art/Images/Collectable_png/collectable_png4/8.png
  artifactKey: Guid(2b27ca35326ead64b8e60236b1e31ed1) Importer(815301076,1909f56bfc062723c751e8b465ee728b)
Start importing Assets/Art/Images/Collectable_png/collectable_png4/8.png using Guid(2b27ca35326ead64b8e60236b1e31ed1) Importer(815301076,1909f56bfc062723c751e8b465ee728b)  -> (artifact id: 'fd10790cc58b098df9bdc78efa7e6f20') in 0.013227 seconds 
========================================================================
Received Import Request.
  Time since last request: 0.000016 seconds.
  path: Assets/Art/Images/Collectable_png/collectable_png4/tugla.png
  artifactKey: Guid(a8d21e22fb1fd6d44a0940ef788a05c8) Importer(815301076,1909f56bfc062723c751e8b465ee728b)
Start importing Assets/Art/Images/Collectable_png/collectable_png4/tugla.png using Guid(a8d21e22fb1fd6d44a0940ef788a05c8) Importer(815301076,1909f56bfc062723c751e8b465ee728b)  -> (artifact id: 'e34196909175d840d597cf6f1e213c1a') in 0.023395 seconds 
========================================================================
Received Import Request.
  Time since last request: 2.261557 seconds.
  path: Assets/Art/Images/Collectable_png/collectable_png5/donut
  artifactKey: Guid(7fd1086087fc2144eb1aa46847d0832e) Importer(815301076,1909f56bfc062723c751e8b465ee728b)
Start importing Assets/Art/Images/Collectable_png/collectable_png5/donut using Guid(7fd1086087fc2144eb1aa46847d0832e) Importer(815301076,1909f56bfc062723c751e8b465ee728b)  -> (artifact id: '9da3db7d0628e620ef43fcbedb7a7d6b') in 0.001530 seconds 
========================================================================
Received Import Request.
  Time since last request: 0.090290 seconds.
  path: Assets/Art/Images/Collectable_png/collectable_png5/donut/donut1.png
  artifactKey: Guid(094cdefc5d9505e47b22d35e102ce665) Importer(815301076,1909f56bfc062723c751e8b465ee728b)
Start importing Assets/Art/Images/Collectable_png/collectable_png5/donut/donut1.png using Guid(094cdefc5d9505e47b22d35e102ce665) Importer(815301076,1909f56bfc062723c751e8b465ee728b)  -> (artifact id: 'ec0dce3c650b7d5132db1ab4d6b09285') in 0.021134 seconds 
========================================================================
Received Import Request.
  Time since last request: 4.189886 seconds.
  path: Assets/Art/Images/Collectable_png/collectable_png5/donut/donut3.png
  artifactKey: Guid(6948e9fc703202c448bac8f074852595) Importer(815301076,1909f56bfc062723c751e8b465ee728b)
Start importing Assets/Art/Images/Collectable_png/collectable_png5/donut/donut3.png using Guid(6948e9fc703202c448bac8f074852595) Importer(815301076,1909f56bfc062723c751e8b465ee728b)  -> (artifact id: '16025dc5c5a7adce0b3e9d058af2a354') in 0.015352 seconds 
========================================================================
Received Import Request.
  Time since last request: 0.013571 seconds.
  path: Assets/Art/Images/Collectable_png/collectable_png5/donut/donut1.png
  artifactKey: Guid(094cdefc5d9505e47b22d35e102ce665) Importer(815301076,1909f56bfc062723c751e8b465ee728b)
Start importing Assets/Art/Images/Collectable_png/collectable_png5/donut/donut1.png using Guid(094cdefc5d9505e47b22d35e102ce665) Importer(815301076,1909f56bfc062723c751e8b465ee728b)  -> (artifact id: '0c7a511923b84cc96c81fee394548ea4') in 0.017777 seconds 
========================================================================
Received Import Request.
  Time since last request: 2.683123 seconds.
  path: Assets/Art/Images/Collectable_png/collectable_png6/elmaslar
  artifactKey: Guid(d46908a95af72874c8de6d68f3a9896b) Importer(815301076,1909f56bfc062723c751e8b465ee728b)
Start importing Assets/Art/Images/Collectable_png/collectable_png6/elmaslar using Guid(d46908a95af72874c8de6d68f3a9896b) Importer(815301076,1909f56bfc062723c751e8b465ee728b)  -> (artifact id: '407ab4b50c29a84ca4bf8c83f05e73fa') in 0.002106 seconds 
========================================================================
Received Import Request.
  Time since last request: 0.055346 seconds.
  path: Assets/Art/Images/Collectable_png/collectable_png6/elmaslar/kirmizi.png
  artifactKey: Guid(7eb5fd80029fd094689a505e76e9248b) Importer(815301076,1909f56bfc062723c751e8b465ee728b)
Start importing Assets/Art/Images/Collectable_png/collectable_png6/elmaslar/kirmizi.png using Guid(7eb5fd80029fd094689a505e76e9248b) Importer(815301076,1909f56bfc062723c751e8b465ee728b)  -> (artifact id: '12b33bca73cffe2058bfd2d628eb16ea') in 0.012927 seconds 
========================================================================
Received Import Request.
  Time since last request: 4.540369 seconds.
  path: Assets/Art/Images/Collectable_png/collectable_png6/elmaslar/mavi.png
  artifactKey: Guid(82d4405d1845f43468bbb07404dc812e) Importer(815301076,1909f56bfc062723c751e8b465ee728b)
Start importing Assets/Art/Images/Collectable_png/collectable_png6/elmaslar/mavi.png using Guid(82d4405d1845f43468bbb07404dc812e) Importer(815301076,1909f56bfc062723c751e8b465ee728b)  -> (artifact id: '17975118eb081e93e420da2a21c86684') in 0.175594 seconds 
========================================================================
Received Import Request.
  Time since last request: 4.312300 seconds.
  path: Assets/Art/Material/M_Coffe/Material.061.mat
  artifactKey: Guid(4bff25cb64e30b443a38734b05259a38) Importer(815301076,1909f56bfc062723c751e8b465ee728b)
Start importing Assets/Art/Material/M_Coffe/Material.061.mat using Guid(4bff25cb64e30b443a38734b05259a38) Importer(815301076,1909f56bfc062723c751e8b465ee728b) Shader error in 'Toony Colors Pro 2/Legacy/Mobile': Couldn't open include file 'Include/TCP2_Include.cginc'. at line 34

Compiling Subshader: 0, Pass: FORWARD, Vertex program with DIRECTIONAL LIGHTPROBE_SH
Platform defines: SHADER_API_DESKTOP UNITY_ENABLE_DETAIL_NORMALMAP UNITY_ENABLE_REFLECTION_BUFFERS UNITY_LIGHTMAP_FULL_HDR UNITY_LIGHT_PROBE_PROXY_VOLUME UNITY_PASS_FORWARDBASE UNITY_PBS_USE_BRDF1 UNITY_SPECCUBE_BLENDING UNITY_SPECCUBE_BOX_PROJECTION UNITY_USE_DITHER_MASK_FOR_ALPHABLENDED_SHADOWS
Disabled keywords: DIRLIGHTMAP_COMBINED DYNAMICLIGHTMAP_ON FOG_EXP FOG_EXP2 FOG_LINEAR INSTANCING_ON LIGHTMAP_ON LIGHTMAP_SHADOW_MIXING SHADER_API_GLES30 SHADOWS_SCREEN SHADOWS_SHADOWMASK TCP2_BUMP TCP2_DISABLE_WRAPPED_LIGHT TCP2_RAMPTEXT UNITY_ASTC_NORMALMAP_ENCODING UNITY_COLORSPACE_GAMMA UNITY_ENABLE_NATIVE_SHADOW_LOOKUPS UNITY_FRAMEBUFFER_FETCH_AVAILABLE UNITY_HALF_PRECISION_FRAGMENT_SHADER_REGISTERS UNITY_HARDWARE_TIER1 UNITY_HARDWARE_TIER2 UNITY_HARDWARE_TIER3 UNITY_LIGHTMAP_DLDR_ENCODING UNITY_LIGHTMAP_RGBM_ENCODING UNITY_METAL_SHADOWS_USE_POINT_FILTERING UNITY_NO_DXT5nm UNITY_NO_FULL_STANDARD_SHADER UNITY_NO_SCREENSPACE_SHADOWS UNITY_PBS_USE_BRDF2 UNITY_PBS_USE_BRDF3 UNITY_PRETRANSFORM_TO_DISPLAY_ORIENTATION UNITY_UNIFIED_SHADER_PRECISION_MODEL UNITY_VIRTUAL_TEXTURING VERTEXLIGHT_ON
Shader error in 'Toony Colors Pro 2/Legacy/Mobile': Couldn't open include file 'Include/TCP2_Include.cginc'. at line 34

Compiling Subshader: 0, Pass: FORWARD, Vertex program with DIRECTIONAL LIGHTPROBE_SH
Platform defines: SHADER_API_DESKTOP UNITY_ENABLE_DETAIL_NORMALMAP UNITY_ENABLE_REFLECTION_BUFFERS UNITY_LIGHTMAP_FULL_HDR UNITY_LIGHT_PROBE_PROXY_VOLUME UNITY_PASS_FORWARDBASE UNITY_PBS_USE_BRDF1 UNITY_SPECCUBE_BLENDING UNITY_SPECCUBE_BOX_PROJECTION UNITY_USE_DITHER_MASK_FOR_ALPHABLENDED_SHADOWS
Disabled keywords: DIRLIGHTMAP_COMBINED DYNAMICLIGHTMAP_ON FOG_EXP FOG_EXP2 FOG_LINEAR INSTANCING_ON LIGHTMAP_ON LIGHTMAP_SHADOW_MIXING SHADER_API_GLES30 SHADOWS_SCREEN SHADOWS_SHADOWMASK TCP2_BUMP TCP2_DISABLE_WRAPPED_LIGHT TCP2_RAMPTEXT UNITY_ASTC_NORMALMAP_ENCODING UNITY_COLORSPACE_GAMMA UNITY_ENABLE_NATIVE_SHADOW_LOOKUPS UNITY_FRAMEBUFFER_FETCH_AVAILABLE UNITY_HALF_PRECISION_FRAGMENT_SHADER_REGISTERS UNITY_HARDWARE_TIER1 UNITY_HARDWARE_TIER2 UNITY_HARDWARE_TIER3 UNITY_LIGHTMAP_DLDR_ENCODING UNITY_LIGHTMAP_RGBM_ENCODING UNITY_METAL_SHADOWS_USE_POINT_FILTERING UNITY_NO_DXT5nm UNITY_NO_FULL_STANDARD_SHADER UNITY_NO_SCREENSPACE_SHADOWS UNITY_PBS_USE_BRDF2 UNITY_PBS_USE_BRDF3 UNITY_PRETRANSFORM_TO_DISPLAY_ORIENTATION UNITY_UNIFIED_SHADER_PRECISION_MODEL UNITY_VIRTUAL_TEXTURING VERTEXLIGHT_ON
 -> (artifact id: '65c628ff7edfc48930da2c724ad46ee5') in 0.053820 seconds 
========================================================================
Received Import Request.
  Time since last request: 0.000015 seconds.
  path: Assets/Art/Material/M_Coffe/Material.065.mat
  artifactKey: Guid(b3b72d0496a437d43bad4438bb1297dc) Importer(815301076,1909f56bfc062723c751e8b465ee728b)
Start importing Assets/Art/Material/M_Coffe/Material.065.mat using Guid(b3b72d0496a437d43bad4438bb1297dc) Importer(815301076,1909f56bfc062723c751e8b465ee728b)  -> (artifact id: '7c80b50d30f9f80bd48fcadfe783004b') in 0.007757 seconds 
========================================================================
Received Import Request.
  Time since last request: 0.000013 seconds.
  path: Assets/Art/Material/M_Coffe/Material.064.mat
  artifactKey: Guid(84539c8082d686a438f8b316afeea555) Importer(815301076,1909f56bfc062723c751e8b465ee728b)
Start importing Assets/Art/Material/M_Coffe/Material.064.mat using Guid(84539c8082d686a438f8b316afeea555) Importer(815301076,1909f56bfc062723c751e8b465ee728b)  -> (artifact id: '8cfad673fc1d5041aa0211e4eeb917ed') in 0.006718 seconds 
========================================================================
Received Import Request.
  Time since last request: 0.000017 seconds.
  path: Assets/Art/Material/M_Coffe/Material.070.mat
  artifactKey: Guid(ecd9067e4190ef04e91b5a3d8c67d536) Importer(815301076,1909f56bfc062723c751e8b465ee728b)
Start importing Assets/Art/Material/M_Coffe/Material.070.mat using Guid(ecd9067e4190ef04e91b5a3d8c67d536) Importer(815301076,1909f56bfc062723c751e8b465ee728b)  -> (artifact id: 'b593d68b884824edb9efda0d2f8549ea') in 0.007086 seconds 
========================================================================
Received Import Request.
  Time since last request: 0.000012 seconds.
  path: Assets/Art/Material/M_Coffe/Material.072.mat
  artifactKey: Guid(2d62dda774f63284297267c6964bc085) Importer(815301076,1909f56bfc062723c751e8b465ee728b)
Start importing Assets/Art/Material/M_Coffe/Material.072.mat using Guid(2d62dda774f63284297267c6964bc085) Importer(815301076,1909f56bfc062723c751e8b465ee728b)  -> (artifact id: '9c5f8967f8000de003a8dcc244ed74e3') in 0.011325 seconds 
========================================================================
Received Import Request.
  Time since last request: 0.689371 seconds.
  path: Assets/Art/Material/M_dondurma/Material.001.mat
  artifactKey: Guid(2cb6acdf8f0224544a25947683bd664d) Importer(815301076,1909f56bfc062723c751e8b465ee728b)
Start importing Assets/Art/Material/M_dondurma/Material.001.mat using Guid(2cb6acdf8f0224544a25947683bd664d) Importer(815301076,1909f56bfc062723c751e8b465ee728b)  -> (artifact id: '1fd67d308dcea4cfd9d6fc45530a6484') in 0.012781 seconds 
========================================================================
Received Import Request.
  Time since last request: 0.000014 seconds.
  path: Assets/Art/Material/M_dondurma/Material.004.mat
  artifactKey: Guid(2e499d09f4257fc42b4acce833b75a88) Importer(815301076,1909f56bfc062723c751e8b465ee728b)
Start importing Assets/Art/Material/M_dondurma/Material.004.mat using Guid(2e499d09f4257fc42b4acce833b75a88) Importer(815301076,1909f56bfc062723c751e8b465ee728b)  -> (artifact id: '4ef35bc8018cadbf38f60d30fd327f52') in 0.007823 seconds 
========================================================================
Received Import Request.
  Time since last request: 0.000012 seconds.
  path: Assets/Art/Material/M_dondurma/Material.013.mat
  artifactKey: Guid(91b4745c995715a489eb69787ec27b08) Importer(815301076,1909f56bfc062723c751e8b465ee728b)
Start importing Assets/Art/Material/M_dondurma/Material.013.mat using Guid(91b4745c995715a489eb69787ec27b08) Importer(815301076,1909f56bfc062723c751e8b465ee728b)  -> (artifact id: '47ef023ead16ab11115524c471d33dd3') in 0.018815 seconds 
========================================================================
Received Import Request.
  Time since last request: 0.000018 seconds.
  path: Assets/Art/Material/M_dondurma/Material.008.mat
  artifactKey: Guid(ccfcef8940f4de84bbdd67bd9dac3de2) Importer(815301076,1909f56bfc062723c751e8b465ee728b)
Start importing Assets/Art/Material/M_dondurma/Material.008.mat using Guid(ccfcef8940f4de84bbdd67bd9dac3de2) Importer(815301076,1909f56bfc062723c751e8b465ee728b)  -> (artifact id: 'a883b711bf1c529c663bdd6154f408ae') in 0.017012 seconds 
========================================================================
Received Import Request.
  Time since last request: 0.643503 seconds.
  path: Assets/Art/Material/M_RollerCoaster/Material.021.mat
  artifactKey: Guid(4e2618fd14130934595150902d06a456) Importer(815301076,1909f56bfc062723c751e8b465ee728b)
Start importing Assets/Art/Material/M_RollerCoaster/Material.021.mat using Guid(4e2618fd14130934595150902d06a456) Importer(815301076,1909f56bfc062723c751e8b465ee728b)  -> (artifact id: '6f774d1e641986cf744854dbad63d75a') in 0.008267 seconds 
========================================================================
Received Import Request.
  Time since last request: 0.000013 seconds.
  path: Assets/Art/Material/M_RollerCoaster/Material.110.mat
  artifactKey: Guid(1e7297a1dc7a0404681f2aef929af1bc) Importer(815301076,1909f56bfc062723c751e8b465ee728b)
Start importing Assets/Art/Material/M_RollerCoaster/Material.110.mat using Guid(1e7297a1dc7a0404681f2aef929af1bc) Importer(815301076,1909f56bfc062723c751e8b465ee728b)  -> (artifact id: '6d6ca40cba8156f19655a88a32485181') in 0.011345 seconds 
========================================================================
Received Import Request.
  Time since last request: 0.000013 seconds.
  path: Assets/Art/Material/M_RollerCoaster/Material.107.mat
  artifactKey: Guid(5335c54a48585c54295f19cb49ffdfa2) Importer(815301076,1909f56bfc062723c751e8b465ee728b)
Start importing Assets/Art/Material/M_RollerCoaster/Material.107.mat using Guid(5335c54a48585c54295f19cb49ffdfa2) Importer(815301076,1909f56bfc062723c751e8b465ee728b)  -> (artifact id: 'a014d3579216e50baae327239d82d61a') in 0.021152 seconds 
========================================================================
Received Import Request.
  Time since last request: 14.159325 seconds.
  path: Assets/Art/Material/M_WcDonalds/Material.058.mat
  artifactKey: Guid(300336eac87ab924ab70be63950af1d6) Importer(815301076,1909f56bfc062723c751e8b465ee728b)
Start importing Assets/Art/Material/M_WcDonalds/Material.058.mat using Guid(300336eac87ab924ab70be63950af1d6) Importer(815301076,1909f56bfc062723c751e8b465ee728b)  -> (artifact id: '358b6bd1316044a3837fb792b98b36f5') in 0.013971 seconds 
========================================================================
Received Import Request.
  Time since last request: 0.000016 seconds.
  path: Assets/Art/Material/M_WcDonalds/Material.092.mat
  artifactKey: Guid(5a9780d42c58c8e439be7794d7ac326e) Importer(815301076,1909f56bfc062723c751e8b465ee728b)
Start importing Assets/Art/Material/M_WcDonalds/Material.092.mat using Guid(5a9780d42c58c8e439be7794d7ac326e) Importer(815301076,1909f56bfc062723c751e8b465ee728b)  -> (artifact id: '50eea65dae8103f8fb581b6cc31073c6') in 0.011944 seconds 
========================================================================
Received Import Request.
  Time since last request: 0.000023 seconds.
  path: Assets/Art/Material/M_WcDonalds/Material.089.mat
  artifactKey: Guid(868cf07e5e836f3469708bb77052b8e1) Importer(815301076,1909f56bfc062723c751e8b465ee728b)
Start importing Assets/Art/Material/M_WcDonalds/Material.089.mat using Guid(868cf07e5e836f3469708bb77052b8e1) Importer(815301076,1909f56bfc062723c751e8b465ee728b)  -> (artifact id: '01a55d52a63b8bab760a0d351f62e1da') in 0.010853 seconds 
========================================================================
Received Import Request.
  Time since last request: 0.000014 seconds.
  path: Assets/Art/Material/M_WcDonalds/Material.093.mat
  artifactKey: Guid(d39e676738543284bbcc98399c5a3668) Importer(815301076,1909f56bfc062723c751e8b465ee728b)
Start importing Assets/Art/Material/M_WcDonalds/Material.093.mat using Guid(d39e676738543284bbcc98399c5a3668) Importer(815301076,1909f56bfc062723c751e8b465ee728b)  -> (artifact id: '0aa33b5d1ccc28fa5ea2f5824f9468d7') in 0.009425 seconds 
========================================================================
Received Import Request.
  Time since last request: 1.845233 seconds.
  path: Assets/Art/Material/M_WcDonalds/Material.094.mat
  artifactKey: Guid(86d123afaf29c5548b3be4b17cc9a991) Importer(815301076,1909f56bfc062723c751e8b465ee728b)
Start importing Assets/Art/Material/M_WcDonalds/Material.094.mat using Guid(86d123afaf29c5548b3be4b17cc9a991) Importer(815301076,1909f56bfc062723c751e8b465ee728b)  -> (artifact id: 'e9d4e742c61938c57dd11d441ace66ea') in 0.012970 seconds 
========================================================================
Received Import Request.
  Time since last request: 0.039642 seconds.
  path: Assets/Art/Material/M_WcDonalds/Material.097.mat
  artifactKey: Guid(228a6984410aa464f8989fbdcc7ee2c9) Importer(815301076,1909f56bfc062723c751e8b465ee728b)
Start importing Assets/Art/Material/M_WcDonalds/Material.097.mat using Guid(228a6984410aa464f8989fbdcc7ee2c9) Importer(815301076,1909f56bfc062723c751e8b465ee728b)  -> (artifact id: 'd3610ef0fd3505d41297d174e3658798') in 0.008677 seconds 
========================================================================
Received Import Request.
  Time since last request: 0.024593 seconds.
  path: Assets/Art/Material/M_WcDonalds/SVGMat.004.mat
  artifactKey: Guid(75502a2777c0bea45ba9ec3084f5e7d2) Importer(815301076,1909f56bfc062723c751e8b465ee728b)
Start importing Assets/Art/Material/M_WcDonalds/SVGMat.004.mat using Guid(75502a2777c0bea45ba9ec3084f5e7d2) Importer(815301076,1909f56bfc062723c751e8b465ee728b)  -> (artifact id: '50e5a2452a011efb9e5a2cb882f165df') in 0.009983 seconds 
========================================================================
Received Import Request.
  Time since last request: 2.380272 seconds.
  path: Assets/Art/Models/Org_Model/WcDonaldsTexture/1.png
  artifactKey: Guid(af7be30da0c9c234e960ea768755ec85) Importer(815301076,1909f56bfc062723c751e8b465ee728b)
Start importing Assets/Art/Models/Org_Model/WcDonaldsTexture/1.png using Guid(af7be30da0c9c234e960ea768755ec85) Importer(815301076,1909f56bfc062723c751e8b465ee728b)  -> (artifact id: 'b64eb8ca54f7502a1dce5959c3d89aa1') in 0.007438 seconds 
========================================================================
Received Import Request.
  Time since last request: 7.459524 seconds.
  path: Assets/Art/Models/Creative_Model/fastFood/burger
  artifactKey: Guid(e06ae6c92da4b2140a86ee6b48fb4b54) Importer(815301076,1909f56bfc062723c751e8b465ee728b)
Start importing Assets/Art/Models/Creative_Model/fastFood/burger using Guid(e06ae6c92da4b2140a86ee6b48fb4b54) Importer(815301076,1909f56bfc062723c751e8b465ee728b)  -> (artifact id: '54d64466412dd5e8126f15ca11663206') in 0.001685 seconds 
========================================================================
Received Import Request.
  Time since last request: 0.062820 seconds.
  path: Assets/Art/Models/Creative_Model/fastFood/burger/burger.fbx
  artifactKey: Guid(5f728bd92e8d9c6458429c9765c6c758) Importer(815301076,1909f56bfc062723c751e8b465ee728b)
Start importing Assets/Art/Models/Creative_Model/fastFood/burger/burger.fbx using Guid(5f728bd92e8d9c6458429c9765c6c758) Importer(815301076,1909f56bfc062723c751e8b465ee728b)  -> (artifact id: '69ec7fce0ef4d980eb229c99fedcf8ec') in 0.065676 seconds 
