Using pre-set license
Built from '2021.3/staging' branch; Version is '2021.3.21f1 (1b156197d683) revision 1774945'; Using compiler version '192829333'; Build Type 'Release'
OS: 'Windows 11  (10.0.22621) 64bit Core' Language: 'en' Physical Memory: 16310 MB
BatchMode: 1, IsHumanControllingUs: 0, StartBugReporterOnCrash: 0, Is64bit: 1, IsPro: 1

COMMAND LINE ARGUMENTS:
C:\Program Files\Unity\Hub\Editor\2021.3.21f1\Editor\Unity.exe
-adb2
-batchMode
-noUpm
-name
AssetImportWorker2
-projectPath
D:/Underground_Hole_Clone/Underground_Hole
-logFile
Logs/AssetImportWorker2.log
-srvPort
63156
Successfully changed project path to: D:/Underground_Hole_Clone/Underground_Hole
D:/Underground_Hole_Clone/Underground_Hole
[UnityMemory] Configuration Parameters - Can be set up in boot.config
    "memorysetup-bucket-allocator-granularity=16"
    "memorysetup-bucket-allocator-bucket-count=8"
    "memorysetup-bucket-allocator-block-size=33554432"
    "memorysetup-bucket-allocator-block-count=8"
    "memorysetup-main-allocator-block-size=16777216"
    "memorysetup-thread-allocator-block-size=16777216"
    "memorysetup-gfx-main-allocator-block-size=16777216"
    "memorysetup-gfx-thread-allocator-block-size=16777216"
    "memorysetup-cache-allocator-block-size=4194304"
    "memorysetup-typetree-allocator-block-size=2097152"
    "memorysetup-profiler-bucket-allocator-granularity=16"
    "memorysetup-profiler-bucket-allocator-bucket-count=8"
    "memorysetup-profiler-bucket-allocator-block-size=33554432"
    "memorysetup-profiler-bucket-allocator-block-count=8"
    "memorysetup-profiler-allocator-block-size=16777216"
    "memorysetup-profiler-editor-allocator-block-size=1048576"
    "memorysetup-temp-allocator-size-main=16777216"
    "memorysetup-job-temp-allocator-block-size=2097152"
    "memorysetup-job-temp-allocator-block-size-background=1048576"
    "memorysetup-job-temp-allocator-reduction-small-platforms=262144"
    "memorysetup-temp-allocator-size-background-worker=32768"
    "memorysetup-temp-allocator-size-job-worker=262144"
    "memorysetup-temp-allocator-size-preload-manager=33554432"
    "memorysetup-temp-allocator-size-nav-mesh-worker=65536"
    "memorysetup-temp-allocator-size-audio-worker=65536"
    "memorysetup-temp-allocator-size-cloud-worker=32768"
    "memorysetup-temp-allocator-size-gi-baking-worker=262144"
    "memorysetup-temp-allocator-size-gfx=262144"
Player connection [5188] Host "[IP] 192.168.1.33 [Port] 0 [Flags] 2 [Guid] 2549430272 [EditorId] 2549430272 [Version] 1048832 [Id] WindowsEditor(7,DESKTOP-4CUQ9NB) [Debug] 1 [PackageName] WindowsEditor [ProjectName] Editor" joined multi-casting on [225.0.0.222:54997]...

Player connection [5188] Host "[IP] 192.168.1.33 [Port] 0 [Flags] 2 [Guid] 2549430272 [EditorId] 2549430272 [Version] 1048832 [Id] WindowsEditor(7,DESKTOP-4CUQ9NB) [Debug] 1 [PackageName] WindowsEditor [ProjectName] Editor" joined alternative multi-casting on [225.0.0.222:34997]...

Refreshing native plugins compatible for Editor in 67.58 ms, found 3 plugins.
Preloading 0 native plugins for Editor in 0.00 ms.
Initialize engine version: 2021.3.21f1 (1b156197d683)
[Subsystems] Discovering subsystems at path C:/Program Files/Unity/Hub/Editor/2021.3.21f1/Editor/Data/Resources/UnitySubsystems
[Subsystems] Discovering subsystems at path D:/Underground_Hole_Clone/Underground_Hole/Assets
GfxDevice: creating device client; threaded=0; jobified=0
Direct3D:
    Version:  Direct3D 11.0 [level 11.1]
    Renderer: NVIDIA GeForce RTX 3060 (ID=0x2504)
    Vendor:   NVIDIA
    VRAM:     12129 MB
    Driver:   31.0.15.4617
Initialize mono
Mono path[0] = 'C:/Program Files/Unity/Hub/Editor/2021.3.21f1/Editor/Data/Managed'
Mono path[1] = 'C:/Program Files/Unity/Hub/Editor/2021.3.21f1/Editor/Data/MonoBleedingEdge/lib/mono/unityjit-win32'
Mono config path = 'C:/Program Files/Unity/Hub/Editor/2021.3.21f1/Editor/Data/MonoBleedingEdge/etc'
Using monoOptions --debugger-agent=transport=dt_socket,embedding=1,server=y,suspend=n,address=127.0.0.1:56240
Begin MonoManager ReloadAssembly
Registering precompiled unity dll's ...
Register platform support module: C:/Program Files/Unity/Hub/Editor/2021.3.21f1/Editor/Data/PlaybackEngines/AndroidPlayer/UnityEditor.Android.Extensions.dll
Register platform support module: C:/Program Files/Unity/Hub/Editor/2021.3.21f1/Editor/Data/PlaybackEngines/iOSSupport/UnityEditor.iOS.Extensions.dll
Register platform support module: C:/Program Files/Unity/Hub/Editor/2021.3.21f1/Editor/Data/PlaybackEngines/WindowsStandaloneSupport/UnityEditor.WindowsStandalone.Extensions.dll
Register platform support module: C:/Program Files/Unity/Hub/Editor/2021.3.21f1/Editor/Data/PlaybackEngines/MetroSupport/UnityEditor.UWP.Extensions.dll
Registered in 0.008507 seconds.
Native extension for UWP target not found
Native extension for WindowsStandalone target not found
[usbmuxd] Start listen thread
[usbmuxd] Listen thread started
Native extension for iOS target not found
Native extension for Android target not found
Android Extension - Scanning For ADB Devices 222 ms
Refreshing native plugins compatible for Editor in 55.49 ms, found 3 plugins.
Preloading 0 native plugins for Editor in 0.00 ms.
Mono: successfully reloaded assembly
- Completed reload, in  0.729 seconds
Domain Reload Profiling:
	ReloadAssembly (729ms)
		BeginReloadAssembly (71ms)
			ExecutionOrderSort (0ms)
			DisableScriptedObjects (0ms)
			BackupInstance (0ms)
			ReleaseScriptingObjects (0ms)
			CreateAndSetChildDomain (1ms)
		EndReloadAssembly (574ms)
			LoadAssemblies (70ms)
			RebuildTransferFunctionScriptingTraits (0ms)
			SetupTypeCache (80ms)
			ReleaseScriptCaches (0ms)
			RebuildScriptCaches (21ms)
			SetupLoadedEditorAssemblies (433ms)
				LogAssemblyErrors (0ms)
				InitializePlatformSupportModulesInManaged (279ms)
				SetLoadedEditorAssemblies (0ms)
				RefreshPlugins (56ms)
				BeforeProcessingInitializeOnLoad (1ms)
				ProcessInitializeOnLoadAttributes (66ms)
				ProcessInitializeOnLoadMethodAttributes (31ms)
				AfterProcessingInitializeOnLoad (0ms)
				EditorAssembliesLoaded (0ms)
			ExecutionOrderSort2 (0ms)
			AwakeInstancesAfterBackupRestoration (0ms)
Platform modules already initialized, skipping
Registering precompiled user dll's ...
Registered in 0.003941 seconds.
Begin MonoManager ReloadAssembly
Symbol file LoadedFromMemory doesn't match image D:\Underground_Hole_Clone\Underground_Hole\Library\PackageCache\com.unity.visualscripting@1.8.0\Editor\VisualScripting.Core\Dependencies\YamlDotNet\Unity.VisualScripting.YamlDotNet.dll
Symbol file LoadedFromMemory doesn't match image D:\Underground_Hole_Clone\Underground_Hole\Library\PackageCache\com.unity.visualscripting@1.8.0\Editor\VisualScripting.Core\Dependencies\DotNetZip\Unity.VisualScripting.IonicZip.dll
Native extension for UWP target not found
Native extension for WindowsStandalone target not found
Native extension for iOS target not found
Native extension for Android target not found
Refreshing native plugins compatible for Editor in 0.57 ms, found 3 plugins.
Preloading 0 native plugins for Editor in 0.00 ms.
Mono: successfully reloaded assembly
- Completed reload, in  0.770 seconds
Domain Reload Profiling:
	ReloadAssembly (770ms)
		BeginReloadAssembly (94ms)
			ExecutionOrderSort (0ms)
			DisableScriptedObjects (4ms)
			BackupInstance (0ms)
			ReleaseScriptingObjects (0ms)
			CreateAndSetChildDomain (18ms)
		EndReloadAssembly (595ms)
			LoadAssemblies (76ms)
			RebuildTransferFunctionScriptingTraits (0ms)
			SetupTypeCache (193ms)
			ReleaseScriptCaches (0ms)
			RebuildScriptCaches (38ms)
			SetupLoadedEditorAssemblies (269ms)
				LogAssemblyErrors (0ms)
				InitializePlatformSupportModulesInManaged (22ms)
				SetLoadedEditorAssemblies (0ms)
				RefreshPlugins (1ms)
				BeforeProcessingInitializeOnLoad (61ms)
				ProcessInitializeOnLoadAttributes (161ms)
				ProcessInitializeOnLoadMethodAttributes (15ms)
				AfterProcessingInitializeOnLoad (9ms)
				EditorAssembliesLoaded (0ms)
			ExecutionOrderSort2 (0ms)
			AwakeInstancesAfterBackupRestoration (4ms)
Platform modules already initialized, skipping
========================================================================
Worker process is ready to serve import requests
Launched and connected shader compiler UnityShaderCompiler.exe after 0.04 seconds
Refreshing native plugins compatible for Editor in 0.57 ms, found 3 plugins.
Preloading 0 native plugins for Editor in 0.00 ms.
Unloading 3047 Unused Serialized files (Serialized files now loaded: 0)
Unloading 22 unused Assets / (56.5 KB). Loaded Objects now: 3511.
Memory consumption went from 107.6 MB to 107.5 MB.
Total: 2.368600 ms (FindLiveObjects: 0.196300 ms CreateObjectMapping: 0.065900 ms MarkObjects: 2.042800 ms  DeleteObjects: 0.063000 ms)

AssetImportParameters requested are different than current active one (requested -> active):
  custom:video-decoder-ogg-theora: a1e56fd34408186e4bbccfd4996cb3dc -> 
  custom:container-muxer-webm: aa71ff27fc2769a1b78a27578f13a17b -> 
  custom:container-demuxer-webm: 4f35f7cbe854078d1ac9338744f61a02 -> 
  custom:video-encoder-webm-vp8: eb34c28f22e8b96e1ab97ce403110664 -> 
  custom:audio-encoder-webm-vorbis: bf7c407c2cedff20999df2af8eb42d56 -> 
  custom:framework-win-MediaFoundation: 216162199b28c13a410421893ffa2e32 -> 
  custom:container-demuxer-ogg: 62fdf1f143b41e24485cea50d1cbac27 -> 
  custom:video-decoder-webm-vp8: 9c59270c3fd7afecdb556c50c9e8de78 -> 
  custom:audio-decoder-ogg-vorbis: bf7c407c2cedff20999df2af8eb42d56 -> 
========================================================================
Received Import Request.
  Time since last request: 37945.420702 seconds.
  path: Assets/Art/Models/Hole_Model/hole_Model3.fbx
  artifactKey: Guid(f2d2883ae7afc1741b776c005df45a0e) Importer(815301076,1909f56bfc062723c751e8b465ee728b)
Start importing Assets/Art/Models/Hole_Model/hole_Model3.fbx using Guid(f2d2883ae7afc1741b776c005df45a0e) Importer(815301076,1909f56bfc062723c751e8b465ee728b)  -> (artifact id: '007ff0b50406f699ff4054cd1ff0e306') in 0.161983 seconds 
========================================================================
Received Import Request.
  Time since last request: 14.327599 seconds.
  path: Assets/Art/Models/Level_Model
  artifactKey: Guid(ae5803daaff311e4abf654f07dfbe357) Importer(815301076,1909f56bfc062723c751e8b465ee728b)
Start importing Assets/Art/Models/Level_Model using Guid(ae5803daaff311e4abf654f07dfbe357) Importer(815301076,1909f56bfc062723c751e8b465ee728b)  -> (artifact id: '6f1c2fcc7ada7a9b4d3758a7ea0352db') in 0.002264 seconds 
========================================================================
Received Import Request.
  Time since last request: 4.064215 seconds.
  path: Assets/Art/Models/Level_Model/kontrolMerkezi.fbx
  artifactKey: Guid(e182af4b89655c94e931224540e6a8b7) Importer(815301076,1909f56bfc062723c751e8b465ee728b)
Start importing Assets/Art/Models/Level_Model/kontrolMerkezi.fbx using Guid(e182af4b89655c94e931224540e6a8b7) Importer(815301076,1909f56bfc062723c751e8b465ee728b)  -> (artifact id: '262fafed6a56b5825eb42e9a363a444d') in 0.052966 seconds 
========================================================================
Received Prepare
Registering precompiled user dll's ...
Registered in 0.006373 seconds.
Begin MonoManager ReloadAssembly
Symbol file LoadedFromMemory doesn't match image D:\Underground_Hole_Clone\Underground_Hole\Library\PackageCache\com.unity.visualscripting@1.8.0\Editor\VisualScripting.Core\Dependencies\YamlDotNet\Unity.VisualScripting.YamlDotNet.dll
Symbol file LoadedFromMemory doesn't match image D:\Underground_Hole_Clone\Underground_Hole\Library\PackageCache\com.unity.visualscripting@1.8.0\Editor\VisualScripting.Core\Dependencies\DotNetZip\Unity.VisualScripting.IonicZip.dll
Native extension for UWP target not found
Native extension for WindowsStandalone target not found
Native extension for iOS target not found
Native extension for Android target not found
Refreshing native plugins compatible for Editor in 0.64 ms, found 3 plugins.
Preloading 0 native plugins for Editor in 0.00 ms.
Mono: successfully reloaded assembly
- Completed reload, in  0.796 seconds
Domain Reload Profiling:
	ReloadAssembly (797ms)
		BeginReloadAssembly (124ms)
			ExecutionOrderSort (0ms)
			DisableScriptedObjects (3ms)
			BackupInstance (0ms)
			ReleaseScriptingObjects (0ms)
			CreateAndSetChildDomain (36ms)
		EndReloadAssembly (602ms)
			LoadAssemblies (83ms)
			RebuildTransferFunctionScriptingTraits (0ms)
			SetupTypeCache (210ms)
			ReleaseScriptCaches (1ms)
			RebuildScriptCaches (33ms)
			SetupLoadedEditorAssemblies (250ms)
				LogAssemblyErrors (0ms)
				InitializePlatformSupportModulesInManaged (25ms)
				SetLoadedEditorAssemblies (0ms)
				RefreshPlugins (1ms)
				BeforeProcessingInitializeOnLoad (49ms)
				ProcessInitializeOnLoadAttributes (145ms)
				ProcessInitializeOnLoadMethodAttributes (20ms)
				AfterProcessingInitializeOnLoad (9ms)
				EditorAssembliesLoaded (0ms)
			ExecutionOrderSort2 (0ms)
			AwakeInstancesAfterBackupRestoration (5ms)
Platform modules already initialized, skipping
Refreshing native plugins compatible for Editor in 2.30 ms, found 3 plugins.
Preloading 0 native plugins for Editor in 0.00 ms.
Unloading 3060 Unused Serialized files (Serialized files now loaded: 0)
Unloading 22 unused Assets / (25.3 KB). Loaded Objects now: 3584.
Memory consumption went from 112.7 MB to 112.7 MB.
Total: 2.528500 ms (FindLiveObjects: 0.206300 ms CreateObjectMapping: 0.106800 ms MarkObjects: 2.190700 ms  DeleteObjects: 0.023800 ms)

AssetImportParameters requested are different than current active one (requested -> active):
  custom:video-decoder-ogg-theora: a1e56fd34408186e4bbccfd4996cb3dc -> 
  custom:container-muxer-webm: aa71ff27fc2769a1b78a27578f13a17b -> 
  custom:container-demuxer-webm: 4f35f7cbe854078d1ac9338744f61a02 -> 
  custom:video-encoder-webm-vp8: eb34c28f22e8b96e1ab97ce403110664 -> 
  custom:audio-encoder-webm-vorbis: bf7c407c2cedff20999df2af8eb42d56 -> 
  custom:framework-win-MediaFoundation: 216162199b28c13a410421893ffa2e32 -> 
  custom:container-demuxer-ogg: 62fdf1f143b41e24485cea50d1cbac27 -> 
  custom:video-decoder-webm-vp8: 9c59270c3fd7afecdb556c50c9e8de78 -> 
  custom:audio-decoder-ogg-vorbis: bf7c407c2cedff20999df2af8eb42d56 -> 
========================================================================
Received Prepare
Registering precompiled user dll's ...
Registered in 0.007033 seconds.
Begin MonoManager ReloadAssembly
Symbol file LoadedFromMemory doesn't match image D:\Underground_Hole_Clone\Underground_Hole\Library\PackageCache\com.unity.visualscripting@1.8.0\Editor\VisualScripting.Core\Dependencies\YamlDotNet\Unity.VisualScripting.YamlDotNet.dll
Symbol file LoadedFromMemory doesn't match image D:\Underground_Hole_Clone\Underground_Hole\Library\PackageCache\com.unity.visualscripting@1.8.0\Editor\VisualScripting.Core\Dependencies\DotNetZip\Unity.VisualScripting.IonicZip.dll
Native extension for UWP target not found
Native extension for WindowsStandalone target not found
Native extension for iOS target not found
Native extension for Android target not found
Refreshing native plugins compatible for Editor in 0.59 ms, found 3 plugins.
Preloading 0 native plugins for Editor in 0.00 ms.
Mono: successfully reloaded assembly
- Completed reload, in  0.777 seconds
Domain Reload Profiling:
	ReloadAssembly (778ms)
		BeginReloadAssembly (125ms)
			ExecutionOrderSort (0ms)
			DisableScriptedObjects (6ms)
			BackupInstance (0ms)
			ReleaseScriptingObjects (0ms)
			CreateAndSetChildDomain (32ms)
		EndReloadAssembly (582ms)
			LoadAssemblies (79ms)
			RebuildTransferFunctionScriptingTraits (0ms)
			SetupTypeCache (188ms)
			ReleaseScriptCaches (1ms)
			RebuildScriptCaches (33ms)
			SetupLoadedEditorAssemblies (253ms)
				LogAssemblyErrors (0ms)
				InitializePlatformSupportModulesInManaged (25ms)
				SetLoadedEditorAssemblies (0ms)
				RefreshPlugins (1ms)
				BeforeProcessingInitializeOnLoad (55ms)
				ProcessInitializeOnLoadAttributes (150ms)
				ProcessInitializeOnLoadMethodAttributes (14ms)
				AfterProcessingInitializeOnLoad (9ms)
				EditorAssembliesLoaded (0ms)
			ExecutionOrderSort2 (0ms)
			AwakeInstancesAfterBackupRestoration (5ms)
Platform modules already initialized, skipping
Refreshing native plugins compatible for Editor in 2.48 ms, found 3 plugins.
Preloading 0 native plugins for Editor in 0.00 ms.
Unloading 3059 Unused Serialized files (Serialized files now loaded: 0)
Unloading 21 unused Assets / (25.3 KB). Loaded Objects now: 3587.
Memory consumption went from 112.7 MB to 112.7 MB.
Total: 2.278600 ms (FindLiveObjects: 0.212900 ms CreateObjectMapping: 0.061800 ms MarkObjects: 1.984700 ms  DeleteObjects: 0.018600 ms)

AssetImportParameters requested are different than current active one (requested -> active):
  custom:video-decoder-ogg-theora: a1e56fd34408186e4bbccfd4996cb3dc -> 
  custom:container-muxer-webm: aa71ff27fc2769a1b78a27578f13a17b -> 
  custom:container-demuxer-webm: 4f35f7cbe854078d1ac9338744f61a02 -> 
  custom:video-encoder-webm-vp8: eb34c28f22e8b96e1ab97ce403110664 -> 
  custom:audio-encoder-webm-vorbis: bf7c407c2cedff20999df2af8eb42d56 -> 
  custom:framework-win-MediaFoundation: 216162199b28c13a410421893ffa2e32 -> 
  custom:container-demuxer-ogg: 62fdf1f143b41e24485cea50d1cbac27 -> 
  custom:video-decoder-webm-vp8: 9c59270c3fd7afecdb556c50c9e8de78 -> 
  custom:audio-decoder-ogg-vorbis: bf7c407c2cedff20999df2af8eb42d56 -> 
========================================================================
Received Prepare
Registering precompiled user dll's ...
Registered in 0.005625 seconds.
Begin MonoManager ReloadAssembly
Symbol file LoadedFromMemory doesn't match image D:\Underground_Hole_Clone\Underground_Hole\Library\PackageCache\com.unity.visualscripting@1.8.0\Editor\VisualScripting.Core\Dependencies\YamlDotNet\Unity.VisualScripting.YamlDotNet.dll
Symbol file LoadedFromMemory doesn't match image D:\Underground_Hole_Clone\Underground_Hole\Library\PackageCache\com.unity.visualscripting@1.8.0\Editor\VisualScripting.Core\Dependencies\DotNetZip\Unity.VisualScripting.IonicZip.dll
Native extension for UWP target not found
Native extension for WindowsStandalone target not found
Native extension for iOS target not found
Native extension for Android target not found
Refreshing native plugins compatible for Editor in 0.91 ms, found 3 plugins.
Preloading 0 native plugins for Editor in 0.00 ms.
Mono: successfully reloaded assembly
- Completed reload, in  0.805 seconds
Domain Reload Profiling:
	ReloadAssembly (805ms)
		BeginReloadAssembly (130ms)
			ExecutionOrderSort (0ms)
			DisableScriptedObjects (5ms)
			BackupInstance (0ms)
			ReleaseScriptingObjects (0ms)
			CreateAndSetChildDomain (39ms)
		EndReloadAssembly (596ms)
			LoadAssemblies (81ms)
			RebuildTransferFunctionScriptingTraits (0ms)
			SetupTypeCache (208ms)
			ReleaseScriptCaches (1ms)
			RebuildScriptCaches (35ms)
			SetupLoadedEditorAssemblies (248ms)
				LogAssemblyErrors (0ms)
				InitializePlatformSupportModulesInManaged (24ms)
				SetLoadedEditorAssemblies (0ms)
				RefreshPlugins (1ms)
				BeforeProcessingInitializeOnLoad (53ms)
				ProcessInitializeOnLoadAttributes (147ms)
				ProcessInitializeOnLoadMethodAttributes (15ms)
				AfterProcessingInitializeOnLoad (8ms)
				EditorAssembliesLoaded (0ms)
			ExecutionOrderSort2 (0ms)
			AwakeInstancesAfterBackupRestoration (5ms)
Platform modules already initialized, skipping
Refreshing native plugins compatible for Editor in 1.86 ms, found 3 plugins.
Preloading 0 native plugins for Editor in 0.00 ms.
Unloading 3075 Unused Serialized files (Serialized files now loaded: 0)
Unloading 21 unused Assets / (25.3 KB). Loaded Objects now: 3606.
Memory consumption went from 115.1 MB to 115.0 MB.
Total: 2.383900 ms (FindLiveObjects: 0.211300 ms CreateObjectMapping: 0.111800 ms MarkObjects: 2.039800 ms  DeleteObjects: 0.020100 ms)

AssetImportParameters requested are different than current active one (requested -> active):
  custom:video-decoder-ogg-theora: a1e56fd34408186e4bbccfd4996cb3dc -> 
  custom:container-muxer-webm: aa71ff27fc2769a1b78a27578f13a17b -> 
  custom:container-demuxer-webm: 4f35f7cbe854078d1ac9338744f61a02 -> 
  custom:video-encoder-webm-vp8: eb34c28f22e8b96e1ab97ce403110664 -> 
  custom:audio-encoder-webm-vorbis: bf7c407c2cedff20999df2af8eb42d56 -> 
  custom:framework-win-MediaFoundation: 216162199b28c13a410421893ffa2e32 -> 
  custom:container-demuxer-ogg: 62fdf1f143b41e24485cea50d1cbac27 -> 
  custom:video-decoder-webm-vp8: 9c59270c3fd7afecdb556c50c9e8de78 -> 
  custom:audio-decoder-ogg-vorbis: bf7c407c2cedff20999df2af8eb42d56 -> 
========================================================================
Received Prepare
Registering precompiled user dll's ...
Registered in 0.007505 seconds.
Begin MonoManager ReloadAssembly
Symbol file LoadedFromMemory doesn't match image D:\Underground_Hole_Clone\Underground_Hole\Library\PackageCache\com.unity.visualscripting@1.8.0\Editor\VisualScripting.Core\Dependencies\YamlDotNet\Unity.VisualScripting.YamlDotNet.dll
Symbol file LoadedFromMemory doesn't match image D:\Underground_Hole_Clone\Underground_Hole\Library\PackageCache\com.unity.visualscripting@1.8.0\Editor\VisualScripting.Core\Dependencies\DotNetZip\Unity.VisualScripting.IonicZip.dll
Native extension for UWP target not found
Native extension for WindowsStandalone target not found
Native extension for iOS target not found
Native extension for Android target not found
Refreshing native plugins compatible for Editor in 89.98 ms, found 3 plugins.
Preloading 0 native plugins for Editor in 0.00 ms.
Mono: successfully reloaded assembly
- Completed reload, in  2.057 seconds
Domain Reload Profiling:
	ReloadAssembly (2059ms)
		BeginReloadAssembly (433ms)
			ExecutionOrderSort (0ms)
			DisableScriptedObjects (11ms)
			BackupInstance (0ms)
			ReleaseScriptingObjects (0ms)
			CreateAndSetChildDomain (101ms)
		EndReloadAssembly (1328ms)
			LoadAssemblies (442ms)
			RebuildTransferFunctionScriptingTraits (0ms)
			SetupTypeCache (563ms)
			ReleaseScriptCaches (1ms)
			RebuildScriptCaches (45ms)
			SetupLoadedEditorAssemblies (353ms)
				LogAssemblyErrors (0ms)
				InitializePlatformSupportModulesInManaged (22ms)
				SetLoadedEditorAssemblies (1ms)
				RefreshPlugins (90ms)
				BeforeProcessingInitializeOnLoad (53ms)
				ProcessInitializeOnLoadAttributes (158ms)
				ProcessInitializeOnLoadMethodAttributes (20ms)
				AfterProcessingInitializeOnLoad (10ms)
				EditorAssembliesLoaded (0ms)
			ExecutionOrderSort2 (0ms)
			AwakeInstancesAfterBackupRestoration (5ms)
Platform modules already initialized, skipping
Refreshing native plugins compatible for Editor in 2.76 ms, found 3 plugins.
Preloading 0 native plugins for Editor in 0.00 ms.
Unloading 3201 Unused Serialized files (Serialized files now loaded: 0)
Unloading 85 unused Assets / (18.2 MB). Loaded Objects now: 3671.
Memory consumption went from 143.9 MB to 125.7 MB.
Total: 7.635900 ms (FindLiveObjects: 0.221300 ms CreateObjectMapping: 0.066700 ms MarkObjects: 1.957900 ms  DeleteObjects: 5.389200 ms)

AssetImportParameters requested are different than current active one (requested -> active):
  custom:video-decoder-ogg-theora: a1e56fd34408186e4bbccfd4996cb3dc -> 
  custom:container-muxer-webm: aa71ff27fc2769a1b78a27578f13a17b -> 
  custom:container-demuxer-webm: 4f35f7cbe854078d1ac9338744f61a02 -> 
  custom:video-encoder-webm-vp8: eb34c28f22e8b96e1ab97ce403110664 -> 
  custom:audio-encoder-webm-vorbis: bf7c407c2cedff20999df2af8eb42d56 -> 
  custom:framework-win-MediaFoundation: 216162199b28c13a410421893ffa2e32 -> 
  custom:container-demuxer-ogg: 62fdf1f143b41e24485cea50d1cbac27 -> 
  custom:video-decoder-webm-vp8: 9c59270c3fd7afecdb556c50c9e8de78 -> 
  custom:audio-decoder-ogg-vorbis: bf7c407c2cedff20999df2af8eb42d56 -> 
========================================================================
Received Import Request.
  Time since last request: 978.178590 seconds.
  path: Assets/ThirtPartyAssets
  artifactKey: Guid(0c340a7534be9474ba7c120a1b6dcbe5) Importer(815301076,1909f56bfc062723c751e8b465ee728b)
Start importing Assets/ThirtPartyAssets using Guid(0c340a7534be9474ba7c120a1b6dcbe5) Importer(815301076,1909f56bfc062723c751e8b465ee728b)  -> (artifact id: 'affc5d8b23dd73d6a3efdadd086802e0') in 0.007616 seconds 
========================================================================
Received Import Request.
  Time since last request: 3.558092 seconds.
  path: Assets/JMO Assets
  artifactKey: Guid(74ad6467af9494957b87d9021c9485c6) Importer(815301076,1909f56bfc062723c751e8b465ee728b)
Start importing Assets/JMO Assets using Guid(74ad6467af9494957b87d9021c9485c6) Importer(815301076,1909f56bfc062723c751e8b465ee728b)  -> (artifact id: '10ab177a33cd72a91b24ee5a9d18b66a') in 0.002145 seconds 
========================================================================
Received Import Request.
  Time since last request: 1.153110 seconds.
  path: Assets/JMO Assets/Toony Colors Pro
  artifactKey: Guid(91526101b975b0a4799acdfe0d1d2049) Importer(815301076,1909f56bfc062723c751e8b465ee728b)
Start importing Assets/JMO Assets/Toony Colors Pro using Guid(91526101b975b0a4799acdfe0d1d2049) Importer(815301076,1909f56bfc062723c751e8b465ee728b)  -> (artifact id: '838081abe2acfe72f31ccaca011a69a0') in 0.002514 seconds 
========================================================================
Received Prepare
Registering precompiled user dll's ...
Registered in 0.005697 seconds.
Begin MonoManager ReloadAssembly
Symbol file LoadedFromMemory doesn't match image D:\Underground_Hole_Clone\Underground_Hole\Library\PackageCache\com.unity.visualscripting@1.8.0\Editor\VisualScripting.Core\Dependencies\YamlDotNet\Unity.VisualScripting.YamlDotNet.dll
Symbol file LoadedFromMemory doesn't match image D:\Underground_Hole_Clone\Underground_Hole\Library\PackageCache\com.unity.visualscripting@1.8.0\Editor\VisualScripting.Core\Dependencies\DotNetZip\Unity.VisualScripting.IonicZip.dll
Native extension for UWP target not found
Native extension for WindowsStandalone target not found
Native extension for iOS target not found
Native extension for Android target not found
Refreshing native plugins compatible for Editor in 1.09 ms, found 3 plugins.
Preloading 0 native plugins for Editor in 0.00 ms.
Mono: successfully reloaded assembly
- Completed reload, in  0.809 seconds
Domain Reload Profiling:
	ReloadAssembly (810ms)
		BeginReloadAssembly (133ms)
			ExecutionOrderSort (0ms)
			DisableScriptedObjects (5ms)
			BackupInstance (0ms)
			ReleaseScriptingObjects (0ms)
			CreateAndSetChildDomain (38ms)
		EndReloadAssembly (598ms)
			LoadAssemblies (88ms)
			RebuildTransferFunctionScriptingTraits (0ms)
			SetupTypeCache (208ms)
			ReleaseScriptCaches (1ms)
			RebuildScriptCaches (37ms)
			SetupLoadedEditorAssemblies (244ms)
				LogAssemblyErrors (0ms)
				InitializePlatformSupportModulesInManaged (25ms)
				SetLoadedEditorAssemblies (0ms)
				RefreshPlugins (1ms)
				BeforeProcessingInitializeOnLoad (50ms)
				ProcessInitializeOnLoadAttributes (144ms)
				ProcessInitializeOnLoadMethodAttributes (15ms)
				AfterProcessingInitializeOnLoad (8ms)
				EditorAssembliesLoaded (0ms)
			ExecutionOrderSort2 (0ms)
			AwakeInstancesAfterBackupRestoration (4ms)
Platform modules already initialized, skipping
Refreshing native plugins compatible for Editor in 2.45 ms, found 3 plugins.
Preloading 0 native plugins for Editor in 0.00 ms.
Unloading 3200 Unused Serialized files (Serialized files now loaded: 0)
Unloading 85 unused Assets / (18.2 MB). Loaded Objects now: 3674.
Memory consumption went from 143.7 MB to 125.5 MB.
Total: 7.441500 ms (FindLiveObjects: 0.204700 ms CreateObjectMapping: 0.072600 ms MarkObjects: 2.267500 ms  DeleteObjects: 4.895800 ms)

AssetImportParameters requested are different than current active one (requested -> active):
  custom:video-decoder-ogg-theora: a1e56fd34408186e4bbccfd4996cb3dc -> 
  custom:container-muxer-webm: aa71ff27fc2769a1b78a27578f13a17b -> 
  custom:container-demuxer-webm: 4f35f7cbe854078d1ac9338744f61a02 -> 
  custom:video-encoder-webm-vp8: eb34c28f22e8b96e1ab97ce403110664 -> 
  custom:audio-encoder-webm-vorbis: bf7c407c2cedff20999df2af8eb42d56 -> 
  custom:framework-win-MediaFoundation: 216162199b28c13a410421893ffa2e32 -> 
  custom:container-demuxer-ogg: 62fdf1f143b41e24485cea50d1cbac27 -> 
  custom:video-decoder-webm-vp8: 9c59270c3fd7afecdb556c50c9e8de78 -> 
  custom:audio-decoder-ogg-vorbis: bf7c407c2cedff20999df2af8eb42d56 -> 
========================================================================
Received Prepare
Registering precompiled user dll's ...
Registered in 0.005767 seconds.
Begin MonoManager ReloadAssembly
Symbol file LoadedFromMemory doesn't match image D:\Underground_Hole_Clone\Underground_Hole\Library\PackageCache\com.unity.visualscripting@1.8.0\Editor\VisualScripting.Core\Dependencies\YamlDotNet\Unity.VisualScripting.YamlDotNet.dll
Symbol file LoadedFromMemory doesn't match image D:\Underground_Hole_Clone\Underground_Hole\Library\PackageCache\com.unity.visualscripting@1.8.0\Editor\VisualScripting.Core\Dependencies\DotNetZip\Unity.VisualScripting.IonicZip.dll
Native extension for UWP target not found
Native extension for WindowsStandalone target not found
Native extension for iOS target not found
Native extension for Android target not found
Refreshing native plugins compatible for Editor in 1.03 ms, found 3 plugins.
Preloading 0 native plugins for Editor in 0.00 ms.
Mono: successfully reloaded assembly
- Completed reload, in  0.787 seconds
Domain Reload Profiling:
	ReloadAssembly (787ms)
		BeginReloadAssembly (126ms)
			ExecutionOrderSort (0ms)
			DisableScriptedObjects (5ms)
			BackupInstance (0ms)
			ReleaseScriptingObjects (0ms)
			CreateAndSetChildDomain (38ms)
		EndReloadAssembly (585ms)
			LoadAssemblies (80ms)
			RebuildTransferFunctionScriptingTraits (0ms)
			SetupTypeCache (202ms)
			ReleaseScriptCaches (1ms)
			RebuildScriptCaches (34ms)
			SetupLoadedEditorAssemblies (239ms)
				LogAssemblyErrors (0ms)
				InitializePlatformSupportModulesInManaged (25ms)
				SetLoadedEditorAssemblies (0ms)
				RefreshPlugins (1ms)
				BeforeProcessingInitializeOnLoad (53ms)
				ProcessInitializeOnLoadAttributes (137ms)
				ProcessInitializeOnLoadMethodAttributes (15ms)
				AfterProcessingInitializeOnLoad (8ms)
				EditorAssembliesLoaded (0ms)
			ExecutionOrderSort2 (0ms)
			AwakeInstancesAfterBackupRestoration (4ms)
Platform modules already initialized, skipping
Refreshing native plugins compatible for Editor in 2.24 ms, found 3 plugins.
Preloading 0 native plugins for Editor in 0.00 ms.
Unloading 3200 Unused Serialized files (Serialized files now loaded: 0)
Unloading 85 unused Assets / (18.2 MB). Loaded Objects now: 3677.
Memory consumption went from 143.8 MB to 125.6 MB.
Total: 7.608100 ms (FindLiveObjects: 0.233600 ms CreateObjectMapping: 0.126300 ms MarkObjects: 2.199200 ms  DeleteObjects: 5.047800 ms)

AssetImportParameters requested are different than current active one (requested -> active):
  custom:video-decoder-ogg-theora: a1e56fd34408186e4bbccfd4996cb3dc -> 
  custom:container-muxer-webm: aa71ff27fc2769a1b78a27578f13a17b -> 
  custom:container-demuxer-webm: 4f35f7cbe854078d1ac9338744f61a02 -> 
  custom:video-encoder-webm-vp8: eb34c28f22e8b96e1ab97ce403110664 -> 
  custom:audio-encoder-webm-vorbis: bf7c407c2cedff20999df2af8eb42d56 -> 
  custom:framework-win-MediaFoundation: 216162199b28c13a410421893ffa2e32 -> 
  custom:container-demuxer-ogg: 62fdf1f143b41e24485cea50d1cbac27 -> 
  custom:video-decoder-webm-vp8: 9c59270c3fd7afecdb556c50c9e8de78 -> 
  custom:audio-decoder-ogg-vorbis: bf7c407c2cedff20999df2af8eb42d56 -> 
========================================================================
Received Import Request.
  Time since last request: 47.972722 seconds.
  path: Assets/ThirtPartyAssets/fastFoodCreative.unitypackage.gz
  artifactKey: Guid(631fe8f2008918a49a3364adf6d42568) Importer(815301076,1909f56bfc062723c751e8b465ee728b)
Start importing Assets/ThirtPartyAssets/fastFoodCreative.unitypackage.gz using Guid(631fe8f2008918a49a3364adf6d42568) Importer(815301076,1909f56bfc062723c751e8b465ee728b)  -> (artifact id: '4645d052c6769d0c56b84f626d60aa25') in 0.019824 seconds 
========================================================================
Received Import Request.
  Time since last request: 5.817572 seconds.
  path: Assets/ThirtPartyAssets/archtemp.tar
  artifactKey: Guid(05162c1f6c03a01439ea5467599ce4ca) Importer(815301076,1909f56bfc062723c751e8b465ee728b)
Start importing Assets/ThirtPartyAssets/archtemp.tar using Guid(05162c1f6c03a01439ea5467599ce4ca) Importer(815301076,1909f56bfc062723c751e8b465ee728b)  -> (artifact id: '5d7e9d60da35f33f04dddfcd26b749c1') in 0.008374 seconds 
========================================================================
Received Import Request.
  Time since last request: 2048.374996 seconds.
  path: Assets/JMO Assets/Toony Colors Pro
  artifactKey: Guid(1f43b587aea350748a3d3a0adbec45de) Importer(815301076,1909f56bfc062723c751e8b465ee728b)
Start importing Assets/JMO Assets/Toony Colors Pro using Guid(1f43b587aea350748a3d3a0adbec45de) Importer(815301076,1909f56bfc062723c751e8b465ee728b)  -> (artifact id: 'd7edc0553e5db60249e4b124e3a5114d') in 0.002306 seconds 
========================================================================
Received Prepare
Registering precompiled user dll's ...
Registered in 0.005538 seconds.
Begin MonoManager ReloadAssembly
Symbol file LoadedFromMemory doesn't match image D:\Underground_Hole_Clone\Underground_Hole\Library\PackageCache\com.unity.visualscripting@1.8.0\Editor\VisualScripting.Core\Dependencies\YamlDotNet\Unity.VisualScripting.YamlDotNet.dll
Symbol file LoadedFromMemory doesn't match image D:\Underground_Hole_Clone\Underground_Hole\Library\PackageCache\com.unity.visualscripting@1.8.0\Editor\VisualScripting.Core\Dependencies\DotNetZip\Unity.VisualScripting.IonicZip.dll
Native extension for UWP target not found
Native extension for WindowsStandalone target not found
Native extension for iOS target not found
Native extension for Android target not found
Refreshing native plugins compatible for Editor in 87.34 ms, found 3 plugins.
Preloading 0 native plugins for Editor in 0.00 ms.
Mono: successfully reloaded assembly
- Completed reload, in  0.985 seconds
Domain Reload Profiling:
	ReloadAssembly (987ms)
		BeginReloadAssembly (250ms)
			ExecutionOrderSort (0ms)
			DisableScriptedObjects (11ms)
			BackupInstance (0ms)
			ReleaseScriptingObjects (0ms)
			CreateAndSetChildDomain (88ms)
		EndReloadAssembly (660ms)
			LoadAssemblies (85ms)
			RebuildTransferFunctionScriptingTraits (0ms)
			SetupTypeCache (197ms)
			ReleaseScriptCaches (1ms)
			RebuildScriptCaches (30ms)
			SetupLoadedEditorAssemblies (324ms)
				LogAssemblyErrors (0ms)
				InitializePlatformSupportModulesInManaged (23ms)
				SetLoadedEditorAssemblies (0ms)
				RefreshPlugins (87ms)
				BeforeProcessingInitializeOnLoad (48ms)
				ProcessInitializeOnLoadAttributes (143ms)
				ProcessInitializeOnLoadMethodAttributes (14ms)
				AfterProcessingInitializeOnLoad (8ms)
				EditorAssembliesLoaded (0ms)
			ExecutionOrderSort2 (0ms)
			AwakeInstancesAfterBackupRestoration (5ms)
Platform modules already initialized, skipping
Refreshing native plugins compatible for Editor in 2.32 ms, found 3 plugins.
Preloading 0 native plugins for Editor in 0.00 ms.
Unloading 3078 Unused Serialized files (Serialized files now loaded: 0)
Unloading 44 unused Assets / (1.0 MB). Loaded Objects now: 3660.
Memory consumption went from 122.2 MB to 121.2 MB.
Total: 3.231300 ms (FindLiveObjects: 0.187700 ms CreateObjectMapping: 0.070700 ms MarkObjects: 2.626800 ms  DeleteObjects: 0.345300 ms)

AssetImportParameters requested are different than current active one (requested -> active):
  custom:video-decoder-ogg-theora: a1e56fd34408186e4bbccfd4996cb3dc -> 
  custom:container-muxer-webm: aa71ff27fc2769a1b78a27578f13a17b -> 
  custom:container-demuxer-webm: 4f35f7cbe854078d1ac9338744f61a02 -> 
  custom:video-encoder-webm-vp8: eb34c28f22e8b96e1ab97ce403110664 -> 
  custom:audio-encoder-webm-vorbis: bf7c407c2cedff20999df2af8eb42d56 -> 
  custom:framework-win-MediaFoundation: 216162199b28c13a410421893ffa2e32 -> 
  custom:container-demuxer-ogg: 62fdf1f143b41e24485cea50d1cbac27 -> 
  custom:video-decoder-webm-vp8: 9c59270c3fd7afecdb556c50c9e8de78 -> 
  custom:audio-decoder-ogg-vorbis: bf7c407c2cedff20999df2af8eb42d56 -> 
========================================================================
Received Prepare
Registering precompiled user dll's ...
Registered in 0.006555 seconds.
Begin MonoManager ReloadAssembly
Symbol file LoadedFromMemory doesn't match image D:\Underground_Hole_Clone\Underground_Hole\Library\PackageCache\com.unity.visualscripting@1.8.0\Editor\VisualScripting.Core\Dependencies\YamlDotNet\Unity.VisualScripting.YamlDotNet.dll
Symbol file LoadedFromMemory doesn't match image D:\Underground_Hole_Clone\Underground_Hole\Library\PackageCache\com.unity.visualscripting@1.8.0\Editor\VisualScripting.Core\Dependencies\DotNetZip\Unity.VisualScripting.IonicZip.dll
Native extension for UWP target not found
Native extension for WindowsStandalone target not found
Native extension for iOS target not found
Native extension for Android target not found
Refreshing native plugins compatible for Editor in 1.53 ms, found 3 plugins.
Preloading 0 native plugins for Editor in 0.00 ms.
Mono: successfully reloaded assembly
- Completed reload, in  0.783 seconds
Domain Reload Profiling:
	ReloadAssembly (784ms)
		BeginReloadAssembly (126ms)
			ExecutionOrderSort (0ms)
			DisableScriptedObjects (5ms)
			BackupInstance (0ms)
			ReleaseScriptingObjects (0ms)
			CreateAndSetChildDomain (32ms)
		EndReloadAssembly (569ms)
			LoadAssemblies (92ms)
			RebuildTransferFunctionScriptingTraits (0ms)
			SetupTypeCache (186ms)
			ReleaseScriptCaches (1ms)
			RebuildScriptCaches (30ms)
			SetupLoadedEditorAssemblies (241ms)
				LogAssemblyErrors (0ms)
				InitializePlatformSupportModulesInManaged (23ms)
				SetLoadedEditorAssemblies (0ms)
				RefreshPlugins (2ms)
				BeforeProcessingInitializeOnLoad (51ms)
				ProcessInitializeOnLoadAttributes (143ms)
				ProcessInitializeOnLoadMethodAttributes (14ms)
				AfterProcessingInitializeOnLoad (8ms)
				EditorAssembliesLoaded (0ms)
			ExecutionOrderSort2 (0ms)
			AwakeInstancesAfterBackupRestoration (5ms)
Platform modules already initialized, skipping
Refreshing native plugins compatible for Editor in 4.34 ms, found 3 plugins.
Preloading 0 native plugins for Editor in 0.00 ms.
Unloading 3224 Unused Serialized files (Serialized files now loaded: 0)
Unloading 111 unused Assets / (23.1 MB). Loaded Objects now: 3684.
Memory consumption went from 155.7 MB to 132.6 MB.
Total: 9.707900 ms (FindLiveObjects: 0.397800 ms CreateObjectMapping: 0.083300 ms MarkObjects: 2.118300 ms  DeleteObjects: 7.107400 ms)

AssetImportParameters requested are different than current active one (requested -> active):
  custom:video-decoder-ogg-theora: a1e56fd34408186e4bbccfd4996cb3dc -> 
  custom:container-muxer-webm: aa71ff27fc2769a1b78a27578f13a17b -> 
  custom:container-demuxer-webm: 4f35f7cbe854078d1ac9338744f61a02 -> 
  custom:video-encoder-webm-vp8: eb34c28f22e8b96e1ab97ce403110664 -> 
  custom:audio-encoder-webm-vorbis: bf7c407c2cedff20999df2af8eb42d56 -> 
  custom:framework-win-MediaFoundation: 216162199b28c13a410421893ffa2e32 -> 
  custom:container-demuxer-ogg: 62fdf1f143b41e24485cea50d1cbac27 -> 
  custom:video-decoder-webm-vp8: 9c59270c3fd7afecdb556c50c9e8de78 -> 
  custom:audio-decoder-ogg-vorbis: bf7c407c2cedff20999df2af8eb42d56 -> 
========================================================================
Received Import Request.
  Time since last request: 79.376935 seconds.
  path: Assets/undergroundHole/Org_Model/coffee 1.fbx
  artifactKey: Guid(b638d15e3bd2b724185dca9fec8fcba5) Importer(815301076,1909f56bfc062723c751e8b465ee728b)
Start importing Assets/undergroundHole/Org_Model/coffee 1.fbx using Guid(b638d15e3bd2b724185dca9fec8fcba5) Importer(815301076,1909f56bfc062723c751e8b465ee728b)  -> (artifact id: '6ce07f2e9f0829729660803cbdb1a5ff') in 0.216043 seconds 
========================================================================
Received Import Request.
  Time since last request: 0.000025 seconds.
  path: Assets/undergroundHole/Org_Model/rollerCoster.fbx
  artifactKey: Guid(a48865ce0c6de1d42bc559e247718a1a) Importer(815301076,1909f56bfc062723c751e8b465ee728b)
Start importing Assets/undergroundHole/Org_Model/rollerCoster.fbx using Guid(a48865ce0c6de1d42bc559e247718a1a) Importer(815301076,1909f56bfc062723c751e8b465ee728b)  -> (artifact id: '79320a5bc5fee9fc25c58ee738355a78') in 0.049120 seconds 
========================================================================
Received Import Request.
  Time since last request: 0.000032 seconds.
  path: Assets/undergroundHole/Org_Model/gasStation.fbx
  artifactKey: Guid(c9eff4dffc78d034f93cf6e87b53a772) Importer(815301076,1909f56bfc062723c751e8b465ee728b)
Start importing Assets/undergroundHole/Org_Model/gasStation.fbx using Guid(c9eff4dffc78d034f93cf6e87b53a772) Importer(815301076,1909f56bfc062723c751e8b465ee728b)  -> (artifact id: '40ffbe063d4a778a66b2d54f02ce8847') in 0.039780 seconds 
========================================================================
Received Import Request.
  Time since last request: 0.000019 seconds.
  path: Assets/undergroundHole/Org_Model/kilise.fbx
  artifactKey: Guid(0e6dfa8b619403941aaa82696d659230) Importer(815301076,1909f56bfc062723c751e8b465ee728b)
Start importing Assets/undergroundHole/Org_Model/kilise.fbx using Guid(0e6dfa8b619403941aaa82696d659230) Importer(815301076,1909f56bfc062723c751e8b465ee728b)  -> (artifact id: 'ce1152dd2d72c4c8865ba82001ac4bcd') in 0.034801 seconds 
========================================================================
Received Import Request.
  Time since last request: 0.000018 seconds.
  path: Assets/undergroundHole/Org_Model/wcDonalds.fbx
  artifactKey: Guid(66e68f936374a28459e01fa89f332fed) Importer(815301076,1909f56bfc062723c751e8b465ee728b)
Start importing Assets/undergroundHole/Org_Model/wcDonalds.fbx using Guid(66e68f936374a28459e01fa89f332fed) Importer(815301076,1909f56bfc062723c751e8b465ee728b)  -> (artifact id: '15c39ff425c8e36dfb5954d225368f8c') in 0.116054 seconds 
========================================================================
Received Import Request.
  Time since last request: 137.113690 seconds.
  path: Assets/NewCreativeModels/creative_prefabs
  artifactKey: Guid(ce203d4c36959474db39c75e577e8a80) Importer(815301076,1909f56bfc062723c751e8b465ee728b)
Start importing Assets/NewCreativeModels/creative_prefabs using Guid(ce203d4c36959474db39c75e577e8a80) Importer(815301076,1909f56bfc062723c751e8b465ee728b)  -> (artifact id: '50236745668e993bf82a22e5cd45d6d4') in 0.002889 seconds 
========================================================================
Received Import Request.
  Time since last request: 0.057965 seconds.
  path: Assets/NewCreativeModels/creative_prefabs/burger.prefab
  artifactKey: Guid(bb9318d8b2ba9fb46a5575dcd8f9dcf2) Importer(815301076,1909f56bfc062723c751e8b465ee728b)
Start importing Assets/NewCreativeModels/creative_prefabs/burger.prefab using Guid(bb9318d8b2ba9fb46a5575dcd8f9dcf2) Importer(815301076,1909f56bfc062723c751e8b465ee728b)  -> (artifact id: 'f2297644385e5d585fde4ad2fa9c4910') in 0.091593 seconds 
========================================================================
Received Import Request.
  Time since last request: 0.000016 seconds.
  path: Assets/NewCreativeModels/creative_prefabs/sushi1.prefab
  artifactKey: Guid(cbd603c3b2ba5b948ac7a2149b54ed60) Importer(815301076,1909f56bfc062723c751e8b465ee728b)
Start importing Assets/NewCreativeModels/creative_prefabs/sushi1.prefab using Guid(cbd603c3b2ba5b948ac7a2149b54ed60) Importer(815301076,1909f56bfc062723c751e8b465ee728b)  -> (artifact id: '9e13742e92bb34eeae87682193b72001') in 0.010820 seconds 
========================================================================
Received Import Request.
  Time since last request: 0.000017 seconds.
  path: Assets/NewCreativeModels/creative_prefabs/dilimkek.prefab
  artifactKey: Guid(70225e7f6ba01ca42beb02eeb6a9cd78) Importer(815301076,1909f56bfc062723c751e8b465ee728b)
Start importing Assets/NewCreativeModels/creative_prefabs/dilimkek.prefab using Guid(70225e7f6ba01ca42beb02eeb6a9cd78) Importer(815301076,1909f56bfc062723c751e8b465ee728b)  -> (artifact id: '7463f1ce80c775ae7be1e68fc4c5e458') in 0.010787 seconds 
========================================================================
Received Import Request.
  Time since last request: 0.000035 seconds.
  path: Assets/NewCreativeModels/creative_prefabs/pizza.prefab
  artifactKey: Guid(aa4cb80a8278bdb45a48467120f1dd36) Importer(815301076,1909f56bfc062723c751e8b465ee728b)
Start importing Assets/NewCreativeModels/creative_prefabs/pizza.prefab using Guid(aa4cb80a8278bdb45a48467120f1dd36) Importer(815301076,1909f56bfc062723c751e8b465ee728b)  -> (artifact id: '9a33091da5eaddf8f1c446a75e5fcb07') in 0.011177 seconds 
========================================================================
Received Import Request.
  Time since last request: 0.000025 seconds.
  path: Assets/NewCreativeModels/creative_prefabs/sosisli.prefab
  artifactKey: Guid(9121e8587ca8a724e8003f7a712bd264) Importer(815301076,1909f56bfc062723c751e8b465ee728b)
Start importing Assets/NewCreativeModels/creative_prefabs/sosisli.prefab using Guid(9121e8587ca8a724e8003f7a712bd264) Importer(815301076,1909f56bfc062723c751e8b465ee728b)  -> (artifact id: 'ff44a53faa82fc3f2180c7489ee62823') in 0.017227 seconds 
========================================================================
Received Import Request.
  Time since last request: 0.000015 seconds.
  path: Assets/NewCreativeModels/creative_prefabs/donut.prefab
  artifactKey: Guid(b46ca46a376529d49b32741228753e51) Importer(815301076,1909f56bfc062723c751e8b465ee728b)
Start importing Assets/NewCreativeModels/creative_prefabs/donut.prefab using Guid(b46ca46a376529d49b32741228753e51) Importer(815301076,1909f56bfc062723c751e8b465ee728b)  -> (artifact id: '2fa5d5b91ac4a4ee2b0e90bb66dfae7f') in 0.009121 seconds 
========================================================================
Received Import Request.
  Time since last request: 2.483407 seconds.
  path: Assets/Model/degirmen.prefab
  artifactKey: Guid(f256733d7146faf48b721ee884ecd7cf) Importer(815301076,1909f56bfc062723c751e8b465ee728b)
Start importing Assets/Model/degirmen.prefab using Guid(f256733d7146faf48b721ee884ecd7cf) Importer(815301076,1909f56bfc062723c751e8b465ee728b)  -> (artifact id: '353eb4a64131add5c4aaac8bc0d2173d') in 0.027262 seconds 
========================================================================
Received Import Request.
  Time since last request: 0.000016 seconds.
  path: Assets/Model/sudeposu.prefab
  artifactKey: Guid(234f63ad7aba9fb448d277bebf53a652) Importer(815301076,1909f56bfc062723c751e8b465ee728b)
Start importing Assets/Model/sudeposu.prefab using Guid(234f63ad7aba9fb448d277bebf53a652) Importer(815301076,1909f56bfc062723c751e8b465ee728b)  -> (artifact id: 'ead07333a3f6c3118283b93aade100a8') in 0.012654 seconds 
========================================================================
Received Import Request.
  Time since last request: 0.000013 seconds.
  path: Assets/Model/Tree.prefab
  artifactKey: Guid(d8dbe0b8ef84e8443b61c5a4c52b32af) Importer(815301076,1909f56bfc062723c751e8b465ee728b)
Start importing Assets/Model/Tree.prefab using Guid(d8dbe0b8ef84e8443b61c5a4c52b32af) Importer(815301076,1909f56bfc062723c751e8b465ee728b)  -> (artifact id: 'c5753d91e22b5e86e9a547cd2d9e6fb2') in 0.023547 seconds 
========================================================================
Received Import Request.
  Time since last request: 0.000016 seconds.
  path: Assets/Model/nuclear 1.prefab
  artifactKey: Guid(b951f49ed8237e24083f3e684abc91f8) Importer(815301076,1909f56bfc062723c751e8b465ee728b)
Start importing Assets/Model/nuclear 1.prefab using Guid(b951f49ed8237e24083f3e684abc91f8) Importer(815301076,1909f56bfc062723c751e8b465ee728b)  -> (artifact id: '6648edb89e1d8cb24ea225d44e00b3c3') in 0.080240 seconds 
========================================================================
Received Import Request.
  Time since last request: 0.000024 seconds.
  path: Assets/Model/ruzgartribun 1.prefab
  artifactKey: Guid(2f47ffc44fa77714b86fe472fcde742a) Importer(815301076,1909f56bfc062723c751e8b465ee728b)
Start importing Assets/Model/ruzgartribun 1.prefab using Guid(2f47ffc44fa77714b86fe472fcde742a) Importer(815301076,1909f56bfc062723c751e8b465ee728b)  -> (artifact id: 'ecf179f59187aa3c4064fdc9314b17b9') in 0.018707 seconds 
========================================================================
Received Import Request.
  Time since last request: 21.263185 seconds.
  path: Assets/Art/Models/Level_Model/Model/main_Model/degirmen.fbx
  artifactKey: Guid(ceade9beaf10d2e46be1b359e1da3ecd) Importer(815301076,1909f56bfc062723c751e8b465ee728b)
Start importing Assets/Art/Models/Level_Model/Model/main_Model/degirmen.fbx using Guid(ceade9beaf10d2e46be1b359e1da3ecd) Importer(815301076,1909f56bfc062723c751e8b465ee728b)  -> (artifact id: 'fa07ba1d07224976c2491c5fbb4ad427') in 0.057131 seconds 
========================================================================
Received Import Request.
  Time since last request: 0.000016 seconds.
  path: Assets/Art/Models/Level_Model/Model/main_Model/Material.033.mat
  artifactKey: Guid(f1708ac497c67ef4da808c3d2ab07d52) Importer(815301076,1909f56bfc062723c751e8b465ee728b)
Start importing Assets/Art/Models/Level_Model/Model/main_Model/Material.033.mat using Guid(f1708ac497c67ef4da808c3d2ab07d52) Importer(815301076,1909f56bfc062723c751e8b465ee728b)  -> (artifact id: 'c6a0e5003feb8efb0a87e6a72e4c8e03') in 0.051596 seconds 
========================================================================
Received Import Request.
  Time since last request: 0.000021 seconds.
  path: Assets/Art/Models/Level_Model/Model/main_Model/ruzgartribun.fbx
  artifactKey: Guid(52022862d45c29741b79b240a958af2f) Importer(815301076,1909f56bfc062723c751e8b465ee728b)
Start importing Assets/Art/Models/Level_Model/Model/main_Model/ruzgartribun.fbx using Guid(52022862d45c29741b79b240a958af2f) Importer(815301076,1909f56bfc062723c751e8b465ee728b)  -> (artifact id: '283da72f748008a9cbc6c4938ec95c5d') in 0.101612 seconds 
========================================================================
Received Import Request.
  Time since last request: 0.000022 seconds.
  path: Assets/Art/Models/Level_Model/Model/main_Model/Material.046.mat
  artifactKey: Guid(4f549366c66087646b0b85ca480a6a26) Importer(815301076,1909f56bfc062723c751e8b465ee728b)
Start importing Assets/Art/Models/Level_Model/Model/main_Model/Material.046.mat using Guid(4f549366c66087646b0b85ca480a6a26) Importer(815301076,1909f56bfc062723c751e8b465ee728b)  -> (artifact id: '15353431c64eb3ca88f25eb6f4fe38cf') in 0.010056 seconds 
========================================================================
Received Import Request.
  Time since last request: 5.672852 seconds.
  path: Assets/NewCreativeModels/meyve 1/bogurtlen.fbx
  artifactKey: Guid(9e5f03d37f30ce64aae42b2e05c70e4c) Importer(815301076,1909f56bfc062723c751e8b465ee728b)
Start importing Assets/NewCreativeModels/meyve 1/bogurtlen.fbx using Guid(9e5f03d37f30ce64aae42b2e05c70e4c) Importer(815301076,1909f56bfc062723c751e8b465ee728b)  -> (artifact id: 'bfa4b3812d9fd07969e353b178f1fc4d') in 0.025513 seconds 
========================================================================
Received Import Request.
  Time since last request: 0.000018 seconds.
  path: Assets/NewCreativeModels/meyve 1/suDamlasi.fbx
  artifactKey: Guid(8546a1157cf7800428f5f5c5f5911317) Importer(815301076,1909f56bfc062723c751e8b465ee728b)
Start importing Assets/NewCreativeModels/meyve 1/suDamlasi.fbx using Guid(8546a1157cf7800428f5f5c5f5911317) Importer(815301076,1909f56bfc062723c751e8b465ee728b)  -> (artifact id: '2d3743d56463d1da45888944e213bb2e') in 0.024260 seconds 
========================================================================
Received Import Request.
  Time since last request: 0.801094 seconds.
  path: Assets/NewCreativeModels/prefab_sekerler/kirmiziseker1.prefab
  artifactKey: Guid(4e99f52189a180f468ff68c973e83060) Importer(815301076,1909f56bfc062723c751e8b465ee728b)
Start importing Assets/NewCreativeModels/prefab_sekerler/kirmiziseker1.prefab using Guid(4e99f52189a180f468ff68c973e83060) Importer(815301076,1909f56bfc062723c751e8b465ee728b)  -> (artifact id: 'b1ea03a624ffbc8c914c10e194df6dfe') in 0.008759 seconds 
========================================================================
Received Import Request.
  Time since last request: 0.000015 seconds.
  path: Assets/NewCreativeModels/prefab_sekerler/morseker.prefab
  artifactKey: Guid(0871677bccb0f6642890fca0d30941e3) Importer(815301076,1909f56bfc062723c751e8b465ee728b)
Start importing Assets/NewCreativeModels/prefab_sekerler/morseker.prefab using Guid(0871677bccb0f6642890fca0d30941e3) Importer(815301076,1909f56bfc062723c751e8b465ee728b)  -> (artifact id: 'd6464432e9681367c50109ae91f47a09') in 0.014579 seconds 
========================================================================
Received Import Request.
  Time since last request: 0.000021 seconds.
  path: Assets/NewCreativeModels/prefab_sekerler/sariseker.prefab
  artifactKey: Guid(5d1b6f1216156e54f94cbf8f512a9a74) Importer(815301076,1909f56bfc062723c751e8b465ee728b)
Start importing Assets/NewCreativeModels/prefab_sekerler/sariseker.prefab using Guid(5d1b6f1216156e54f94cbf8f512a9a74) Importer(815301076,1909f56bfc062723c751e8b465ee728b)  -> (artifact id: 'da1a5fbf2540d3e6a111ee8706e8e5f3') in 0.012070 seconds 
========================================================================
Received Import Request.
  Time since last request: 13.734643 seconds.
  path: Assets/mighty_handful/Hyper-Casual Characters (28 BodyTypes)/Prefabs/Body Type 2.prefab
  artifactKey: Guid(18197fe9f2d8447acb440d64d40a87bb) Importer(815301076,1909f56bfc062723c751e8b465ee728b)
Start importing Assets/mighty_handful/Hyper-Casual Characters (28 BodyTypes)/Prefabs/Body Type 2.prefab using Guid(18197fe9f2d8447acb440d64d40a87bb) Importer(815301076,1909f56bfc062723c751e8b465ee728b)  -> (artifact id: '8f0a4c2031fcdb4fb46ee15975b80041') in 0.033323 seconds 
========================================================================
Received Import Request.
  Time since last request: 0.000016 seconds.
  path: Assets/mighty_handful/Hyper-Casual Characters (28 BodyTypes)/Prefabs/Body Type 4.prefab
  artifactKey: Guid(bf42f0ad7a63640f283f151f61de301f) Importer(815301076,1909f56bfc062723c751e8b465ee728b)
Start importing Assets/mighty_handful/Hyper-Casual Characters (28 BodyTypes)/Prefabs/Body Type 4.prefab using Guid(bf42f0ad7a63640f283f151f61de301f) Importer(815301076,1909f56bfc062723c751e8b465ee728b)  -> (artifact id: 'fb23bd5e7c73327c781537d425e6e7e7') in 0.012428 seconds 
========================================================================
Received Import Request.
  Time since last request: 0.000015 seconds.
  path: Assets/mighty_handful/Hyper-Casual Characters (28 BodyTypes)/Prefabs/Body Type 7.prefab
  artifactKey: Guid(3200caa45e19744a3bf3edfe501243a5) Importer(815301076,1909f56bfc062723c751e8b465ee728b)
Start importing Assets/mighty_handful/Hyper-Casual Characters (28 BodyTypes)/Prefabs/Body Type 7.prefab using Guid(3200caa45e19744a3bf3edfe501243a5) Importer(815301076,1909f56bfc062723c751e8b465ee728b)  -> (artifact id: '4835c704494c92ee1523d63faee9f231') in 0.011085 seconds 
========================================================================
Received Import Request.
  Time since last request: 9.515249 seconds.
  path: Assets/ThirtPartyAssets/mighty_handful/Hyper-Casual Characters (28 BodyTypes)/Prefabs/Body Type 10_1.prefab
  artifactKey: Guid(8abf8b3cd721648f698514a014121022) Importer(815301076,1909f56bfc062723c751e8b465ee728b)
Start importing Assets/ThirtPartyAssets/mighty_handful/Hyper-Casual Characters (28 BodyTypes)/Prefabs/Body Type 10_1.prefab using Guid(8abf8b3cd721648f698514a014121022) Importer(815301076,1909f56bfc062723c751e8b465ee728b)  -> (artifact id: '569771f9ecc3fd9b9315de129f08b03b') in 0.010101 seconds 
========================================================================
Received Import Request.
  Time since last request: 0.754299 seconds.
  path: Assets/ThirtPartyAssets/mighty_handful/Hyper-Casual Characters (28 BodyTypes)/Prefabs/Body Type 12.prefab
  artifactKey: Guid(23d6ddb09ca264ff3a4ee1d50aa97ea3) Importer(815301076,1909f56bfc062723c751e8b465ee728b)
Start importing Assets/ThirtPartyAssets/mighty_handful/Hyper-Casual Characters (28 BodyTypes)/Prefabs/Body Type 12.prefab using Guid(23d6ddb09ca264ff3a4ee1d50aa97ea3) Importer(815301076,1909f56bfc062723c751e8b465ee728b)  -> (artifact id: '8efec7b692ea3ed7f45cff76d6a97e98') in 0.010334 seconds 
========================================================================
Received Import Request.
  Time since last request: 1.612077 seconds.
  path: Assets/ThirtPartyAssets/mighty_handful/Hyper-Casual Characters (28 BodyTypes)/Prefabs/Body Type 14.prefab
  artifactKey: Guid(77dd00955f24648a4b171a49aa0a9b16) Importer(815301076,1909f56bfc062723c751e8b465ee728b)
Start importing Assets/ThirtPartyAssets/mighty_handful/Hyper-Casual Characters (28 BodyTypes)/Prefabs/Body Type 14.prefab using Guid(77dd00955f24648a4b171a49aa0a9b16) Importer(815301076,1909f56bfc062723c751e8b465ee728b)  -> (artifact id: 'cb636c84b6a104b9c698901d63fb3ede') in 0.012688 seconds 
========================================================================
Received Import Request.
  Time since last request: 0.040195 seconds.
  path: Assets/ThirtPartyAssets/mighty_handful/Hyper-Casual Characters (28 BodyTypes)/Prefabs/Body Type 16.prefab
  artifactKey: Guid(d6766afe333af4d679570807482938f8) Importer(815301076,1909f56bfc062723c751e8b465ee728b)
Start importing Assets/ThirtPartyAssets/mighty_handful/Hyper-Casual Characters (28 BodyTypes)/Prefabs/Body Type 16.prefab using Guid(d6766afe333af4d679570807482938f8) Importer(815301076,1909f56bfc062723c751e8b465ee728b)  -> (artifact id: 'ce89f7c96474ce7ada4fe3eb68496129') in 0.009801 seconds 
========================================================================
Received Import Request.
  Time since last request: 0.016106 seconds.
  path: Assets/ThirtPartyAssets/mighty_handful/Hyper-Casual Characters (28 BodyTypes)/Prefabs/Body Type 17.prefab
  artifactKey: Guid(522b48afe110447e8b6c11906f9c1c7d) Importer(815301076,1909f56bfc062723c751e8b465ee728b)
Start importing Assets/ThirtPartyAssets/mighty_handful/Hyper-Casual Characters (28 BodyTypes)/Prefabs/Body Type 17.prefab using Guid(522b48afe110447e8b6c11906f9c1c7d) Importer(815301076,1909f56bfc062723c751e8b465ee728b)  -> (artifact id: '170ee26202c2ca24efb8ae79055c155f') in 0.009625 seconds 
========================================================================
Received Import Request.
  Time since last request: 0.930353 seconds.
  path: Assets/ThirtPartyAssets/mighty_handful/Hyper-Casual Characters (28 BodyTypes)/Prefabs/Body Type 19.prefab
  artifactKey: Guid(d66a40e76d86243fcab78434db709366) Importer(815301076,1909f56bfc062723c751e8b465ee728b)
Start importing Assets/ThirtPartyAssets/mighty_handful/Hyper-Casual Characters (28 BodyTypes)/Prefabs/Body Type 19.prefab using Guid(d66a40e76d86243fcab78434db709366) Importer(815301076,1909f56bfc062723c751e8b465ee728b)  -> (artifact id: '7d59505606e3a212b97dea3511da8afb') in 0.011201 seconds 
========================================================================
Received Import Request.
  Time since last request: 0.026267 seconds.
  path: Assets/ThirtPartyAssets/mighty_handful/Hyper-Casual Characters (28 BodyTypes)/Prefabs/Body Type 21.prefab
  artifactKey: Guid(ed490fed58813441b92cc21b960276a8) Importer(815301076,1909f56bfc062723c751e8b465ee728b)
Start importing Assets/ThirtPartyAssets/mighty_handful/Hyper-Casual Characters (28 BodyTypes)/Prefabs/Body Type 21.prefab using Guid(ed490fed58813441b92cc21b960276a8) Importer(815301076,1909f56bfc062723c751e8b465ee728b)  -> (artifact id: 'c5dad075a0ced9a6f570f3a25b2958ba') in 0.009182 seconds 
========================================================================
Received Import Request.
  Time since last request: 0.958946 seconds.
  path: Assets/ThirtPartyAssets/mighty_handful/Hyper-Casual Characters (28 BodyTypes)/Prefabs/Body Type 23.prefab
  artifactKey: Guid(efda4c6f2649642d5ababc9e983b99b6) Importer(815301076,1909f56bfc062723c751e8b465ee728b)
Start importing Assets/ThirtPartyAssets/mighty_handful/Hyper-Casual Characters (28 BodyTypes)/Prefabs/Body Type 23.prefab using Guid(efda4c6f2649642d5ababc9e983b99b6) Importer(815301076,1909f56bfc062723c751e8b465ee728b)  -> (artifact id: 'de2705e2d8a3e1d5c42681e91e8e62ea') in 0.010368 seconds 
========================================================================
Received Import Request.
  Time since last request: 0.462421 seconds.
  path: Assets/ThirtPartyAssets/mighty_handful/Hyper-Casual Characters (28 BodyTypes)/Prefabs/Body Type 25.prefab
  artifactKey: Guid(9561f8d33423a4977992b0a71350e4b5) Importer(815301076,1909f56bfc062723c751e8b465ee728b)
Start importing Assets/ThirtPartyAssets/mighty_handful/Hyper-Casual Characters (28 BodyTypes)/Prefabs/Body Type 25.prefab using Guid(9561f8d33423a4977992b0a71350e4b5) Importer(815301076,1909f56bfc062723c751e8b465ee728b)  -> (artifact id: '2a65fb41b883faca728a5ccf03ea3bf9') in 0.008699 seconds 
========================================================================
Received Prepare
Registering precompiled user dll's ...
Registered in 0.005409 seconds.
Begin MonoManager ReloadAssembly
Symbol file LoadedFromMemory doesn't match image D:\Underground_Hole_Clone\Underground_Hole\Library\PackageCache\com.unity.visualscripting@1.8.0\Editor\VisualScripting.Core\Dependencies\YamlDotNet\Unity.VisualScripting.YamlDotNet.dll
Symbol file LoadedFromMemory doesn't match image D:\Underground_Hole_Clone\Underground_Hole\Library\PackageCache\com.unity.visualscripting@1.8.0\Editor\VisualScripting.Core\Dependencies\DotNetZip\Unity.VisualScripting.IonicZip.dll
Native extension for UWP target not found
Native extension for WindowsStandalone target not found
Native extension for iOS target not found
Native extension for Android target not found
Refreshing native plugins compatible for Editor in 1.44 ms, found 3 plugins.
Preloading 0 native plugins for Editor in 0.00 ms.
Mono: successfully reloaded assembly
- Completed reload, in  0.812 seconds
Domain Reload Profiling:
	ReloadAssembly (812ms)
		BeginReloadAssembly (132ms)
			ExecutionOrderSort (0ms)
			DisableScriptedObjects (3ms)
			BackupInstance (0ms)
			ReleaseScriptingObjects (0ms)
			CreateAndSetChildDomain (38ms)
		EndReloadAssembly (593ms)
			LoadAssemblies (88ms)
			RebuildTransferFunctionScriptingTraits (0ms)
			SetupTypeCache (209ms)
			ReleaseScriptCaches (1ms)
			RebuildScriptCaches (38ms)
			SetupLoadedEditorAssemblies (237ms)
				LogAssemblyErrors (0ms)
				InitializePlatformSupportModulesInManaged (25ms)
				SetLoadedEditorAssemblies (0ms)
				RefreshPlugins (1ms)
				BeforeProcessingInitializeOnLoad (48ms)
				ProcessInitializeOnLoadAttributes (138ms)
				ProcessInitializeOnLoadMethodAttributes (16ms)
				AfterProcessingInitializeOnLoad (9ms)
				EditorAssembliesLoaded (0ms)
			ExecutionOrderSort2 (0ms)
			AwakeInstancesAfterBackupRestoration (4ms)
Platform modules already initialized, skipping
Refreshing native plugins compatible for Editor in 3.07 ms, found 3 plugins.
Preloading 0 native plugins for Editor in 0.00 ms.
Unloading 3224 Unused Serialized files (Serialized files now loaded: 0)
Unloading 110 unused Assets / (22.6 MB). Loaded Objects now: 3692.
Memory consumption went from 168.9 MB to 146.3 MB.
Total: 11.107300 ms (FindLiveObjects: 0.334500 ms CreateObjectMapping: 0.069500 ms MarkObjects: 2.455300 ms  DeleteObjects: 8.247100 ms)

AssetImportParameters requested are different than current active one (requested -> active):
  custom:video-decoder-ogg-theora: a1e56fd34408186e4bbccfd4996cb3dc -> 
  custom:container-muxer-webm: aa71ff27fc2769a1b78a27578f13a17b -> 
  custom:container-demuxer-webm: 4f35f7cbe854078d1ac9338744f61a02 -> 
  custom:video-encoder-webm-vp8: eb34c28f22e8b96e1ab97ce403110664 -> 
  custom:audio-encoder-webm-vorbis: bf7c407c2cedff20999df2af8eb42d56 -> 
  custom:framework-win-MediaFoundation: 216162199b28c13a410421893ffa2e32 -> 
  custom:container-demuxer-ogg: 62fdf1f143b41e24485cea50d1cbac27 -> 
  custom:video-decoder-webm-vp8: 9c59270c3fd7afecdb556c50c9e8de78 -> 
  custom:audio-decoder-ogg-vorbis: bf7c407c2cedff20999df2af8eb42d56 -> 
========================================================================
Received Import Request.
  Time since last request: 43.957320 seconds.
  path: Assets/Resources/DOTweenSettings.asset
  artifactKey: Guid(22b560ef044533e428cc8167dcad89ef) Importer(815301076,1909f56bfc062723c751e8b465ee728b)
Start importing Assets/Resources/DOTweenSettings.asset using Guid(22b560ef044533e428cc8167dcad89ef) Importer(815301076,1909f56bfc062723c751e8b465ee728b)  -> (artifact id: '91d0b7301c06569e0488f9e684021f34') in 0.017478 seconds 
========================================================================
Received Import Request.
  Time since last request: 21.123463 seconds.
  path: Assets/Art/Images/Collectable_png/collectable_png1/plastik.png
  artifactKey: Guid(d5d260633ee6797428f97880592431ac) Importer(815301076,1909f56bfc062723c751e8b465ee728b)
Start importing Assets/Art/Images/Collectable_png/collectable_png1/plastik.png using Guid(d5d260633ee6797428f97880592431ac) Importer(815301076,1909f56bfc062723c751e8b465ee728b)  -> (artifact id: 'ca150e8440fef97fec42bc41b6d3dff9') in 0.068488 seconds 
========================================================================
Received Import Request.
  Time since last request: 0.000017 seconds.
  path: Assets/Art/Images/Collectable_png/collectable_png1/tahta.png
  artifactKey: Guid(7de54538178bd9b46a27653afd971049) Importer(815301076,1909f56bfc062723c751e8b465ee728b)
Start importing Assets/Art/Images/Collectable_png/collectable_png1/tahta.png using Guid(7de54538178bd9b46a27653afd971049) Importer(815301076,1909f56bfc062723c751e8b465ee728b)  -> (artifact id: '138173a4f07ccefff0d29d6cf630fdfe') in 0.022542 seconds 
========================================================================
Received Import Request.
  Time since last request: 6.634870 seconds.
  path: Assets/Art/Images/Collectable_png/collectable_png1/demir.png
  artifactKey: Guid(6692de9411c18a04ea7fa035034ebf8f) Importer(815301076,1909f56bfc062723c751e8b465ee728b)
Start importing Assets/Art/Images/Collectable_png/collectable_png1/demir.png using Guid(6692de9411c18a04ea7fa035034ebf8f) Importer(815301076,1909f56bfc062723c751e8b465ee728b)  -> (artifact id: '870b88fa2fe6e1504ecf4230bf69b786') in 0.186576 seconds 
========================================================================
Received Import Request.
  Time since last request: 1.186965 seconds.
  path: Assets/Art/Images/Collectable_png/collectable_png2/gumus.png
  artifactKey: Guid(91f02cff22290704290d413e540a58ad) Importer(815301076,1909f56bfc062723c751e8b465ee728b)
Start importing Assets/Art/Images/Collectable_png/collectable_png2/gumus.png using Guid(91f02cff22290704290d413e540a58ad) Importer(815301076,1909f56bfc062723c751e8b465ee728b)  -> (artifact id: '2461d5d924b6a4865de8c14dc9fba6c6') in 0.030245 seconds 
========================================================================
Received Import Request.
  Time since last request: 0.000027 seconds.
  path: Assets/Art/Images/Collectable_png/collectable_png2/para.png
  artifactKey: Guid(7dca7c229f75e204aae42368693c7e03) Importer(815301076,1909f56bfc062723c751e8b465ee728b)
Start importing Assets/Art/Images/Collectable_png/collectable_png2/para.png using Guid(7dca7c229f75e204aae42368693c7e03) Importer(815301076,1909f56bfc062723c751e8b465ee728b)  -> (artifact id: 'b8ef75e7719d40ac7ef11d12074bae9f') in 0.016625 seconds 
========================================================================
Received Import Request.
  Time since last request: 4.349327 seconds.
  path: Assets/Art/Images/Collectable_png/collectable_png2/altin.png
  artifactKey: Guid(0dd89afeadebf75458e2a58779dbac62) Importer(815301076,1909f56bfc062723c751e8b465ee728b)
Start importing Assets/Art/Images/Collectable_png/collectable_png2/altin.png using Guid(0dd89afeadebf75458e2a58779dbac62) Importer(815301076,1909f56bfc062723c751e8b465ee728b)  -> (artifact id: 'c61da11cf631f6e2f82b562db534474a') in 0.211947 seconds 
========================================================================
Received Import Request.
  Time since last request: 0.000016 seconds.
  path: Assets/Art/Images/Collectable_png/collectable_png2/para.png
  artifactKey: Guid(7dca7c229f75e204aae42368693c7e03) Importer(815301076,1909f56bfc062723c751e8b465ee728b)
Start importing Assets/Art/Images/Collectable_png/collectable_png2/para.png using Guid(7dca7c229f75e204aae42368693c7e03) Importer(815301076,1909f56bfc062723c751e8b465ee728b)  -> (artifact id: 'f8b9355b3f81889f1ee279bd1904a686') in 0.158075 seconds 
========================================================================
Received Import Request.
  Time since last request: 1.544708 seconds.
  path: Assets/Art/Images/Collectable_png/collectable_png3/odun.png
  artifactKey: Guid(a430e8ae65539da49a8cd9d47ed20968) Importer(815301076,1909f56bfc062723c751e8b465ee728b)
Start importing Assets/Art/Images/Collectable_png/collectable_png3/odun.png using Guid(a430e8ae65539da49a8cd9d47ed20968) Importer(815301076,1909f56bfc062723c751e8b465ee728b)  -> (artifact id: '2a77e3243ed2e1554f3aa0d8ce7ef8bf') in 0.019758 seconds 
========================================================================
Received Import Request.
  Time since last request: 4.548971 seconds.
  path: Assets/Art/Images/Collectable_png/collectable_png3/odun.png
  artifactKey: Guid(a430e8ae65539da49a8cd9d47ed20968) Importer(815301076,1909f56bfc062723c751e8b465ee728b)
Start importing Assets/Art/Images/Collectable_png/collectable_png3/odun.png using Guid(a430e8ae65539da49a8cd9d47ed20968) Importer(815301076,1909f56bfc062723c751e8b465ee728b)  -> (artifact id: 'b74dc2472640ae00b078f4b50de859b1') in 0.016386 seconds 
========================================================================
Received Import Request.
  Time since last request: 1.430656 seconds.
  path: Assets/Art/Images/Collectable_png/collectable_png4/2.png
  artifactKey: Guid(2cf770dd969775140b1c19250bd8ccff) Importer(815301076,1909f56bfc062723c751e8b465ee728b)
Start importing Assets/Art/Images/Collectable_png/collectable_png4/2.png using Guid(2cf770dd969775140b1c19250bd8ccff) Importer(815301076,1909f56bfc062723c751e8b465ee728b)  -> (artifact id: '45e93f9394f8f27ebc8372ebea372f61') in 0.022875 seconds 
========================================================================
Received Import Request.
  Time since last request: 0.000015 seconds.
  path: Assets/Art/Images/Collectable_png/collectable_png4/odun.png
  artifactKey: Guid(6e6c4e7b153a66d4a971763b5a733120) Importer(815301076,1909f56bfc062723c751e8b465ee728b)
Start importing Assets/Art/Images/Collectable_png/collectable_png4/odun.png using Guid(6e6c4e7b153a66d4a971763b5a733120) Importer(815301076,1909f56bfc062723c751e8b465ee728b)  -> (artifact id: '55d31084d09bad1864b94d5163e672e0') in 0.006174 seconds 
========================================================================
Received Import Request.
  Time since last request: 0.000013 seconds.
  path: Assets/Art/Images/Collectable_png/collectable_png4/5.png
  artifactKey: Guid(978a38f16a57fb54894abe4041cadeaf) Importer(815301076,1909f56bfc062723c751e8b465ee728b)
Start importing Assets/Art/Images/Collectable_png/collectable_png4/5.png using Guid(978a38f16a57fb54894abe4041cadeaf) Importer(815301076,1909f56bfc062723c751e8b465ee728b)  -> (artifact id: '9296a307a408be0755bf41a8c2cf4dba') in 0.014249 seconds 
========================================================================
Received Import Request.
  Time since last request: 0.000013 seconds.
  path: Assets/Art/Images/Collectable_png/collectable_png4/3.png
  artifactKey: Guid(fad02d2dafe3c394381ec22aaf8aefdb) Importer(815301076,1909f56bfc062723c751e8b465ee728b)
Start importing Assets/Art/Images/Collectable_png/collectable_png4/3.png using Guid(fad02d2dafe3c394381ec22aaf8aefdb) Importer(815301076,1909f56bfc062723c751e8b465ee728b)  -> (artifact id: 'b5634d34df802ef352dba360ec1f678a') in 0.007775 seconds 
========================================================================
Received Import Request.
  Time since last request: 0.000013 seconds.
  path: Assets/Art/Images/Collectable_png/collectable_png4/demir.png
  artifactKey: Guid(618be10aca28345408567d138087b6c1) Importer(815301076,1909f56bfc062723c751e8b465ee728b)
Start importing Assets/Art/Images/Collectable_png/collectable_png4/demir.png using Guid(618be10aca28345408567d138087b6c1) Importer(815301076,1909f56bfc062723c751e8b465ee728b)  -> (artifact id: 'c51e0f99b813408c99693ce22c25d7fe') in 0.007293 seconds 
========================================================================
Received Import Request.
  Time since last request: 5.393554 seconds.
  path: Assets/Art/Images/Collectable_png/collectable_png4/6.png
  artifactKey: Guid(a808d4ec2ea1d6f419378e3ead2bea21) Importer(815301076,1909f56bfc062723c751e8b465ee728b)
Start importing Assets/Art/Images/Collectable_png/collectable_png4/6.png using Guid(a808d4ec2ea1d6f419378e3ead2bea21) Importer(815301076,1909f56bfc062723c751e8b465ee728b)  -> (artifact id: 'ae40713d593846a8488641bb44e8a3a8') in 0.015012 seconds 
========================================================================
Received Import Request.
  Time since last request: 0.000018 seconds.
  path: Assets/Art/Images/Collectable_png/collectable_png4/odun.png
  artifactKey: Guid(6e6c4e7b153a66d4a971763b5a733120) Importer(815301076,1909f56bfc062723c751e8b465ee728b)
Start importing Assets/Art/Images/Collectable_png/collectable_png4/odun.png using Guid(6e6c4e7b153a66d4a971763b5a733120) Importer(815301076,1909f56bfc062723c751e8b465ee728b)  -> (artifact id: 'f6b62b79a9edef89b41d33eb0195f98a') in 0.014645 seconds 
========================================================================
Received Import Request.
  Time since last request: 0.000018 seconds.
  path: Assets/Art/Images/Collectable_png/collectable_png4/demir.png
  artifactKey: Guid(618be10aca28345408567d138087b6c1) Importer(815301076,1909f56bfc062723c751e8b465ee728b)
Start importing Assets/Art/Images/Collectable_png/collectable_png4/demir.png using Guid(618be10aca28345408567d138087b6c1) Importer(815301076,1909f56bfc062723c751e8b465ee728b)  -> (artifact id: '086703896e6c10af3b05dbf56a308c84') in 0.023999 seconds 
========================================================================
Received Import Request.
  Time since last request: 2.354371 seconds.
  path: Assets/Art/Images/Collectable_png/collectable_png5/donut/donut2.png
  artifactKey: Guid(06afecc0a801a694fa9a985f109751a5) Importer(815301076,1909f56bfc062723c751e8b465ee728b)
Start importing Assets/Art/Images/Collectable_png/collectable_png5/donut/donut2.png using Guid(06afecc0a801a694fa9a985f109751a5) Importer(815301076,1909f56bfc062723c751e8b465ee728b)  -> (artifact id: '2310b0eccf3ba739f0892fe5bf6292bc') in 0.022079 seconds 
========================================================================
Received Import Request.
  Time since last request: 4.221209 seconds.
  path: Assets/Art/Images/Collectable_png/collectable_png5/donut/donut2.png
  artifactKey: Guid(06afecc0a801a694fa9a985f109751a5) Importer(815301076,1909f56bfc062723c751e8b465ee728b)
Start importing Assets/Art/Images/Collectable_png/collectable_png5/donut/donut2.png using Guid(06afecc0a801a694fa9a985f109751a5) Importer(815301076,1909f56bfc062723c751e8b465ee728b)  -> (artifact id: 'c39115dce387bb9d06c0478644fdaa71') in 0.016764 seconds 
========================================================================
Received Import Request.
  Time since last request: 2.745053 seconds.
  path: Assets/Art/Images/Collectable_png/collectable_png6/elmaslar/mavi.png
  artifactKey: Guid(82d4405d1845f43468bbb07404dc812e) Importer(815301076,1909f56bfc062723c751e8b465ee728b)
Start importing Assets/Art/Images/Collectable_png/collectable_png6/elmaslar/mavi.png using Guid(82d4405d1845f43468bbb07404dc812e) Importer(815301076,1909f56bfc062723c751e8b465ee728b)  -> (artifact id: 'a50973ed20b213a56900d2af48604647') in 0.014886 seconds 
========================================================================
Received Import Request.
  Time since last request: 4.570678 seconds.
  path: Assets/Art/Images/Collectable_png/collectable_png6/elmaslar/kirmizi.png
  artifactKey: Guid(7eb5fd80029fd094689a505e76e9248b) Importer(815301076,1909f56bfc062723c751e8b465ee728b)
Start importing Assets/Art/Images/Collectable_png/collectable_png6/elmaslar/kirmizi.png using Guid(7eb5fd80029fd094689a505e76e9248b) Importer(815301076,1909f56bfc062723c751e8b465ee728b)  -> (artifact id: '0139754af14e1bbae1bda827f6b2df85') in 0.145834 seconds 
========================================================================
Received Import Request.
  Time since last request: 4.310098 seconds.
  path: Assets/Art/Material/M_Coffe/Material.062.mat
  artifactKey: Guid(a84068afa91de9f478b5c4d063d343a8) Importer(815301076,1909f56bfc062723c751e8b465ee728b)
Start importing Assets/Art/Material/M_Coffe/Material.062.mat using Guid(a84068afa91de9f478b5c4d063d343a8) Importer(815301076,1909f56bfc062723c751e8b465ee728b)  -> (artifact id: '11f6634788bb25e789a632e7fd73d3c4') in 0.094148 seconds 
========================================================================
Received Import Request.
  Time since last request: 0.000014 seconds.
  path: Assets/Art/Material/M_Coffe/Material.067.mat
  artifactKey: Guid(1e8d56100e0865547b9dbbaced6b179a) Importer(815301076,1909f56bfc062723c751e8b465ee728b)
Start importing Assets/Art/Material/M_Coffe/Material.067.mat using Guid(1e8d56100e0865547b9dbbaced6b179a) Importer(815301076,1909f56bfc062723c751e8b465ee728b)  -> (artifact id: '90fb6f31c5e0b1688de573a40668f76d') in 0.007999 seconds 
========================================================================
Received Import Request.
  Time since last request: 0.682976 seconds.
  path: Assets/Art/Material/M_dondurma/Material.002.mat
  artifactKey: Guid(471a25665988156458fd09e423bc15f2) Importer(815301076,1909f56bfc062723c751e8b465ee728b)
Start importing Assets/Art/Material/M_dondurma/Material.002.mat using Guid(471a25665988156458fd09e423bc15f2) Importer(815301076,1909f56bfc062723c751e8b465ee728b)  -> (artifact id: 'c7832125c9cb3231bb77b3d673dea238') in 0.012398 seconds 
========================================================================
Received Import Request.
  Time since last request: 0.000018 seconds.
  path: Assets/Art/Material/M_dondurma/Material.010.mat
  artifactKey: Guid(3b48eb847b3ff374ab4cad2180637be6) Importer(815301076,1909f56bfc062723c751e8b465ee728b)
Start importing Assets/Art/Material/M_dondurma/Material.010.mat using Guid(3b48eb847b3ff374ab4cad2180637be6) Importer(815301076,1909f56bfc062723c751e8b465ee728b)  -> (artifact id: '59cc8840d85f77a4d88c2f7a9e1eb22e') in 0.007629 seconds 
========================================================================
Received Import Request.
  Time since last request: 0.000017 seconds.
  path: Assets/Art/Material/M_dondurma/Material.006.mat
  artifactKey: Guid(2cb5ca40b1bb9ec43986e517f1cf77b6) Importer(815301076,1909f56bfc062723c751e8b465ee728b)
Start importing Assets/Art/Material/M_dondurma/Material.006.mat using Guid(2cb5ca40b1bb9ec43986e517f1cf77b6) Importer(815301076,1909f56bfc062723c751e8b465ee728b)  -> (artifact id: 'a0baf58c4c23c79edddff3a4f93d9d98') in 0.019512 seconds 
========================================================================
Received Import Request.
  Time since last request: 0.663723 seconds.
  path: Assets/Art/Material/M_RollerCoaster/Material.103.mat
  artifactKey: Guid(179a1501a8df25f41a84ec01388ccc45) Importer(815301076,1909f56bfc062723c751e8b465ee728b)
Start importing Assets/Art/Material/M_RollerCoaster/Material.103.mat using Guid(179a1501a8df25f41a84ec01388ccc45) Importer(815301076,1909f56bfc062723c751e8b465ee728b)  -> (artifact id: 'b54a01e07886ca1eba2a0eb20f46ae02') in 0.021804 seconds 
========================================================================
Received Import Request.
  Time since last request: 0.000018 seconds.
  path: Assets/Art/Material/M_RollerCoaster/Material.108.mat
  artifactKey: Guid(b8d48377cd23bb343b518bfe75085b27) Importer(815301076,1909f56bfc062723c751e8b465ee728b)
Start importing Assets/Art/Material/M_RollerCoaster/Material.108.mat using Guid(b8d48377cd23bb343b518bfe75085b27) Importer(815301076,1909f56bfc062723c751e8b465ee728b)  -> (artifact id: '8eee0ed666a827d8dd7c6e968a65d3e5') in 0.021603 seconds 
========================================================================
Received Import Request.
  Time since last request: 14.159297 seconds.
  path: Assets/Art/Material/M_WcDonalds/Material.060.mat
  artifactKey: Guid(071f216182bb663419162a68d487231b) Importer(815301076,1909f56bfc062723c751e8b465ee728b)
Start importing Assets/Art/Material/M_WcDonalds/Material.060.mat using Guid(071f216182bb663419162a68d487231b) Importer(815301076,1909f56bfc062723c751e8b465ee728b)  -> (artifact id: 'b9eb26f868596cb53524f176218f72ac') in 0.027544 seconds 
========================================================================
Received Import Request.
  Time since last request: 0.000022 seconds.
  path: Assets/Art/Material/M_WcDonalds/Material.086.mat
  artifactKey: Guid(6fbb353c2b08cc9479fd59fe44a40271) Importer(815301076,1909f56bfc062723c751e8b465ee728b)
Start importing Assets/Art/Material/M_WcDonalds/Material.086.mat using Guid(6fbb353c2b08cc9479fd59fe44a40271) Importer(815301076,1909f56bfc062723c751e8b465ee728b)  -> (artifact id: 'e057ef90cab8ce7c7356c11f64b1907d') in 0.009863 seconds 
========================================================================
Received Import Request.
  Time since last request: 0.000027 seconds.
  path: Assets/Art/Material/M_WcDonalds/Material.090.mat
  artifactKey: Guid(8d9ebad84043da64e9048dfd542400c6) Importer(815301076,1909f56bfc062723c751e8b465ee728b)
Start importing Assets/Art/Material/M_WcDonalds/Material.090.mat using Guid(8d9ebad84043da64e9048dfd542400c6) Importer(815301076,1909f56bfc062723c751e8b465ee728b)  -> (artifact id: 'f4c5440142f30c115ad0491dcf8eca57') in 0.010662 seconds 
========================================================================
Received Import Request.
  Time since last request: 0.000019 seconds.
  path: Assets/Art/Material/M_WcDonalds/Material.087.mat
  artifactKey: Guid(6a0fe7552931fc0449553728131aa1ce) Importer(815301076,1909f56bfc062723c751e8b465ee728b)
Start importing Assets/Art/Material/M_WcDonalds/Material.087.mat using Guid(6a0fe7552931fc0449553728131aa1ce) Importer(815301076,1909f56bfc062723c751e8b465ee728b)  -> (artifact id: '66bdd4d18afebf83e2a1cde9d6670eda') in 0.011915 seconds 
========================================================================
Received Import Request.
  Time since last request: 1.829108 seconds.
  path: Assets/Art/Material/M_WcDonalds/Material.096.mat
  artifactKey: Guid(2a66b7e8216879547962b98bda343db3) Importer(815301076,1909f56bfc062723c751e8b465ee728b)
Start importing Assets/Art/Material/M_WcDonalds/Material.096.mat using Guid(2a66b7e8216879547962b98bda343db3) Importer(815301076,1909f56bfc062723c751e8b465ee728b)  -> (artifact id: '5d10a1faa46c174ba19164445741e088') in 0.013133 seconds 
========================================================================
Received Import Request.
  Time since last request: 0.039613 seconds.
  path: Assets/Art/Material/M_WcDonalds/Material.098.mat
  artifactKey: Guid(e1591bf1d34b94e418809c6e191016d2) Importer(815301076,1909f56bfc062723c751e8b465ee728b)
Start importing Assets/Art/Material/M_WcDonalds/Material.098.mat using Guid(e1591bf1d34b94e418809c6e191016d2) Importer(815301076,1909f56bfc062723c751e8b465ee728b)  -> (artifact id: '7bc37c8db8c0832c659a12c0619176a6') in 0.010367 seconds 
========================================================================
Received Import Request.
  Time since last request: 0.022964 seconds.
  path: Assets/Art/Material/M_WcDonalds/SVGMat.005.mat
  artifactKey: Guid(945084842bc27db4299228a88fee6198) Importer(815301076,1909f56bfc062723c751e8b465ee728b)
Start importing Assets/Art/Material/M_WcDonalds/SVGMat.005.mat using Guid(945084842bc27db4299228a88fee6198) Importer(815301076,1909f56bfc062723c751e8b465ee728b)  -> (artifact id: '9e0cf4c3cbcb491388943d0a6e7507b5') in 0.009851 seconds 
========================================================================
Received Import Request.
  Time since last request: 9.919359 seconds.
  path: Assets/Art/Models/Creative_Model/fastFood/burger/pizza.fbx
  artifactKey: Guid(a37305e9306f1dc489fc15727d98ea2e) Importer(815301076,1909f56bfc062723c751e8b465ee728b)
Start importing Assets/Art/Models/Creative_Model/fastFood/burger/pizza.fbx using Guid(a37305e9306f1dc489fc15727d98ea2e) Importer(815301076,1909f56bfc062723c751e8b465ee728b)  -> (artifact id: '4196d05f4e2465db84e6bedf68f40ba6') in 0.058176 seconds 
Editor requested this worker to shutdown with reason: Scaling down because of idle timeout
AssetImportWorker is now disconnected from the server
Process exiting
Exiting without the bug reporter. Application will terminate with return code 0